[0.515s] Invoking command in '/home/kyrgios/ros2ws/src/robocon_camera': PYTHONPATH=/home/kyrgios/ros2ws/build/robocon_camera/prefix_override:/usr/lib/python3/dist-packages/colcon_core/task/python/colcon_distutils_commands:/home/kyrgios/ros2ws/install/robocon_camera/lib/python3.10/site-packages:${PYTHONPATH} /usr/bin/python3 -W ignore:setup.py install is deprecated -W ignore:easy_install command is deprecated setup.py egg_info --egg-base ../../build/robocon_camera build --build-base /home/kyrgios/ros2ws/build/robocon_camera/build install --record /home/kyrgios/ros2ws/build/robocon_camera/install.log --single-version-externally-managed install_data
[0.690s] running egg_info
[0.690s] writing ../../build/robocon_camera/robocon_camera.egg-info/PKG-INFO
[0.690s] writing dependency_links to ../../build/robocon_camera/robocon_camera.egg-info/dependency_links.txt
[0.691s] writing entry points to ../../build/robocon_camera/robocon_camera.egg-info/entry_points.txt
[0.691s] writing requirements to ../../build/robocon_camera/robocon_camera.egg-info/requires.txt
[0.691s] writing top-level names to ../../build/robocon_camera/robocon_camera.egg-info/top_level.txt
[0.692s] reading manifest file '../../build/robocon_camera/robocon_camera.egg-info/SOURCES.txt'
[0.692s] writing manifest file '../../build/robocon_camera/robocon_camera.egg-info/SOURCES.txt'
[0.693s] running build
[0.693s] running build_py
[0.693s] running install
[0.693s] running install_lib
[0.695s] running install_data
[0.695s] creating /home/kyrgios/ros2ws/install/robocon_camera/share/robocon_camera/launch
[0.695s] running install_egg_info
[0.696s] removing '/home/kyrgios/ros2ws/install/robocon_camera/lib/python3.10/site-packages/robocon_camera-0.0.0-py3.10.egg-info' (and everything under it)
[0.697s] Copying ../../build/robocon_camera/robocon_camera.egg-info to /home/kyrgios/ros2ws/install/robocon_camera/lib/python3.10/site-packages/robocon_camera-0.0.0-py3.10.egg-info
[0.697s] running install_scripts
[0.714s] Installing serv script to /home/kyrgios/ros2ws/install/robocon_camera/lib/robocon_camera
[0.714s] Installing talker script to /home/kyrgios/ros2ws/install/robocon_camera/lib/robocon_camera
[0.714s] writing list of installed files to '/home/kyrgios/ros2ws/build/robocon_camera/install.log'
[0.744s] Invoked command in '/home/kyrgios/ros2ws/src/robocon_camera' returned '0': PYTHONPATH=/home/kyrgios/ros2ws/build/robocon_camera/prefix_override:/usr/lib/python3/dist-packages/colcon_core/task/python/colcon_distutils_commands:/home/kyrgios/ros2ws/install/robocon_camera/lib/python3.10/site-packages:${PYTHONPATH} /usr/bin/python3 -W ignore:setup.py install is deprecated -W ignore:easy_install command is deprecated setup.py egg_info --egg-base ../../build/robocon_camera build --build-base /home/kyrgios/ros2ws/build/robocon_camera/build install --record /home/kyrgios/ros2ws/build/robocon_camera/install.log --single-version-externally-managed install_data
