[35m[1mConsolidate compiler generated dependencies of target listener[0m
[ 50%] Built target talker
[ 75%] [32mBuilding CXX object CMakeFiles/listener.dir/src/cppsub.cpp.o[0m
[100%] [32m[1mLinking CXX executable listener[0m
[100%] Built target listener
-- Install configuration: ""
-- Installing: /home/kyrgios/ros2ws/install/cpp_pubsub/lib/cpp_pubsub/talker
-- Set runtime path of "/home/kyrgios/ros2ws/install/cpp_pubsub/lib/cpp_pubsub/talker" to ""
-- Installing: /home/kyrgios/ros2ws/install/cpp_pubsub/lib/cpp_pubsub/listener
-- Set runtime path of "/home/kyrgios/ros2ws/install/cpp_pubsub/lib/cpp_pubsub/listener" to ""
-- Installing: /home/kyrgios/ros2ws/install/cpp_pubsub/share/ament_index/resource_index/package_run_dependencies/cpp_pubsub
-- Installing: /home/kyrgios/ros2ws/install/cpp_pubsub/share/ament_index/resource_index/parent_prefix_path/cpp_pubsub
-- Installing: /home/kyrgios/ros2ws/install/cpp_pubsub/share/cpp_pubsub/environment/ament_prefix_path.sh
-- Installing: /home/kyrgios/ros2ws/install/cpp_pubsub/share/cpp_pubsub/environment/ament_prefix_path.dsv
-- Installing: /home/kyrgios/ros2ws/install/cpp_pubsub/share/cpp_pubsub/environment/path.sh
-- Installing: /home/kyrgios/ros2ws/install/cpp_pubsub/share/cpp_pubsub/environment/path.dsv
-- Installing: /home/kyrgios/ros2ws/install/cpp_pubsub/share/cpp_pubsub/local_setup.bash
-- Installing: /home/kyrgios/ros2ws/install/cpp_pubsub/share/cpp_pubsub/local_setup.sh
-- Installing: /home/kyrgios/ros2ws/install/cpp_pubsub/share/cpp_pubsub/local_setup.zsh
-- Installing: /home/kyrgios/ros2ws/install/cpp_pubsub/share/cpp_pubsub/local_setup.dsv
-- Installing: /home/kyrgios/ros2ws/install/cpp_pubsub/share/cpp_pubsub/package.dsv
-- Installing: /home/kyrgios/ros2ws/install/cpp_pubsub/share/ament_index/resource_index/packages/cpp_pubsub
-- Installing: /home/kyrgios/ros2ws/install/cpp_pubsub/share/cpp_pubsub/cmake/cpp_pubsubConfig.cmake
-- Installing: /home/kyrgios/ros2ws/install/cpp_pubsub/share/cpp_pubsub/cmake/cpp_pubsubConfig-version.cmake
-- Installing: /home/kyrgios/ros2ws/install/cpp_pubsub/share/cpp_pubsub/package.xml
