[0.014s] Invoking command in '/home/kyrgios/ros2ws/build/cpp_pubsub': CMAKE_PREFIX_PATH=${CMAKE_PREFIX_PATH}:/opt/ros/humble /usr/bin/cmake --build /home/kyrgios/ros2ws/build/cpp_pubsub -- -j12 -l12
[0.064s] [35m[1mConsolidate compiler generated dependencies of target listener[0m
[0.081s] [ 50%] Built target talker
[0.086s] [ 75%] [32mBuilding CXX object CMakeFiles/listener.dir/src/cppsub.cpp.o[0m
[6.606s] [100%] [32m[1mLinking CXX executable listener[0m
[6.899s] [100%] Built target listener
[6.911s] Invoked command in '/home/kyrgios/ros2ws/build/cpp_pubsub' returned '0': CMAKE_PREFIX_PATH=${CMAKE_PREFIX_PATH}:/opt/ros/humble /usr/bin/cmake --build /home/kyrgios/ros2ws/build/cpp_pubsub -- -j12 -l12
[6.921s] Invoking command in '/home/kyrgios/ros2ws/build/cpp_pubsub': CMAKE_PREFIX_PATH=${CMAKE_PREFIX_PATH}:/opt/ros/humble /usr/bin/cmake --install /home/kyrgios/ros2ws/build/cpp_pubsub
[6.929s] -- Install configuration: ""
[6.929s] -- Installing: /home/kyrgios/ros2ws/install/cpp_pubsub/lib/cpp_pubsub/talker
[6.930s] -- Set runtime path of "/home/kyrgios/ros2ws/install/cpp_pubsub/lib/cpp_pubsub/talker" to ""
[6.931s] -- Installing: /home/kyrgios/ros2ws/install/cpp_pubsub/lib/cpp_pubsub/listener
[6.934s] -- Set runtime path of "/home/kyrgios/ros2ws/install/cpp_pubsub/lib/cpp_pubsub/listener" to ""
[6.934s] -- Installing: /home/kyrgios/ros2ws/install/cpp_pubsub/share/ament_index/resource_index/package_run_dependencies/cpp_pubsub
[6.934s] -- Installing: /home/kyrgios/ros2ws/install/cpp_pubsub/share/ament_index/resource_index/parent_prefix_path/cpp_pubsub
[6.934s] -- Installing: /home/kyrgios/ros2ws/install/cpp_pubsub/share/cpp_pubsub/environment/ament_prefix_path.sh
[6.934s] -- Installing: /home/kyrgios/ros2ws/install/cpp_pubsub/share/cpp_pubsub/environment/ament_prefix_path.dsv
[6.935s] -- Installing: /home/kyrgios/ros2ws/install/cpp_pubsub/share/cpp_pubsub/environment/path.sh
[6.935s] -- Installing: /home/kyrgios/ros2ws/install/cpp_pubsub/share/cpp_pubsub/environment/path.dsv
[6.935s] -- Installing: /home/kyrgios/ros2ws/install/cpp_pubsub/share/cpp_pubsub/local_setup.bash
[6.935s] -- Installing: /home/kyrgios/ros2ws/install/cpp_pubsub/share/cpp_pubsub/local_setup.sh
[6.935s] -- Installing: /home/kyrgios/ros2ws/install/cpp_pubsub/share/cpp_pubsub/local_setup.zsh
[6.935s] -- Installing: /home/kyrgios/ros2ws/install/cpp_pubsub/share/cpp_pubsub/local_setup.dsv
[6.936s] -- Installing: /home/kyrgios/ros2ws/install/cpp_pubsub/share/cpp_pubsub/package.dsv
[6.936s] -- Installing: /home/kyrgios/ros2ws/install/cpp_pubsub/share/ament_index/resource_index/packages/cpp_pubsub
[6.936s] -- Installing: /home/kyrgios/ros2ws/install/cpp_pubsub/share/cpp_pubsub/cmake/cpp_pubsubConfig.cmake
[6.936s] -- Installing: /home/kyrgios/ros2ws/install/cpp_pubsub/share/cpp_pubsub/cmake/cpp_pubsubConfig-version.cmake
[6.936s] -- Installing: /home/kyrgios/ros2ws/install/cpp_pubsub/share/cpp_pubsub/package.xml
[6.939s] Invoked command in '/home/kyrgios/ros2ws/build/cpp_pubsub' returned '0': CMAKE_PREFIX_PATH=${CMAKE_PREFIX_PATH}:/opt/ros/humble /usr/bin/cmake --install /home/kyrgios/ros2ws/build/cpp_pubsub
