[0.014s] Invoking command in '/home/kyrgios/ros2ws/build/robocon_interfaces': CMAKE_PREFIX_PATH=${CMAKE_PREFIX_PATH}:/home/kyrgios/ros2ws/install/robocon_basics:/home/kyrgios/ros2ws/install/py_pubsub:/opt/ros/humble /usr/bin/cmake --build /home/kyrgios/ros2ws/build/robocon_interfaces -- -j12 -l12
[0.062s] Invoked command in '/home/kyrgios/ros2ws/build/robocon_interfaces' returned '0': CMAKE_PREFIX_PATH=${CMAKE_PREFIX_PATH}:/home/kyrgios/ros2ws/install/robocon_basics:/home/kyrgios/ros2ws/install/py_pubsub:/opt/ros/humble /usr/bin/cmake --build /home/kyrgios/ros2ws/build/robocon_interfaces -- -j12 -l12
[0.075s] Invoking command in '/home/kyrgios/ros2ws/build/robocon_interfaces': CMAKE_PREFIX_PATH=${CMAKE_PREFIX_PATH}:/home/kyrgios/ros2ws/install/robocon_basics:/home/kyrgios/ros2ws/install/py_pubsub:/opt/ros/humble /usr/bin/cmake --install /home/kyrgios/ros2ws/build/robocon_interfaces
[0.083s] -- Install configuration: ""
[0.083s] -- Up-to-date: /home/kyrgios/ros2ws/install/robocon_interfaces/share/ament_index/resource_index/package_run_dependencies/robocon_interfaces
[0.083s] -- Up-to-date: /home/kyrgios/ros2ws/install/robocon_interfaces/share/ament_index/resource_index/parent_prefix_path/robocon_interfaces
[0.083s] -- Up-to-date: /home/kyrgios/ros2ws/install/robocon_interfaces/share/robocon_interfaces/environment/ament_prefix_path.sh
[0.083s] -- Up-to-date: /home/kyrgios/ros2ws/install/robocon_interfaces/share/robocon_interfaces/environment/ament_prefix_path.dsv
[0.084s] -- Up-to-date: /home/kyrgios/ros2ws/install/robocon_interfaces/share/robocon_interfaces/environment/path.sh
[0.084s] -- Up-to-date: /home/kyrgios/ros2ws/install/robocon_interfaces/share/robocon_interfaces/environment/path.dsv
[0.084s] -- Up-to-date: /home/kyrgios/ros2ws/install/robocon_interfaces/share/robocon_interfaces/local_setup.bash
[0.084s] -- Up-to-date: /home/kyrgios/ros2ws/install/robocon_interfaces/share/robocon_interfaces/local_setup.sh
[0.084s] -- Up-to-date: /home/kyrgios/ros2ws/install/robocon_interfaces/share/robocon_interfaces/local_setup.zsh
[0.084s] -- Up-to-date: /home/kyrgios/ros2ws/install/robocon_interfaces/share/robocon_interfaces/local_setup.dsv
[0.084s] -- Up-to-date: /home/kyrgios/ros2ws/install/robocon_interfaces/share/robocon_interfaces/package.dsv
[0.084s] -- Up-to-date: /home/kyrgios/ros2ws/install/robocon_interfaces/share/ament_index/resource_index/packages/robocon_interfaces
[0.084s] -- Up-to-date: /home/kyrgios/ros2ws/install/robocon_interfaces/share/robocon_interfaces/cmake/robocon_interfacesConfig.cmake
[0.084s] -- Up-to-date: /home/kyrgios/ros2ws/install/robocon_interfaces/share/robocon_interfaces/cmake/robocon_interfacesConfig-version.cmake
[0.084s] -- Up-to-date: /home/kyrgios/ros2ws/install/robocon_interfaces/share/robocon_interfaces/package.xml
[0.086s] Invoked command in '/home/kyrgios/ros2ws/build/robocon_interfaces' returned '0': CMAKE_PREFIX_PATH=${CMAKE_PREFIX_PATH}:/home/kyrgios/ros2ws/install/robocon_basics:/home/kyrgios/ros2ws/install/py_pubsub:/opt/ros/humble /usr/bin/cmake --install /home/kyrgios/ros2ws/build/robocon_interfaces
