[0.010s] Invoking command in '/home/kyrgios/ros2ws/build/robocon_interfaces': CMAKE_PREFIX_PATH=${CMAKE_PREFIX_PATH}:/home/kyrgios/ros2ws/install/robocon_camera:/home/kyrgios/ros2ws/install/robocon_basics:/home/kyrgios/ros2ws/install/py_pubsub:/opt/ros/humble /usr/bin/cmake --build /home/kyrgios/ros2ws/build/robocon_interfaces -- -j12 -l12
[0.051s] [35m[1mConsolidate compiler generated dependencies of target robocon_interfaces__rosidl_generator_c[0m
[0.061s] [  3%] Built target robocon_interfaces__cpp
[0.062s] [ 12%] Built target robocon_interfaces__rosidl_generator_c
[0.073s] [ 12%] Built target ament_cmake_python_copy_robocon_interfaces
[0.074s] [35m[1mConsolidate compiler generated dependencies of target robocon_interfaces__rosidl_typesupport_cpp[0m
[0.074s] [35m[1mConsolidate compiler generated dependencies of target robocon_interfaces__rosidl_typesupport_introspection_cpp[0m
[0.074s] [35m[1mConsolidate compiler generated dependencies of target robocon_interfaces__rosidl_typesupport_fastrtps_c[0m
[0.074s] [35m[1mConsolidate compiler generated dependencies of target robocon_interfaces__rosidl_typesupport_fastrtps_cpp[0m
[0.074s] [35m[1mConsolidate compiler generated dependencies of target robocon_interfaces__rosidl_typesupport_introspection_c[0m
[0.074s] [35m[1mConsolidate compiler generated dependencies of target robocon_interfaces__rosidl_typesupport_c[0m
[0.088s] [ 51%] Built target robocon_interfaces__rosidl_typesupport_cpp
[0.088s] [ 51%] Built target robocon_interfaces__rosidl_typesupport_introspection_c
[0.088s] [ 51%] Built target robocon_interfaces__rosidl_typesupport_fastrtps_cpp
[0.088s] [ 51%] Built target robocon_interfaces__rosidl_typesupport_c
[0.088s] [ 61%] Built target robocon_interfaces__rosidl_typesupport_introspection_cpp
[0.090s] [ 70%] Built target robocon_interfaces__rosidl_typesupport_fastrtps_c
[0.113s] [ 70%] Built target robocon_interfaces
[0.137s] [ 74%] Built target robocon_interfaces__py
[0.150s] [35m[1mConsolidate compiler generated dependencies of target robocon_interfaces__rosidl_generator_py[0m
[0.165s] [ 80%] Built target robocon_interfaces__rosidl_generator_py
[0.177s] [35m[1mConsolidate compiler generated dependencies of target robocon_interfaces__rosidl_typesupport_fastrtps_c__pyext[0m
[0.177s] [35m[1mConsolidate compiler generated dependencies of target robocon_interfaces__rosidl_typesupport_c__pyext[0m
[0.177s] [35m[1mConsolidate compiler generated dependencies of target robocon_interfaces__rosidl_typesupport_introspection_c__pyext[0m
[0.190s] [100%] Built target robocon_interfaces__rosidl_typesupport_introspection_c__pyext
[0.190s] [100%] Built target robocon_interfaces__rosidl_typesupport_c__pyext
[0.191s] [100%] Built target robocon_interfaces__rosidl_typesupport_fastrtps_c__pyext
[0.277s] running egg_info
[0.278s] writing robocon_interfaces.egg-info/PKG-INFO
[0.278s] writing dependency_links to robocon_interfaces.egg-info/dependency_links.txt
[0.278s] writing top-level names to robocon_interfaces.egg-info/top_level.txt
[0.280s] reading manifest file 'robocon_interfaces.egg-info/SOURCES.txt'
[0.280s] writing manifest file 'robocon_interfaces.egg-info/SOURCES.txt'
[0.308s] [100%] Built target ament_cmake_python_build_robocon_interfaces_egg
[0.322s] Invoked command in '/home/kyrgios/ros2ws/build/robocon_interfaces' returned '0': CMAKE_PREFIX_PATH=${CMAKE_PREFIX_PATH}:/home/kyrgios/ros2ws/install/robocon_camera:/home/kyrgios/ros2ws/install/robocon_basics:/home/kyrgios/ros2ws/install/py_pubsub:/opt/ros/humble /usr/bin/cmake --build /home/kyrgios/ros2ws/build/robocon_interfaces -- -j12 -l12
[0.334s] Invoking command in '/home/kyrgios/ros2ws/build/robocon_interfaces': CMAKE_PREFIX_PATH=${CMAKE_PREFIX_PATH}:/home/kyrgios/ros2ws/install/robocon_camera:/home/kyrgios/ros2ws/install/robocon_basics:/home/kyrgios/ros2ws/install/py_pubsub:/opt/ros/humble /usr/bin/cmake --install /home/kyrgios/ros2ws/build/robocon_interfaces
[0.341s] -- Install configuration: ""
[0.341s] -- Up-to-date: /home/kyrgios/ros2ws/install/robocon_interfaces/share/ament_index/resource_index/rosidl_interfaces/robocon_interfaces
[0.341s] -- Up-to-date: /home/kyrgios/ros2ws/install/robocon_interfaces/include/robocon_interfaces/robocon_interfaces
[0.341s] -- Up-to-date: /home/kyrgios/ros2ws/install/robocon_interfaces/include/robocon_interfaces/robocon_interfaces/msg
[0.341s] -- Up-to-date: /home/kyrgios/ros2ws/install/robocon_interfaces/include/robocon_interfaces/robocon_interfaces/msg/image_msg.h
[0.342s] -- Up-to-date: /home/kyrgios/ros2ws/install/robocon_interfaces/include/robocon_interfaces/robocon_interfaces/msg/rosidl_generator_c__visibility_control.h
[0.342s] -- Up-to-date: /home/kyrgios/ros2ws/install/robocon_interfaces/include/robocon_interfaces/robocon_interfaces/msg/detail
[0.342s] -- Up-to-date: /home/kyrgios/ros2ws/install/robocon_interfaces/include/robocon_interfaces/robocon_interfaces/msg/detail/image_msg__functions.h
[0.342s] -- Up-to-date: /home/kyrgios/ros2ws/install/robocon_interfaces/include/robocon_interfaces/robocon_interfaces/msg/detail/image_msg__type_support.h
[0.342s] -- Up-to-date: /home/kyrgios/ros2ws/install/robocon_interfaces/include/robocon_interfaces/robocon_interfaces/msg/detail/image_msg__functions.c
[0.342s] -- Up-to-date: /home/kyrgios/ros2ws/install/robocon_interfaces/include/robocon_interfaces/robocon_interfaces/msg/detail/image_msg__struct.h
[0.342s] -- Up-to-date: /home/kyrgios/ros2ws/install/robocon_interfaces/include/robocon_interfaces/robocon_interfaces/srv
[0.342s] -- Up-to-date: /home/kyrgios/ros2ws/install/robocon_interfaces/include/robocon_interfaces/robocon_interfaces/srv/image_analysis.h
[0.342s] -- Up-to-date: /home/kyrgios/ros2ws/install/robocon_interfaces/include/robocon_interfaces/robocon_interfaces/srv/detail
[0.342s] -- Up-to-date: /home/kyrgios/ros2ws/install/robocon_interfaces/include/robocon_interfaces/robocon_interfaces/srv/detail/image_analysis__type_support.h
[0.342s] -- Up-to-date: /home/kyrgios/ros2ws/install/robocon_interfaces/include/robocon_interfaces/robocon_interfaces/srv/detail/image_analysis__functions.h
[0.342s] -- Up-to-date: /home/kyrgios/ros2ws/install/robocon_interfaces/include/robocon_interfaces/robocon_interfaces/srv/detail/image_analysis__struct.h
[0.342s] -- Up-to-date: /home/kyrgios/ros2ws/install/robocon_interfaces/include/robocon_interfaces/robocon_interfaces/srv/detail/image_analysis__functions.c
[0.342s] -- Up-to-date: /home/kyrgios/ros2ws/install/robocon_interfaces/share/robocon_interfaces/environment/library_path.sh
[0.342s] -- Up-to-date: /home/kyrgios/ros2ws/install/robocon_interfaces/share/robocon_interfaces/environment/library_path.dsv
[0.342s] -- Up-to-date: /home/kyrgios/ros2ws/install/robocon_interfaces/lib/librobocon_interfaces__rosidl_generator_c.so
[0.342s] -- Up-to-date: /home/kyrgios/ros2ws/install/robocon_interfaces/include/robocon_interfaces/robocon_interfaces
[0.342s] -- Up-to-date: /home/kyrgios/ros2ws/install/robocon_interfaces/include/robocon_interfaces/robocon_interfaces/msg
[0.342s] -- Up-to-date: /home/kyrgios/ros2ws/install/robocon_interfaces/include/robocon_interfaces/robocon_interfaces/msg/rosidl_typesupport_fastrtps_c__visibility_control.h
[0.342s] -- Up-to-date: /home/kyrgios/ros2ws/install/robocon_interfaces/include/robocon_interfaces/robocon_interfaces/msg/detail
[0.342s] -- Up-to-date: /home/kyrgios/ros2ws/install/robocon_interfaces/include/robocon_interfaces/robocon_interfaces/msg/detail/image_msg__rosidl_typesupport_fastrtps_c.h
[0.343s] -- Up-to-date: /home/kyrgios/ros2ws/install/robocon_interfaces/include/robocon_interfaces/robocon_interfaces/srv
[0.343s] -- Up-to-date: /home/kyrgios/ros2ws/install/robocon_interfaces/include/robocon_interfaces/robocon_interfaces/srv/detail
[0.343s] -- Up-to-date: /home/kyrgios/ros2ws/install/robocon_interfaces/include/robocon_interfaces/robocon_interfaces/srv/detail/image_analysis__rosidl_typesupport_fastrtps_c.h
[0.343s] -- Up-to-date: /home/kyrgios/ros2ws/install/robocon_interfaces/lib/librobocon_interfaces__rosidl_typesupport_fastrtps_c.so
[0.343s] -- Up-to-date: /home/kyrgios/ros2ws/install/robocon_interfaces/include/robocon_interfaces/robocon_interfaces
[0.343s] -- Up-to-date: /home/kyrgios/ros2ws/install/robocon_interfaces/include/robocon_interfaces/robocon_interfaces/msg
[0.343s] -- Up-to-date: /home/kyrgios/ros2ws/install/robocon_interfaces/include/robocon_interfaces/robocon_interfaces/msg/rosidl_typesupport_introspection_c__visibility_control.h
[0.343s] -- Up-to-date: /home/kyrgios/ros2ws/install/robocon_interfaces/include/robocon_interfaces/robocon_interfaces/msg/detail
[0.343s] -- Up-to-date: /home/kyrgios/ros2ws/install/robocon_interfaces/include/robocon_interfaces/robocon_interfaces/msg/detail/image_msg__rosidl_typesupport_introspection_c.h
[0.343s] -- Up-to-date: /home/kyrgios/ros2ws/install/robocon_interfaces/include/robocon_interfaces/robocon_interfaces/msg/detail/image_msg__type_support.c
[0.343s] -- Up-to-date: /home/kyrgios/ros2ws/install/robocon_interfaces/include/robocon_interfaces/robocon_interfaces/srv
[0.343s] -- Up-to-date: /home/kyrgios/ros2ws/install/robocon_interfaces/include/robocon_interfaces/robocon_interfaces/srv/detail
[0.343s] -- Up-to-date: /home/kyrgios/ros2ws/install/robocon_interfaces/include/robocon_interfaces/robocon_interfaces/srv/detail/image_analysis__type_support.c
[0.343s] -- Up-to-date: /home/kyrgios/ros2ws/install/robocon_interfaces/include/robocon_interfaces/robocon_interfaces/srv/detail/image_analysis__rosidl_typesupport_introspection_c.h
[0.343s] -- Up-to-date: /home/kyrgios/ros2ws/install/robocon_interfaces/lib/librobocon_interfaces__rosidl_typesupport_introspection_c.so
[0.344s] -- Up-to-date: /home/kyrgios/ros2ws/install/robocon_interfaces/lib/librobocon_interfaces__rosidl_typesupport_c.so
[0.344s] -- Up-to-date: /home/kyrgios/ros2ws/install/robocon_interfaces/include/robocon_interfaces/robocon_interfaces
[0.344s] -- Up-to-date: /home/kyrgios/ros2ws/install/robocon_interfaces/include/robocon_interfaces/robocon_interfaces/msg
[0.344s] -- Up-to-date: /home/kyrgios/ros2ws/install/robocon_interfaces/include/robocon_interfaces/robocon_interfaces/msg/image_msg.hpp
[0.344s] -- Up-to-date: /home/kyrgios/ros2ws/install/robocon_interfaces/include/robocon_interfaces/robocon_interfaces/msg/detail
[0.344s] -- Up-to-date: /home/kyrgios/ros2ws/install/robocon_interfaces/include/robocon_interfaces/robocon_interfaces/msg/detail/image_msg__builder.hpp
[0.344s] -- Up-to-date: /home/kyrgios/ros2ws/install/robocon_interfaces/include/robocon_interfaces/robocon_interfaces/msg/detail/image_msg__traits.hpp
[0.344s] -- Up-to-date: /home/kyrgios/ros2ws/install/robocon_interfaces/include/robocon_interfaces/robocon_interfaces/msg/detail/image_msg__struct.hpp
[0.344s] -- Up-to-date: /home/kyrgios/ros2ws/install/robocon_interfaces/include/robocon_interfaces/robocon_interfaces/msg/detail/image_msg__type_support.hpp
[0.344s] -- Up-to-date: /home/kyrgios/ros2ws/install/robocon_interfaces/include/robocon_interfaces/robocon_interfaces/msg/rosidl_generator_cpp__visibility_control.hpp
[0.344s] -- Up-to-date: /home/kyrgios/ros2ws/install/robocon_interfaces/include/robocon_interfaces/robocon_interfaces/srv
[0.344s] -- Up-to-date: /home/kyrgios/ros2ws/install/robocon_interfaces/include/robocon_interfaces/robocon_interfaces/srv/detail
[0.344s] -- Up-to-date: /home/kyrgios/ros2ws/install/robocon_interfaces/include/robocon_interfaces/robocon_interfaces/srv/detail/image_analysis__struct.hpp
[0.344s] -- Up-to-date: /home/kyrgios/ros2ws/install/robocon_interfaces/include/robocon_interfaces/robocon_interfaces/srv/detail/image_analysis__type_support.hpp
[0.344s] -- Up-to-date: /home/kyrgios/ros2ws/install/robocon_interfaces/include/robocon_interfaces/robocon_interfaces/srv/detail/image_analysis__traits.hpp
[0.344s] -- Up-to-date: /home/kyrgios/ros2ws/install/robocon_interfaces/include/robocon_interfaces/robocon_interfaces/srv/detail/image_analysis__builder.hpp
[0.345s] -- Up-to-date: /home/kyrgios/ros2ws/install/robocon_interfaces/include/robocon_interfaces/robocon_interfaces/srv/image_analysis.hpp
[0.345s] -- Up-to-date: /home/kyrgios/ros2ws/install/robocon_interfaces/include/robocon_interfaces/robocon_interfaces
[0.345s] -- Up-to-date: /home/kyrgios/ros2ws/install/robocon_interfaces/include/robocon_interfaces/robocon_interfaces/msg
[0.345s] -- Up-to-date: /home/kyrgios/ros2ws/install/robocon_interfaces/include/robocon_interfaces/robocon_interfaces/msg/rosidl_typesupport_fastrtps_cpp__visibility_control.h
[0.345s] -- Up-to-date: /home/kyrgios/ros2ws/install/robocon_interfaces/include/robocon_interfaces/robocon_interfaces/msg/detail
[0.345s] -- Up-to-date: /home/kyrgios/ros2ws/install/robocon_interfaces/include/robocon_interfaces/robocon_interfaces/msg/detail/image_msg__rosidl_typesupport_fastrtps_cpp.hpp
[0.345s] -- Up-to-date: /home/kyrgios/ros2ws/install/robocon_interfaces/include/robocon_interfaces/robocon_interfaces/msg/detail/dds_fastrtps
[0.345s] -- Up-to-date: /home/kyrgios/ros2ws/install/robocon_interfaces/include/robocon_interfaces/robocon_interfaces/srv
[0.345s] -- Up-to-date: /home/kyrgios/ros2ws/install/robocon_interfaces/include/robocon_interfaces/robocon_interfaces/srv/detail
[0.345s] -- Up-to-date: /home/kyrgios/ros2ws/install/robocon_interfaces/include/robocon_interfaces/robocon_interfaces/srv/detail/image_analysis__rosidl_typesupport_fastrtps_cpp.hpp
[0.345s] -- Up-to-date: /home/kyrgios/ros2ws/install/robocon_interfaces/include/robocon_interfaces/robocon_interfaces/srv/detail/dds_fastrtps
[0.345s] -- Up-to-date: /home/kyrgios/ros2ws/install/robocon_interfaces/lib/librobocon_interfaces__rosidl_typesupport_fastrtps_cpp.so
[0.345s] -- Up-to-date: /home/kyrgios/ros2ws/install/robocon_interfaces/include/robocon_interfaces/robocon_interfaces
[0.345s] -- Up-to-date: /home/kyrgios/ros2ws/install/robocon_interfaces/include/robocon_interfaces/robocon_interfaces/msg
[0.345s] -- Up-to-date: /home/kyrgios/ros2ws/install/robocon_interfaces/include/robocon_interfaces/robocon_interfaces/msg/detail
[0.345s] -- Up-to-date: /home/kyrgios/ros2ws/install/robocon_interfaces/include/robocon_interfaces/robocon_interfaces/msg/detail/image_msg__rosidl_typesupport_introspection_cpp.hpp
[0.345s] -- Up-to-date: /home/kyrgios/ros2ws/install/robocon_interfaces/include/robocon_interfaces/robocon_interfaces/msg/detail/image_msg__type_support.cpp
[0.346s] -- Up-to-date: /home/kyrgios/ros2ws/install/robocon_interfaces/include/robocon_interfaces/robocon_interfaces/srv
[0.346s] -- Up-to-date: /home/kyrgios/ros2ws/install/robocon_interfaces/include/robocon_interfaces/robocon_interfaces/srv/detail
[0.346s] -- Up-to-date: /home/kyrgios/ros2ws/install/robocon_interfaces/include/robocon_interfaces/robocon_interfaces/srv/detail/image_analysis__rosidl_typesupport_introspection_cpp.hpp
[0.346s] -- Up-to-date: /home/kyrgios/ros2ws/install/robocon_interfaces/include/robocon_interfaces/robocon_interfaces/srv/detail/image_analysis__type_support.cpp
[0.346s] -- Up-to-date: /home/kyrgios/ros2ws/install/robocon_interfaces/lib/librobocon_interfaces__rosidl_typesupport_introspection_cpp.so
[0.346s] -- Up-to-date: /home/kyrgios/ros2ws/install/robocon_interfaces/lib/librobocon_interfaces__rosidl_typesupport_cpp.so
[0.346s] -- Up-to-date: /home/kyrgios/ros2ws/install/robocon_interfaces/share/robocon_interfaces/environment/pythonpath.sh
[0.346s] -- Up-to-date: /home/kyrgios/ros2ws/install/robocon_interfaces/share/robocon_interfaces/environment/pythonpath.dsv
[0.346s] -- Up-to-date: /home/kyrgios/ros2ws/install/robocon_interfaces/local/lib/python3.10/dist-packages/robocon_interfaces-0.0.0-py3.10.egg-info
[0.346s] -- Installing: /home/kyrgios/ros2ws/install/robocon_interfaces/local/lib/python3.10/dist-packages/robocon_interfaces-0.0.0-py3.10.egg-info/top_level.txt
[0.346s] -- Installing: /home/kyrgios/ros2ws/install/robocon_interfaces/local/lib/python3.10/dist-packages/robocon_interfaces-0.0.0-py3.10.egg-info/SOURCES.txt
[0.346s] -- Installing: /home/kyrgios/ros2ws/install/robocon_interfaces/local/lib/python3.10/dist-packages/robocon_interfaces-0.0.0-py3.10.egg-info/PKG-INFO
[0.346s] -- Installing: /home/kyrgios/ros2ws/install/robocon_interfaces/local/lib/python3.10/dist-packages/robocon_interfaces-0.0.0-py3.10.egg-info/dependency_links.txt
[0.346s] -- Up-to-date: /home/kyrgios/ros2ws/install/robocon_interfaces/local/lib/python3.10/dist-packages/robocon_interfaces
[0.346s] -- Up-to-date: /home/kyrgios/ros2ws/install/robocon_interfaces/local/lib/python3.10/dist-packages/robocon_interfaces/robocon_interfaces_s__rosidl_typesupport_introspection_c.cpython-310-x86_64-linux-gnu.so
[0.346s] -- Up-to-date: /home/kyrgios/ros2ws/install/robocon_interfaces/local/lib/python3.10/dist-packages/robocon_interfaces/msg
[0.346s] -- Up-to-date: /home/kyrgios/ros2ws/install/robocon_interfaces/local/lib/python3.10/dist-packages/robocon_interfaces/msg/_image_msg_s.c
[0.346s] -- Up-to-date: /home/kyrgios/ros2ws/install/robocon_interfaces/local/lib/python3.10/dist-packages/robocon_interfaces/msg/__init__.py
[0.346s] -- Up-to-date: /home/kyrgios/ros2ws/install/robocon_interfaces/local/lib/python3.10/dist-packages/robocon_interfaces/msg/_image_msg.py
[0.346s] -- Up-to-date: /home/kyrgios/ros2ws/install/robocon_interfaces/local/lib/python3.10/dist-packages/robocon_interfaces/librobocon_interfaces__rosidl_generator_py.so
[0.346s] -- Up-to-date: /home/kyrgios/ros2ws/install/robocon_interfaces/local/lib/python3.10/dist-packages/robocon_interfaces/srv
[0.346s] -- Up-to-date: /home/kyrgios/ros2ws/install/robocon_interfaces/local/lib/python3.10/dist-packages/robocon_interfaces/srv/_image_analysis_s.c
[0.347s] -- Up-to-date: /home/kyrgios/ros2ws/install/robocon_interfaces/local/lib/python3.10/dist-packages/robocon_interfaces/srv/_image_analysis.py
[0.347s] -- Up-to-date: /home/kyrgios/ros2ws/install/robocon_interfaces/local/lib/python3.10/dist-packages/robocon_interfaces/srv/__init__.py
[0.347s] -- Up-to-date: /home/kyrgios/ros2ws/install/robocon_interfaces/local/lib/python3.10/dist-packages/robocon_interfaces/_robocon_interfaces_s.ep.rosidl_typesupport_c.c
[0.347s] -- Up-to-date: /home/kyrgios/ros2ws/install/robocon_interfaces/local/lib/python3.10/dist-packages/robocon_interfaces/_robocon_interfaces_s.ep.rosidl_typesupport_introspection_c.c
[0.347s] -- Up-to-date: /home/kyrgios/ros2ws/install/robocon_interfaces/local/lib/python3.10/dist-packages/robocon_interfaces/robocon_interfaces_s__rosidl_typesupport_c.cpython-310-x86_64-linux-gnu.so
[0.347s] -- Up-to-date: /home/kyrgios/ros2ws/install/robocon_interfaces/local/lib/python3.10/dist-packages/robocon_interfaces/__init__.py
[0.347s] -- Up-to-date: /home/kyrgios/ros2ws/install/robocon_interfaces/local/lib/python3.10/dist-packages/robocon_interfaces/_robocon_interfaces_s.ep.rosidl_typesupport_fastrtps_c.c
[0.347s] -- Up-to-date: /home/kyrgios/ros2ws/install/robocon_interfaces/local/lib/python3.10/dist-packages/robocon_interfaces/robocon_interfaces_s__rosidl_typesupport_fastrtps_c.cpython-310-x86_64-linux-gnu.so
[0.372s] Listing '/home/kyrgios/ros2ws/install/robocon_interfaces/local/lib/python3.10/dist-packages/robocon_interfaces'...
[0.372s] Listing '/home/kyrgios/ros2ws/install/robocon_interfaces/local/lib/python3.10/dist-packages/robocon_interfaces/msg'...
[0.372s] Listing '/home/kyrgios/ros2ws/install/robocon_interfaces/local/lib/python3.10/dist-packages/robocon_interfaces/srv'...
[0.375s] -- Up-to-date: /home/kyrgios/ros2ws/install/robocon_interfaces/local/lib/python3.10/dist-packages/robocon_interfaces/robocon_interfaces_s__rosidl_typesupport_fastrtps_c.cpython-310-x86_64-linux-gnu.so
[0.376s] -- Up-to-date: /home/kyrgios/ros2ws/install/robocon_interfaces/local/lib/python3.10/dist-packages/robocon_interfaces/robocon_interfaces_s__rosidl_typesupport_introspection_c.cpython-310-x86_64-linux-gnu.so
[0.376s] -- Up-to-date: /home/kyrgios/ros2ws/install/robocon_interfaces/local/lib/python3.10/dist-packages/robocon_interfaces/robocon_interfaces_s__rosidl_typesupport_c.cpython-310-x86_64-linux-gnu.so
[0.377s] -- Up-to-date: /home/kyrgios/ros2ws/install/robocon_interfaces/lib/librobocon_interfaces__rosidl_generator_py.so
[0.377s] -- Up-to-date: /home/kyrgios/ros2ws/install/robocon_interfaces/share/robocon_interfaces/srv/ImageAnalysis.idl
[0.377s] -- Up-to-date: /home/kyrgios/ros2ws/install/robocon_interfaces/share/robocon_interfaces/srv/ImageAnalysis.srv
[0.377s] -- Up-to-date: /home/kyrgios/ros2ws/install/robocon_interfaces/share/robocon_interfaces/srv/ImageAnalysis_Request.msg
[0.377s] -- Up-to-date: /home/kyrgios/ros2ws/install/robocon_interfaces/share/robocon_interfaces/srv/ImageAnalysis_Response.msg
[0.377s] -- Up-to-date: /home/kyrgios/ros2ws/install/robocon_interfaces/share/ament_index/resource_index/package_run_dependencies/robocon_interfaces
[0.377s] -- Up-to-date: /home/kyrgios/ros2ws/install/robocon_interfaces/share/ament_index/resource_index/parent_prefix_path/robocon_interfaces
[0.377s] -- Up-to-date: /home/kyrgios/ros2ws/install/robocon_interfaces/share/robocon_interfaces/environment/ament_prefix_path.sh
[0.378s] -- Up-to-date: /home/kyrgios/ros2ws/install/robocon_interfaces/share/robocon_interfaces/environment/ament_prefix_path.dsv
[0.378s] -- Up-to-date: /home/kyrgios/ros2ws/install/robocon_interfaces/share/robocon_interfaces/environment/path.sh
[0.378s] -- Up-to-date: /home/kyrgios/ros2ws/install/robocon_interfaces/share/robocon_interfaces/environment/path.dsv
[0.378s] -- Up-to-date: /home/kyrgios/ros2ws/install/robocon_interfaces/share/robocon_interfaces/local_setup.bash
[0.378s] -- Up-to-date: /home/kyrgios/ros2ws/install/robocon_interfaces/share/robocon_interfaces/local_setup.sh
[0.378s] -- Up-to-date: /home/kyrgios/ros2ws/install/robocon_interfaces/share/robocon_interfaces/local_setup.zsh
[0.378s] -- Up-to-date: /home/kyrgios/ros2ws/install/robocon_interfaces/share/robocon_interfaces/local_setup.dsv
[0.378s] -- Installing: /home/kyrgios/ros2ws/install/robocon_interfaces/share/robocon_interfaces/package.dsv
[0.378s] -- Up-to-date: /home/kyrgios/ros2ws/install/robocon_interfaces/share/ament_index/resource_index/packages/robocon_interfaces
[0.378s] -- Up-to-date: /home/kyrgios/ros2ws/install/robocon_interfaces/share/robocon_interfaces/cmake/export_robocon_interfaces__rosidl_generator_cExport.cmake
[0.378s] -- Up-to-date: /home/kyrgios/ros2ws/install/robocon_interfaces/share/robocon_interfaces/cmake/export_robocon_interfaces__rosidl_generator_cExport-noconfig.cmake
[0.378s] -- Up-to-date: /home/kyrgios/ros2ws/install/robocon_interfaces/share/robocon_interfaces/cmake/export_robocon_interfaces__rosidl_typesupport_fastrtps_cExport.cmake
[0.378s] -- Up-to-date: /home/kyrgios/ros2ws/install/robocon_interfaces/share/robocon_interfaces/cmake/export_robocon_interfaces__rosidl_typesupport_fastrtps_cExport-noconfig.cmake
[0.378s] -- Up-to-date: /home/kyrgios/ros2ws/install/robocon_interfaces/share/robocon_interfaces/cmake/robocon_interfaces__rosidl_typesupport_introspection_cExport.cmake
[0.378s] -- Up-to-date: /home/kyrgios/ros2ws/install/robocon_interfaces/share/robocon_interfaces/cmake/robocon_interfaces__rosidl_typesupport_introspection_cExport-noconfig.cmake
[0.378s] -- Up-to-date: /home/kyrgios/ros2ws/install/robocon_interfaces/share/robocon_interfaces/cmake/robocon_interfaces__rosidl_typesupport_cExport.cmake
[0.378s] -- Up-to-date: /home/kyrgios/ros2ws/install/robocon_interfaces/share/robocon_interfaces/cmake/robocon_interfaces__rosidl_typesupport_cExport-noconfig.cmake
[0.378s] -- Up-to-date: /home/kyrgios/ros2ws/install/robocon_interfaces/share/robocon_interfaces/cmake/export_robocon_interfaces__rosidl_generator_cppExport.cmake
[0.378s] -- Up-to-date: /home/kyrgios/ros2ws/install/robocon_interfaces/share/robocon_interfaces/cmake/export_robocon_interfaces__rosidl_typesupport_fastrtps_cppExport.cmake
[0.378s] -- Up-to-date: /home/kyrgios/ros2ws/install/robocon_interfaces/share/robocon_interfaces/cmake/export_robocon_interfaces__rosidl_typesupport_fastrtps_cppExport-noconfig.cmake
[0.379s] -- Up-to-date: /home/kyrgios/ros2ws/install/robocon_interfaces/share/robocon_interfaces/cmake/robocon_interfaces__rosidl_typesupport_introspection_cppExport.cmake
[0.379s] -- Up-to-date: /home/kyrgios/ros2ws/install/robocon_interfaces/share/robocon_interfaces/cmake/robocon_interfaces__rosidl_typesupport_introspection_cppExport-noconfig.cmake
[0.379s] -- Up-to-date: /home/kyrgios/ros2ws/install/robocon_interfaces/share/robocon_interfaces/cmake/robocon_interfaces__rosidl_typesupport_cppExport.cmake
[0.379s] -- Up-to-date: /home/kyrgios/ros2ws/install/robocon_interfaces/share/robocon_interfaces/cmake/robocon_interfaces__rosidl_typesupport_cppExport-noconfig.cmake
[0.379s] -- Up-to-date: /home/kyrgios/ros2ws/install/robocon_interfaces/share/robocon_interfaces/cmake/export_robocon_interfaces__rosidl_generator_pyExport.cmake
[0.379s] -- Up-to-date: /home/kyrgios/ros2ws/install/robocon_interfaces/share/robocon_interfaces/cmake/export_robocon_interfaces__rosidl_generator_pyExport-noconfig.cmake
[0.379s] -- Up-to-date: /home/kyrgios/ros2ws/install/robocon_interfaces/share/robocon_interfaces/cmake/rosidl_cmake-extras.cmake
[0.379s] -- Up-to-date: /home/kyrgios/ros2ws/install/robocon_interfaces/share/robocon_interfaces/cmake/ament_cmake_export_dependencies-extras.cmake
[0.379s] -- Up-to-date: /home/kyrgios/ros2ws/install/robocon_interfaces/share/robocon_interfaces/cmake/ament_cmake_export_include_directories-extras.cmake
[0.379s] -- Up-to-date: /home/kyrgios/ros2ws/install/robocon_interfaces/share/robocon_interfaces/cmake/ament_cmake_export_libraries-extras.cmake
[0.379s] -- Up-to-date: /home/kyrgios/ros2ws/install/robocon_interfaces/share/robocon_interfaces/cmake/ament_cmake_export_targets-extras.cmake
[0.379s] -- Up-to-date: /home/kyrgios/ros2ws/install/robocon_interfaces/share/robocon_interfaces/cmake/rosidl_cmake_export_typesupport_targets-extras.cmake
[0.379s] -- Up-to-date: /home/kyrgios/ros2ws/install/robocon_interfaces/share/robocon_interfaces/cmake/rosidl_cmake_export_typesupport_libraries-extras.cmake
[0.379s] -- Up-to-date: /home/kyrgios/ros2ws/install/robocon_interfaces/share/robocon_interfaces/cmake/robocon_interfacesConfig.cmake
[0.379s] -- Up-to-date: /home/kyrgios/ros2ws/install/robocon_interfaces/share/robocon_interfaces/cmake/robocon_interfacesConfig-version.cmake
[0.379s] -- Up-to-date: /home/kyrgios/ros2ws/install/robocon_interfaces/share/robocon_interfaces/package.xml
[0.382s] Invoked command in '/home/kyrgios/ros2ws/build/robocon_interfaces' returned '0': CMAKE_PREFIX_PATH=${CMAKE_PREFIX_PATH}:/home/kyrgios/ros2ws/install/robocon_camera:/home/kyrgios/ros2ws/install/robocon_basics:/home/kyrgios/ros2ws/install/py_pubsub:/opt/ros/humble /usr/bin/cmake --install /home/kyrgios/ros2ws/build/robocon_interfaces
