[0.010s] Invoking command in '/home/kyrgios/ros2ws/build/robocon_interfaces': CMAKE_PREFIX_PATH=${CMAKE_PREFIX_PATH}:/home/kyrgios/ros2ws/install/robocon_camera:/home/kyrgios/ros2ws/install/robocon_basics:/home/kyrgios/ros2ws/install/py_pubsub:/opt/ros/humble /usr/bin/cmake --build /home/kyrgios/ros2ws/build/robocon_interfaces -- -j12 -l12
[0.031s] -- Found ament_cmake: 1.3.12 (/opt/ros/humble/share/ament_cmake/cmake)
[0.128s] -- Found rosidl_default_generators: 1.2.0 (/opt/ros/humble/share/rosidl_default_generators/cmake)
[0.129s] -- Using all available rosidl_typesupport_c: rosidl_typesupport_fastrtps_c;rosidl_typesupport_introspection_c
[0.131s] -- Found rosidl_adapter: 3.1.7 (/opt/ros/humble/share/rosidl_adapter/cmake)
[0.152s] -- Using all available rosidl_typesupport_cpp: rosidl_typesupport_fastrtps_cpp;rosidl_typesupport_introspection_cpp
[0.169s] -- Found sensor_msgs: 4.9.0 (/opt/ros/humble/share/sensor_msgs/cmake)
[0.448s] -- Found ament_cmake_ros: 0.10.0 (/opt/ros/humble/share/ament_cmake_ros/cmake)
[0.657s] -- Using all available rosidl_typesupport_c: rosidl_typesupport_fastrtps_c;rosidl_typesupport_introspection_c
[0.931s] -- Using all available rosidl_typesupport_cpp: rosidl_typesupport_fastrtps_cpp;rosidl_typesupport_introspection_cpp
[0.950s] -- Found python_cmake_module: 0.10.0 (/opt/ros/humble/share/python_cmake_module/cmake)
[0.967s] -- Using PYTHON_EXECUTABLE: /usr/bin/python3
[0.968s] -- Using PYTHON_INCLUDE_DIRS: /usr/include/python3.10
[0.968s] -- Using PYTHON_LIBRARIES: /usr/lib/x86_64-linux-gnu/libpython3.10.so
[1.003s] -- Found ament_lint_auto: 0.12.14 (/opt/ros/humble/share/ament_lint_auto/cmake)
[1.010s] -- Added test 'lint_cmake' to check CMake code style
[1.011s] -- Added test 'xmllint' to check XML markup files
[1.013s] -- Configuring done
[1.045s] -- Generating done
[1.055s] -- Build files have been written to: /home/kyrgios/ros2ws/build/robocon_interfaces
[1.078s] [  2%] [34m[1mGenerating C code for ROS interfaces[0m
[1.087s] [  5%] [34m[1mGenerating C++ code for ROS interfaces[0m
[1.096s] [  5%] Built target ament_cmake_python_copy_robocon_interfaces
[1.298s] running egg_info
[1.298s] writing robocon_interfaces.egg-info/PKG-INFO
[1.299s] writing dependency_links to robocon_interfaces.egg-info/dependency_links.txt
[1.299s] writing top-level names to robocon_interfaces.egg-info/top_level.txt
[1.300s] reading manifest file 'robocon_interfaces.egg-info/SOURCES.txt'
[1.301s] writing manifest file 'robocon_interfaces.egg-info/SOURCES.txt'
[1.320s] [35m[1mConsolidate compiler generated dependencies of target robocon_interfaces__rosidl_generator_c[0m
[1.334s] [  7%] [32mBuilding C object CMakeFiles/robocon_interfaces__rosidl_generator_c.dir/rosidl_generator_c/robocon_interfaces/msg/detail/image_msg__functions.c.o[0m
[1.334s] [ 10%] [32mBuilding C object CMakeFiles/robocon_interfaces__rosidl_generator_c.dir/rosidl_generator_c/robocon_interfaces/srv/detail/image_analysis__functions.c.o[0m
[1.339s] [ 10%] Built target ament_cmake_python_build_robocon_interfaces_egg
[1.342s] [ 10%] Built target robocon_interfaces__cpp
[1.352s] [ 17%] [34m[1mGenerating C++ type support for eProsima Fast-RTPS[0m
[1.352s] [ 17%] [34m[1mGenerating C++ introspection for ROS interfaces[0m
[1.352s] [ 17%] [34m[1mGenerating C++ type support dispatch for ROS interfaces[0m
[1.383s] [ 20%] [32m[1mLinking C shared library librobocon_interfaces__rosidl_generator_c.so[0m
[1.418s] [ 20%] Built target robocon_interfaces__rosidl_generator_c
[1.428s] [ 28%] [34m[1mGenerating C type support dispatch for ROS interfaces[0m
[1.428s] [ 28%] [34m[1mGenerating C type support for eProsima Fast-RTPS[0m
[1.428s] [ 28%] [34m[1mGenerating C introspection for ROS interfaces[0m
[1.547s] [35m[1mConsolidate compiler generated dependencies of target robocon_interfaces__rosidl_typesupport_cpp[0m
[1.561s] [ 30%] [32mBuilding CXX object CMakeFiles/robocon_interfaces__rosidl_typesupport_cpp.dir/rosidl_typesupport_cpp/robocon_interfaces/msg/image_msg__type_support.cpp.o[0m
[1.561s] [35m[1mConsolidate compiler generated dependencies of target robocon_interfaces__rosidl_typesupport_introspection_cpp[0m
[1.563s] [ 33%] [32mBuilding CXX object CMakeFiles/robocon_interfaces__rosidl_typesupport_cpp.dir/rosidl_typesupport_cpp/robocon_interfaces/srv/image_analysis__type_support.cpp.o[0m
[1.574s] [ 35%] [32mBuilding CXX object CMakeFiles/robocon_interfaces__rosidl_typesupport_introspection_cpp.dir/rosidl_typesupport_introspection_cpp/robocon_interfaces/srv/detail/image_analysis__type_support.cpp.o[0m
[1.575s] [ 38%] [32mBuilding CXX object CMakeFiles/robocon_interfaces__rosidl_typesupport_introspection_cpp.dir/rosidl_typesupport_introspection_cpp/robocon_interfaces/msg/detail/image_msg__type_support.cpp.o[0m
[1.582s] [35m[1mConsolidate compiler generated dependencies of target robocon_interfaces__rosidl_typesupport_fastrtps_cpp[0m
[1.595s] [ 41%] [32mBuilding CXX object CMakeFiles/robocon_interfaces__rosidl_typesupport_fastrtps_cpp.dir/rosidl_typesupport_fastrtps_cpp/robocon_interfaces/srv/detail/dds_fastrtps/image_analysis__type_support.cpp.o[0m
[1.596s] [ 43%] [32mBuilding CXX object CMakeFiles/robocon_interfaces__rosidl_typesupport_fastrtps_cpp.dir/rosidl_typesupport_fastrtps_cpp/robocon_interfaces/msg/detail/dds_fastrtps/image_msg__type_support.cpp.o[0m
[1.637s] [35m[1mConsolidate compiler generated dependencies of target robocon_interfaces__rosidl_typesupport_c[0m
[1.652s] [ 48%] [32mBuilding CXX object CMakeFiles/robocon_interfaces__rosidl_typesupport_c.dir/rosidl_typesupport_c/robocon_interfaces/msg/image_msg__type_support.cpp.o[0m
[1.652s] [ 48%] [32mBuilding CXX object CMakeFiles/robocon_interfaces__rosidl_typesupport_c.dir/rosidl_typesupport_c/robocon_interfaces/srv/image_analysis__type_support.cpp.o[0m
[1.675s] [35m[1mConsolidate compiler generated dependencies of target robocon_interfaces__rosidl_typesupport_fastrtps_c[0m
[1.695s] [ 56%] [32m[1mLinking CXX shared library librobocon_interfaces__rosidl_typesupport_c.so[0m
[1.695s] [ 56%] [32mBuilding CXX object CMakeFiles/robocon_interfaces__rosidl_typesupport_fastrtps_c.dir/rosidl_typesupport_fastrtps_c/robocon_interfaces/srv/detail/image_analysis__type_support_c.cpp.o[0m
[1.695s] [ 56%] [32mBuilding CXX object CMakeFiles/robocon_interfaces__rosidl_typesupport_fastrtps_c.dir/rosidl_typesupport_fastrtps_c/robocon_interfaces/msg/detail/image_msg__type_support_c.cpp.o[0m
[1.727s] [35m[1mConsolidate compiler generated dependencies of target robocon_interfaces__rosidl_typesupport_introspection_c[0m
[1.743s] [ 61%] [32mBuilding C object CMakeFiles/robocon_interfaces__rosidl_typesupport_introspection_c.dir/rosidl_typesupport_introspection_c/robocon_interfaces/srv/detail/image_analysis__type_support.c.o[0m
[1.744s] [ 61%] [32mBuilding C object CMakeFiles/robocon_interfaces__rosidl_typesupport_introspection_c.dir/rosidl_typesupport_introspection_c/robocon_interfaces/msg/detail/image_msg__type_support.c.o[0m
[1.757s] [ 61%] Built target robocon_interfaces__rosidl_typesupport_c
[1.794s] [ 64%] [32m[1mLinking C shared library librobocon_interfaces__rosidl_typesupport_introspection_c.so[0m
[1.839s] [ 64%] Built target robocon_interfaces__rosidl_typesupport_introspection_c
[1.858s] [ 66%] [32m[1mLinking CXX shared library librobocon_interfaces__rosidl_typesupport_cpp.so[0m
[1.899s] [ 66%] Built target robocon_interfaces__rosidl_typesupport_cpp
[1.982s] [ 71%] [32m[1mLinking CXX shared library librobocon_interfaces__rosidl_typesupport_fastrtps_cpp.so[0m
[1.982s] [ 71%] [32m[1mLinking CXX shared library librobocon_interfaces__rosidl_typesupport_introspection_cpp.so[0m
[2.049s] [ 71%] Built target robocon_interfaces__rosidl_typesupport_introspection_cpp
[2.055s] [ 74%] [32m[1mLinking CXX shared library librobocon_interfaces__rosidl_typesupport_fastrtps_c.so[0m
[2.062s] [ 74%] Built target robocon_interfaces__rosidl_typesupport_fastrtps_cpp
[2.115s] [ 74%] Built target robocon_interfaces__rosidl_typesupport_fastrtps_c
[2.134s] [ 74%] Built target robocon_interfaces
[2.154s] [ 76%] [34m[1mGenerating Python code for ROS interfaces[0m
[2.449s] [ 76%] Built target robocon_interfaces__py
[2.459s] [35m[1mConsolidate compiler generated dependencies of target robocon_interfaces__rosidl_generator_py[0m
[2.471s] [ 79%] [32mBuilding C object CMakeFiles/robocon_interfaces__rosidl_generator_py.dir/rosidl_generator_py/robocon_interfaces/msg/_image_msg_s.c.o[0m
[2.472s] [ 82%] [32mBuilding C object CMakeFiles/robocon_interfaces__rosidl_generator_py.dir/rosidl_generator_py/robocon_interfaces/srv/_image_analysis_s.c.o[0m
[2.554s] [ 84%] [32m[1mLinking C shared library rosidl_generator_py/robocon_interfaces/librobocon_interfaces__rosidl_generator_py.so[0m
[2.592s] [ 84%] Built target robocon_interfaces__rosidl_generator_py
[2.602s] [35m[1mConsolidate compiler generated dependencies of target robocon_interfaces__rosidl_typesupport_introspection_c__pyext[0m
[2.602s] [35m[1mConsolidate compiler generated dependencies of target robocon_interfaces__rosidl_typesupport_c__pyext[0m
[2.602s] [35m[1mConsolidate compiler generated dependencies of target robocon_interfaces__rosidl_typesupport_fastrtps_c__pyext[0m
[2.613s] [ 87%] [32mBuilding C object CMakeFiles/robocon_interfaces__rosidl_typesupport_c__pyext.dir/rosidl_generator_py/robocon_interfaces/_robocon_interfaces_s.ep.rosidl_typesupport_c.c.o[0m
[2.613s] [ 89%] [32mBuilding C object CMakeFiles/robocon_interfaces__rosidl_typesupport_fastrtps_c__pyext.dir/rosidl_generator_py/robocon_interfaces/_robocon_interfaces_s.ep.rosidl_typesupport_fastrtps_c.c.o[0m
[2.613s] [ 92%] [32mBuilding C object CMakeFiles/robocon_interfaces__rosidl_typesupport_introspection_c__pyext.dir/rosidl_generator_py/robocon_interfaces/_robocon_interfaces_s.ep.rosidl_typesupport_introspection_c.c.o[0m
[2.697s] [ 97%] [32m[1mLinking C shared library rosidl_generator_py/robocon_interfaces/robocon_interfaces_s__rosidl_typesupport_c.cpython-310-x86_64-linux-gnu.so[0m
[2.697s] [ 97%] [32m[1mLinking C shared library rosidl_generator_py/robocon_interfaces/robocon_interfaces_s__rosidl_typesupport_introspection_c.cpython-310-x86_64-linux-gnu.so[0m
[2.697s] [100%] [32m[1mLinking C shared library rosidl_generator_py/robocon_interfaces/robocon_interfaces_s__rosidl_typesupport_fastrtps_c.cpython-310-x86_64-linux-gnu.so[0m
[2.735s] [100%] Built target robocon_interfaces__rosidl_typesupport_introspection_c__pyext
[2.736s] [100%] Built target robocon_interfaces__rosidl_typesupport_fastrtps_c__pyext
[2.736s] [100%] Built target robocon_interfaces__rosidl_typesupport_c__pyext
[2.747s] Invoked command in '/home/kyrgios/ros2ws/build/robocon_interfaces' returned '0': CMAKE_PREFIX_PATH=${CMAKE_PREFIX_PATH}:/home/kyrgios/ros2ws/install/robocon_camera:/home/kyrgios/ros2ws/install/robocon_basics:/home/kyrgios/ros2ws/install/py_pubsub:/opt/ros/humble /usr/bin/cmake --build /home/kyrgios/ros2ws/build/robocon_interfaces -- -j12 -l12
[2.757s] Invoking command in '/home/kyrgios/ros2ws/build/robocon_interfaces': CMAKE_PREFIX_PATH=${CMAKE_PREFIX_PATH}:/home/kyrgios/ros2ws/install/robocon_camera:/home/kyrgios/ros2ws/install/robocon_basics:/home/kyrgios/ros2ws/install/py_pubsub:/opt/ros/humble /usr/bin/cmake --install /home/kyrgios/ros2ws/build/robocon_interfaces
[2.763s] -- Install configuration: ""
[2.763s] -- Installing: /home/kyrgios/ros2ws/install/robocon_interfaces/share/ament_index/resource_index/rosidl_interfaces/robocon_interfaces
[2.764s] -- Up-to-date: /home/kyrgios/ros2ws/install/robocon_interfaces/include/robocon_interfaces/robocon_interfaces
[2.764s] -- Up-to-date: /home/kyrgios/ros2ws/install/robocon_interfaces/include/robocon_interfaces/robocon_interfaces/msg
[2.764s] -- Installing: /home/kyrgios/ros2ws/install/robocon_interfaces/include/robocon_interfaces/robocon_interfaces/msg/image_msg.h
[2.764s] -- Up-to-date: /home/kyrgios/ros2ws/install/robocon_interfaces/include/robocon_interfaces/robocon_interfaces/msg/rosidl_generator_c__visibility_control.h
[2.764s] -- Installing: /home/kyrgios/ros2ws/install/robocon_interfaces/include/robocon_interfaces/robocon_interfaces/msg/detail
[2.764s] -- Installing: /home/kyrgios/ros2ws/install/robocon_interfaces/include/robocon_interfaces/robocon_interfaces/msg/detail/image_msg__functions.h
[2.764s] -- Installing: /home/kyrgios/ros2ws/install/robocon_interfaces/include/robocon_interfaces/robocon_interfaces/msg/detail/image_msg__type_support.h
[2.764s] -- Installing: /home/kyrgios/ros2ws/install/robocon_interfaces/include/robocon_interfaces/robocon_interfaces/msg/detail/image_msg__functions.c
[2.764s] -- Installing: /home/kyrgios/ros2ws/install/robocon_interfaces/include/robocon_interfaces/robocon_interfaces/msg/detail/image_msg__struct.h
[2.764s] -- Up-to-date: /home/kyrgios/ros2ws/install/robocon_interfaces/include/robocon_interfaces/robocon_interfaces/srv
[2.765s] -- Installing: /home/kyrgios/ros2ws/install/robocon_interfaces/include/robocon_interfaces/robocon_interfaces/srv/image_analysis.h
[2.765s] -- Up-to-date: /home/kyrgios/ros2ws/install/robocon_interfaces/include/robocon_interfaces/robocon_interfaces/srv/detail
[2.765s] -- Installing: /home/kyrgios/ros2ws/install/robocon_interfaces/include/robocon_interfaces/robocon_interfaces/srv/detail/image_analysis__type_support.h
[2.765s] -- Installing: /home/kyrgios/ros2ws/install/robocon_interfaces/include/robocon_interfaces/robocon_interfaces/srv/detail/image_analysis__functions.h
[2.765s] -- Installing: /home/kyrgios/ros2ws/install/robocon_interfaces/include/robocon_interfaces/robocon_interfaces/srv/detail/image_analysis__struct.h
[2.765s] -- Installing: /home/kyrgios/ros2ws/install/robocon_interfaces/include/robocon_interfaces/robocon_interfaces/srv/detail/image_analysis__functions.c
[2.765s] -- Up-to-date: /home/kyrgios/ros2ws/install/robocon_interfaces/share/robocon_interfaces/environment/library_path.sh
[2.765s] -- Installing: /home/kyrgios/ros2ws/install/robocon_interfaces/share/robocon_interfaces/environment/library_path.dsv
[2.765s] -- Installing: /home/kyrgios/ros2ws/install/robocon_interfaces/lib/librobocon_interfaces__rosidl_generator_c.so
[2.766s] -- Set runtime path of "/home/kyrgios/ros2ws/install/robocon_interfaces/lib/librobocon_interfaces__rosidl_generator_c.so" to ""
[2.766s] -- Up-to-date: /home/kyrgios/ros2ws/install/robocon_interfaces/include/robocon_interfaces/robocon_interfaces
[2.766s] -- Up-to-date: /home/kyrgios/ros2ws/install/robocon_interfaces/include/robocon_interfaces/robocon_interfaces/msg
[2.766s] -- Up-to-date: /home/kyrgios/ros2ws/install/robocon_interfaces/include/robocon_interfaces/robocon_interfaces/msg/rosidl_typesupport_fastrtps_c__visibility_control.h
[2.766s] -- Up-to-date: /home/kyrgios/ros2ws/install/robocon_interfaces/include/robocon_interfaces/robocon_interfaces/msg/detail
[2.766s] -- Installing: /home/kyrgios/ros2ws/install/robocon_interfaces/include/robocon_interfaces/robocon_interfaces/msg/detail/image_msg__rosidl_typesupport_fastrtps_c.h
[2.766s] -- Up-to-date: /home/kyrgios/ros2ws/install/robocon_interfaces/include/robocon_interfaces/robocon_interfaces/srv
[2.766s] -- Up-to-date: /home/kyrgios/ros2ws/install/robocon_interfaces/include/robocon_interfaces/robocon_interfaces/srv/detail
[2.766s] -- Installing: /home/kyrgios/ros2ws/install/robocon_interfaces/include/robocon_interfaces/robocon_interfaces/srv/detail/image_analysis__rosidl_typesupport_fastrtps_c.h
[2.766s] -- Installing: /home/kyrgios/ros2ws/install/robocon_interfaces/lib/librobocon_interfaces__rosidl_typesupport_fastrtps_c.so
[2.767s] -- Set runtime path of "/home/kyrgios/ros2ws/install/robocon_interfaces/lib/librobocon_interfaces__rosidl_typesupport_fastrtps_c.so" to ""
[2.767s] -- Up-to-date: /home/kyrgios/ros2ws/install/robocon_interfaces/include/robocon_interfaces/robocon_interfaces
[2.767s] -- Up-to-date: /home/kyrgios/ros2ws/install/robocon_interfaces/include/robocon_interfaces/robocon_interfaces/msg
[2.767s] -- Up-to-date: /home/kyrgios/ros2ws/install/robocon_interfaces/include/robocon_interfaces/robocon_interfaces/msg/rosidl_typesupport_introspection_c__visibility_control.h
[2.767s] -- Up-to-date: /home/kyrgios/ros2ws/install/robocon_interfaces/include/robocon_interfaces/robocon_interfaces/msg/detail
[2.767s] -- Installing: /home/kyrgios/ros2ws/install/robocon_interfaces/include/robocon_interfaces/robocon_interfaces/msg/detail/image_msg__rosidl_typesupport_introspection_c.h
[2.767s] -- Installing: /home/kyrgios/ros2ws/install/robocon_interfaces/include/robocon_interfaces/robocon_interfaces/msg/detail/image_msg__type_support.c
[2.767s] -- Up-to-date: /home/kyrgios/ros2ws/install/robocon_interfaces/include/robocon_interfaces/robocon_interfaces/srv
[2.767s] -- Up-to-date: /home/kyrgios/ros2ws/install/robocon_interfaces/include/robocon_interfaces/robocon_interfaces/srv/detail
[2.767s] -- Installing: /home/kyrgios/ros2ws/install/robocon_interfaces/include/robocon_interfaces/robocon_interfaces/srv/detail/image_analysis__type_support.c
[2.767s] -- Installing: /home/kyrgios/ros2ws/install/robocon_interfaces/include/robocon_interfaces/robocon_interfaces/srv/detail/image_analysis__rosidl_typesupport_introspection_c.h
[2.767s] -- Installing: /home/kyrgios/ros2ws/install/robocon_interfaces/lib/librobocon_interfaces__rosidl_typesupport_introspection_c.so
[2.768s] -- Set runtime path of "/home/kyrgios/ros2ws/install/robocon_interfaces/lib/librobocon_interfaces__rosidl_typesupport_introspection_c.so" to ""
[2.768s] -- Installing: /home/kyrgios/ros2ws/install/robocon_interfaces/lib/librobocon_interfaces__rosidl_typesupport_c.so
[2.768s] -- Set runtime path of "/home/kyrgios/ros2ws/install/robocon_interfaces/lib/librobocon_interfaces__rosidl_typesupport_c.so" to ""
[2.768s] -- Up-to-date: /home/kyrgios/ros2ws/install/robocon_interfaces/include/robocon_interfaces/robocon_interfaces
[2.768s] -- Up-to-date: /home/kyrgios/ros2ws/install/robocon_interfaces/include/robocon_interfaces/robocon_interfaces/msg
[2.768s] -- Installing: /home/kyrgios/ros2ws/install/robocon_interfaces/include/robocon_interfaces/robocon_interfaces/msg/image_msg.hpp
[2.769s] -- Up-to-date: /home/kyrgios/ros2ws/install/robocon_interfaces/include/robocon_interfaces/robocon_interfaces/msg/detail
[2.769s] -- Installing: /home/kyrgios/ros2ws/install/robocon_interfaces/include/robocon_interfaces/robocon_interfaces/msg/detail/image_msg__builder.hpp
[2.769s] -- Installing: /home/kyrgios/ros2ws/install/robocon_interfaces/include/robocon_interfaces/robocon_interfaces/msg/detail/image_msg__traits.hpp
[2.769s] -- Installing: /home/kyrgios/ros2ws/install/robocon_interfaces/include/robocon_interfaces/robocon_interfaces/msg/detail/image_msg__struct.hpp
[2.769s] -- Installing: /home/kyrgios/ros2ws/install/robocon_interfaces/include/robocon_interfaces/robocon_interfaces/msg/detail/image_msg__type_support.hpp
[2.769s] -- Up-to-date: /home/kyrgios/ros2ws/install/robocon_interfaces/include/robocon_interfaces/robocon_interfaces/msg/rosidl_generator_cpp__visibility_control.hpp
[2.769s] -- Up-to-date: /home/kyrgios/ros2ws/install/robocon_interfaces/include/robocon_interfaces/robocon_interfaces/srv
[2.769s] -- Up-to-date: /home/kyrgios/ros2ws/install/robocon_interfaces/include/robocon_interfaces/robocon_interfaces/srv/detail
[2.769s] -- Installing: /home/kyrgios/ros2ws/install/robocon_interfaces/include/robocon_interfaces/robocon_interfaces/srv/detail/image_analysis__struct.hpp
[2.769s] -- Installing: /home/kyrgios/ros2ws/install/robocon_interfaces/include/robocon_interfaces/robocon_interfaces/srv/detail/image_analysis__type_support.hpp
[2.769s] -- Installing: /home/kyrgios/ros2ws/install/robocon_interfaces/include/robocon_interfaces/robocon_interfaces/srv/detail/image_analysis__traits.hpp
[2.769s] -- Installing: /home/kyrgios/ros2ws/install/robocon_interfaces/include/robocon_interfaces/robocon_interfaces/srv/detail/image_analysis__builder.hpp
[2.769s] -- Installing: /home/kyrgios/ros2ws/install/robocon_interfaces/include/robocon_interfaces/robocon_interfaces/srv/image_analysis.hpp
[2.770s] -- Up-to-date: /home/kyrgios/ros2ws/install/robocon_interfaces/include/robocon_interfaces/robocon_interfaces
[2.770s] -- Up-to-date: /home/kyrgios/ros2ws/install/robocon_interfaces/include/robocon_interfaces/robocon_interfaces/msg
[2.770s] -- Up-to-date: /home/kyrgios/ros2ws/install/robocon_interfaces/include/robocon_interfaces/robocon_interfaces/msg/rosidl_typesupport_fastrtps_cpp__visibility_control.h
[2.770s] -- Up-to-date: /home/kyrgios/ros2ws/install/robocon_interfaces/include/robocon_interfaces/robocon_interfaces/msg/detail
[2.770s] -- Installing: /home/kyrgios/ros2ws/install/robocon_interfaces/include/robocon_interfaces/robocon_interfaces/msg/detail/image_msg__rosidl_typesupport_fastrtps_cpp.hpp
[2.770s] -- Installing: /home/kyrgios/ros2ws/install/robocon_interfaces/include/robocon_interfaces/robocon_interfaces/msg/detail/dds_fastrtps
[2.770s] -- Up-to-date: /home/kyrgios/ros2ws/install/robocon_interfaces/include/robocon_interfaces/robocon_interfaces/srv
[2.770s] -- Up-to-date: /home/kyrgios/ros2ws/install/robocon_interfaces/include/robocon_interfaces/robocon_interfaces/srv/detail
[2.770s] -- Installing: /home/kyrgios/ros2ws/install/robocon_interfaces/include/robocon_interfaces/robocon_interfaces/srv/detail/image_analysis__rosidl_typesupport_fastrtps_cpp.hpp
[2.770s] -- Up-to-date: /home/kyrgios/ros2ws/install/robocon_interfaces/include/robocon_interfaces/robocon_interfaces/srv/detail/dds_fastrtps
[2.770s] -- Installing: /home/kyrgios/ros2ws/install/robocon_interfaces/lib/librobocon_interfaces__rosidl_typesupport_fastrtps_cpp.so
[2.771s] -- Set runtime path of "/home/kyrgios/ros2ws/install/robocon_interfaces/lib/librobocon_interfaces__rosidl_typesupport_fastrtps_cpp.so" to ""
[2.771s] -- Up-to-date: /home/kyrgios/ros2ws/install/robocon_interfaces/include/robocon_interfaces/robocon_interfaces
[2.771s] -- Up-to-date: /home/kyrgios/ros2ws/install/robocon_interfaces/include/robocon_interfaces/robocon_interfaces/msg
[2.771s] -- Up-to-date: /home/kyrgios/ros2ws/install/robocon_interfaces/include/robocon_interfaces/robocon_interfaces/msg/detail
[2.771s] -- Installing: /home/kyrgios/ros2ws/install/robocon_interfaces/include/robocon_interfaces/robocon_interfaces/msg/detail/image_msg__rosidl_typesupport_introspection_cpp.hpp
[2.771s] -- Installing: /home/kyrgios/ros2ws/install/robocon_interfaces/include/robocon_interfaces/robocon_interfaces/msg/detail/image_msg__type_support.cpp
[2.771s] -- Up-to-date: /home/kyrgios/ros2ws/install/robocon_interfaces/include/robocon_interfaces/robocon_interfaces/srv
[2.771s] -- Up-to-date: /home/kyrgios/ros2ws/install/robocon_interfaces/include/robocon_interfaces/robocon_interfaces/srv/detail
[2.771s] -- Installing: /home/kyrgios/ros2ws/install/robocon_interfaces/include/robocon_interfaces/robocon_interfaces/srv/detail/image_analysis__rosidl_typesupport_introspection_cpp.hpp
[2.771s] -- Installing: /home/kyrgios/ros2ws/install/robocon_interfaces/include/robocon_interfaces/robocon_interfaces/srv/detail/image_analysis__type_support.cpp
[2.771s] -- Installing: /home/kyrgios/ros2ws/install/robocon_interfaces/lib/librobocon_interfaces__rosidl_typesupport_introspection_cpp.so
[2.772s] -- Set runtime path of "/home/kyrgios/ros2ws/install/robocon_interfaces/lib/librobocon_interfaces__rosidl_typesupport_introspection_cpp.so" to ""
[2.772s] -- Installing: /home/kyrgios/ros2ws/install/robocon_interfaces/lib/librobocon_interfaces__rosidl_typesupport_cpp.so
[2.772s] -- Set runtime path of "/home/kyrgios/ros2ws/install/robocon_interfaces/lib/librobocon_interfaces__rosidl_typesupport_cpp.so" to ""
[2.772s] -- Up-to-date: /home/kyrgios/ros2ws/install/robocon_interfaces/share/robocon_interfaces/environment/pythonpath.sh
[2.772s] -- Installing: /home/kyrgios/ros2ws/install/robocon_interfaces/share/robocon_interfaces/environment/pythonpath.dsv
[2.773s] -- Up-to-date: /home/kyrgios/ros2ws/install/robocon_interfaces/local/lib/python3.10/dist-packages/robocon_interfaces-0.0.0-py3.10.egg-info
[2.773s] -- Installing: /home/kyrgios/ros2ws/install/robocon_interfaces/local/lib/python3.10/dist-packages/robocon_interfaces-0.0.0-py3.10.egg-info/top_level.txt
[2.773s] -- Installing: /home/kyrgios/ros2ws/install/robocon_interfaces/local/lib/python3.10/dist-packages/robocon_interfaces-0.0.0-py3.10.egg-info/SOURCES.txt
[2.773s] -- Installing: /home/kyrgios/ros2ws/install/robocon_interfaces/local/lib/python3.10/dist-packages/robocon_interfaces-0.0.0-py3.10.egg-info/PKG-INFO
[2.773s] -- Installing: /home/kyrgios/ros2ws/install/robocon_interfaces/local/lib/python3.10/dist-packages/robocon_interfaces-0.0.0-py3.10.egg-info/dependency_links.txt
[2.773s] -- Up-to-date: /home/kyrgios/ros2ws/install/robocon_interfaces/local/lib/python3.10/dist-packages/robocon_interfaces
[2.773s] -- Installing: /home/kyrgios/ros2ws/install/robocon_interfaces/local/lib/python3.10/dist-packages/robocon_interfaces/robocon_interfaces_s__rosidl_typesupport_introspection_c.cpython-310-x86_64-linux-gnu.so
[2.773s] -- Installing: /home/kyrgios/ros2ws/install/robocon_interfaces/local/lib/python3.10/dist-packages/robocon_interfaces/msg
[2.773s] -- Installing: /home/kyrgios/ros2ws/install/robocon_interfaces/local/lib/python3.10/dist-packages/robocon_interfaces/msg/_image_msg_s.c
[2.773s] -- Installing: /home/kyrgios/ros2ws/install/robocon_interfaces/local/lib/python3.10/dist-packages/robocon_interfaces/msg/__init__.py
[2.774s] -- Installing: /home/kyrgios/ros2ws/install/robocon_interfaces/local/lib/python3.10/dist-packages/robocon_interfaces/msg/_image_msg.py
[2.774s] -- Installing: /home/kyrgios/ros2ws/install/robocon_interfaces/local/lib/python3.10/dist-packages/robocon_interfaces/librobocon_interfaces__rosidl_generator_py.so
[2.774s] -- Up-to-date: /home/kyrgios/ros2ws/install/robocon_interfaces/local/lib/python3.10/dist-packages/robocon_interfaces/srv
[2.774s] -- Installing: /home/kyrgios/ros2ws/install/robocon_interfaces/local/lib/python3.10/dist-packages/robocon_interfaces/srv/_image_analysis_s.c
[2.774s] -- Installing: /home/kyrgios/ros2ws/install/robocon_interfaces/local/lib/python3.10/dist-packages/robocon_interfaces/srv/_image_analysis.py
[2.774s] -- Installing: /home/kyrgios/ros2ws/install/robocon_interfaces/local/lib/python3.10/dist-packages/robocon_interfaces/srv/__init__.py
[2.774s] -- Installing: /home/kyrgios/ros2ws/install/robocon_interfaces/local/lib/python3.10/dist-packages/robocon_interfaces/_robocon_interfaces_s.ep.rosidl_typesupport_c.c
[2.774s] -- Installing: /home/kyrgios/ros2ws/install/robocon_interfaces/local/lib/python3.10/dist-packages/robocon_interfaces/_robocon_interfaces_s.ep.rosidl_typesupport_introspection_c.c
[2.774s] -- Installing: /home/kyrgios/ros2ws/install/robocon_interfaces/local/lib/python3.10/dist-packages/robocon_interfaces/robocon_interfaces_s__rosidl_typesupport_c.cpython-310-x86_64-linux-gnu.so
[2.775s] -- Installing: /home/kyrgios/ros2ws/install/robocon_interfaces/local/lib/python3.10/dist-packages/robocon_interfaces/__init__.py
[2.775s] -- Installing: /home/kyrgios/ros2ws/install/robocon_interfaces/local/lib/python3.10/dist-packages/robocon_interfaces/_robocon_interfaces_s.ep.rosidl_typesupport_fastrtps_c.c
[2.775s] -- Installing: /home/kyrgios/ros2ws/install/robocon_interfaces/local/lib/python3.10/dist-packages/robocon_interfaces/robocon_interfaces_s__rosidl_typesupport_fastrtps_c.cpython-310-x86_64-linux-gnu.so
[2.803s] Listing '/home/kyrgios/ros2ws/install/robocon_interfaces/local/lib/python3.10/dist-packages/robocon_interfaces'...
[2.804s] Compiling '/home/kyrgios/ros2ws/install/robocon_interfaces/local/lib/python3.10/dist-packages/robocon_interfaces/__init__.py'...
[2.804s] Listing '/home/kyrgios/ros2ws/install/robocon_interfaces/local/lib/python3.10/dist-packages/robocon_interfaces/msg'...
[2.804s] Compiling '/home/kyrgios/ros2ws/install/robocon_interfaces/local/lib/python3.10/dist-packages/robocon_interfaces/msg/__init__.py'...
[2.804s] Compiling '/home/kyrgios/ros2ws/install/robocon_interfaces/local/lib/python3.10/dist-packages/robocon_interfaces/msg/_image_msg.py'...
[2.804s] Listing '/home/kyrgios/ros2ws/install/robocon_interfaces/local/lib/python3.10/dist-packages/robocon_interfaces/srv'...
[2.804s] Compiling '/home/kyrgios/ros2ws/install/robocon_interfaces/local/lib/python3.10/dist-packages/robocon_interfaces/srv/__init__.py'...
[2.804s] Compiling '/home/kyrgios/ros2ws/install/robocon_interfaces/local/lib/python3.10/dist-packages/robocon_interfaces/srv/_image_analysis.py'...
[2.807s] -- Installing: /home/kyrgios/ros2ws/install/robocon_interfaces/local/lib/python3.10/dist-packages/robocon_interfaces/robocon_interfaces_s__rosidl_typesupport_fastrtps_c.cpython-310-x86_64-linux-gnu.so
[2.808s] -- Set runtime path of "/home/kyrgios/ros2ws/install/robocon_interfaces/local/lib/python3.10/dist-packages/robocon_interfaces/robocon_interfaces_s__rosidl_typesupport_fastrtps_c.cpython-310-x86_64-linux-gnu.so" to ""
[2.808s] -- Installing: /home/kyrgios/ros2ws/install/robocon_interfaces/local/lib/python3.10/dist-packages/robocon_interfaces/robocon_interfaces_s__rosidl_typesupport_introspection_c.cpython-310-x86_64-linux-gnu.so
[2.808s] -- Set runtime path of "/home/kyrgios/ros2ws/install/robocon_interfaces/local/lib/python3.10/dist-packages/robocon_interfaces/robocon_interfaces_s__rosidl_typesupport_introspection_c.cpython-310-x86_64-linux-gnu.so" to ""
[2.808s] -- Installing: /home/kyrgios/ros2ws/install/robocon_interfaces/local/lib/python3.10/dist-packages/robocon_interfaces/robocon_interfaces_s__rosidl_typesupport_c.cpython-310-x86_64-linux-gnu.so
[2.809s] -- Set runtime path of "/home/kyrgios/ros2ws/install/robocon_interfaces/local/lib/python3.10/dist-packages/robocon_interfaces/robocon_interfaces_s__rosidl_typesupport_c.cpython-310-x86_64-linux-gnu.so" to ""
[2.809s] -- Installing: /home/kyrgios/ros2ws/install/robocon_interfaces/lib/librobocon_interfaces__rosidl_generator_py.so
[2.809s] -- Set runtime path of "/home/kyrgios/ros2ws/install/robocon_interfaces/lib/librobocon_interfaces__rosidl_generator_py.so" to ""
[2.809s] -- Installing: /home/kyrgios/ros2ws/install/robocon_interfaces/share/robocon_interfaces/msg/ImageMsg.idl
[2.809s] -- Up-to-date: /home/kyrgios/ros2ws/install/robocon_interfaces/share/robocon_interfaces/srv/ImageAnalysis.idl
[2.809s] -- Installing: /home/kyrgios/ros2ws/install/robocon_interfaces/share/robocon_interfaces/msg/ImageMsg.msg
[2.809s] -- Up-to-date: /home/kyrgios/ros2ws/install/robocon_interfaces/share/robocon_interfaces/srv/ImageAnalysis.srv
[2.809s] -- Up-to-date: /home/kyrgios/ros2ws/install/robocon_interfaces/share/robocon_interfaces/srv/ImageAnalysis_Request.msg
[2.809s] -- Up-to-date: /home/kyrgios/ros2ws/install/robocon_interfaces/share/robocon_interfaces/srv/ImageAnalysis_Response.msg
[2.809s] -- Installing: /home/kyrgios/ros2ws/install/robocon_interfaces/share/ament_index/resource_index/package_run_dependencies/robocon_interfaces
[2.810s] -- Installing: /home/kyrgios/ros2ws/install/robocon_interfaces/share/ament_index/resource_index/parent_prefix_path/robocon_interfaces
[2.810s] -- Up-to-date: /home/kyrgios/ros2ws/install/robocon_interfaces/share/robocon_interfaces/environment/ament_prefix_path.sh
[2.810s] -- Installing: /home/kyrgios/ros2ws/install/robocon_interfaces/share/robocon_interfaces/environment/ament_prefix_path.dsv
[2.810s] -- Up-to-date: /home/kyrgios/ros2ws/install/robocon_interfaces/share/robocon_interfaces/environment/path.sh
[2.810s] -- Installing: /home/kyrgios/ros2ws/install/robocon_interfaces/share/robocon_interfaces/environment/path.dsv
[2.810s] -- Up-to-date: /home/kyrgios/ros2ws/install/robocon_interfaces/share/robocon_interfaces/local_setup.bash
[2.810s] -- Up-to-date: /home/kyrgios/ros2ws/install/robocon_interfaces/share/robocon_interfaces/local_setup.sh
[2.810s] -- Up-to-date: /home/kyrgios/ros2ws/install/robocon_interfaces/share/robocon_interfaces/local_setup.zsh
[2.810s] -- Installing: /home/kyrgios/ros2ws/install/robocon_interfaces/share/robocon_interfaces/local_setup.dsv
[2.810s] -- Installing: /home/kyrgios/ros2ws/install/robocon_interfaces/share/robocon_interfaces/package.dsv
[2.810s] -- Up-to-date: /home/kyrgios/ros2ws/install/robocon_interfaces/share/ament_index/resource_index/packages/robocon_interfaces
[2.811s] -- Old export file "/home/kyrgios/ros2ws/install/robocon_interfaces/share/robocon_interfaces/cmake/export_robocon_interfaces__rosidl_generator_cExport.cmake" will be replaced.  Removing files [/home/kyrgios/ros2ws/install/robocon_interfaces/share/robocon_interfaces/cmake/export_robocon_interfaces__rosidl_generator_cExport-noconfig.cmake].
[2.811s] -- Installing: /home/kyrgios/ros2ws/install/robocon_interfaces/share/robocon_interfaces/cmake/export_robocon_interfaces__rosidl_generator_cExport.cmake
[2.811s] -- Installing: /home/kyrgios/ros2ws/install/robocon_interfaces/share/robocon_interfaces/cmake/export_robocon_interfaces__rosidl_generator_cExport-noconfig.cmake
[2.811s] -- Old export file "/home/kyrgios/ros2ws/install/robocon_interfaces/share/robocon_interfaces/cmake/export_robocon_interfaces__rosidl_typesupport_fastrtps_cExport.cmake" will be replaced.  Removing files [/home/kyrgios/ros2ws/install/robocon_interfaces/share/robocon_interfaces/cmake/export_robocon_interfaces__rosidl_typesupport_fastrtps_cExport-noconfig.cmake].
[2.811s] -- Installing: /home/kyrgios/ros2ws/install/robocon_interfaces/share/robocon_interfaces/cmake/export_robocon_interfaces__rosidl_typesupport_fastrtps_cExport.cmake
[2.811s] -- Installing: /home/kyrgios/ros2ws/install/robocon_interfaces/share/robocon_interfaces/cmake/export_robocon_interfaces__rosidl_typesupport_fastrtps_cExport-noconfig.cmake
[2.811s] -- Old export file "/home/kyrgios/ros2ws/install/robocon_interfaces/share/robocon_interfaces/cmake/robocon_interfaces__rosidl_typesupport_introspection_cExport.cmake" will be replaced.  Removing files [/home/kyrgios/ros2ws/install/robocon_interfaces/share/robocon_interfaces/cmake/robocon_interfaces__rosidl_typesupport_introspection_cExport-noconfig.cmake].
[2.811s] -- Installing: /home/kyrgios/ros2ws/install/robocon_interfaces/share/robocon_interfaces/cmake/robocon_interfaces__rosidl_typesupport_introspection_cExport.cmake
[2.812s] -- Installing: /home/kyrgios/ros2ws/install/robocon_interfaces/share/robocon_interfaces/cmake/robocon_interfaces__rosidl_typesupport_introspection_cExport-noconfig.cmake
[2.812s] -- Old export file "/home/kyrgios/ros2ws/install/robocon_interfaces/share/robocon_interfaces/cmake/robocon_interfaces__rosidl_typesupport_cExport.cmake" will be replaced.  Removing files [/home/kyrgios/ros2ws/install/robocon_interfaces/share/robocon_interfaces/cmake/robocon_interfaces__rosidl_typesupport_cExport-noconfig.cmake].
[2.812s] -- Installing: /home/kyrgios/ros2ws/install/robocon_interfaces/share/robocon_interfaces/cmake/robocon_interfaces__rosidl_typesupport_cExport.cmake
[2.812s] -- Installing: /home/kyrgios/ros2ws/install/robocon_interfaces/share/robocon_interfaces/cmake/robocon_interfaces__rosidl_typesupport_cExport-noconfig.cmake
[2.812s] -- Installing: /home/kyrgios/ros2ws/install/robocon_interfaces/share/robocon_interfaces/cmake/export_robocon_interfaces__rosidl_generator_cppExport.cmake
[2.812s] -- Old export file "/home/kyrgios/ros2ws/install/robocon_interfaces/share/robocon_interfaces/cmake/export_robocon_interfaces__rosidl_typesupport_fastrtps_cppExport.cmake" will be replaced.  Removing files [/home/kyrgios/ros2ws/install/robocon_interfaces/share/robocon_interfaces/cmake/export_robocon_interfaces__rosidl_typesupport_fastrtps_cppExport-noconfig.cmake].
[2.812s] -- Installing: /home/kyrgios/ros2ws/install/robocon_interfaces/share/robocon_interfaces/cmake/export_robocon_interfaces__rosidl_typesupport_fastrtps_cppExport.cmake
[2.813s] -- Installing: /home/kyrgios/ros2ws/install/robocon_interfaces/share/robocon_interfaces/cmake/export_robocon_interfaces__rosidl_typesupport_fastrtps_cppExport-noconfig.cmake
[2.813s] -- Old export file "/home/kyrgios/ros2ws/install/robocon_interfaces/share/robocon_interfaces/cmake/robocon_interfaces__rosidl_typesupport_introspection_cppExport.cmake" will be replaced.  Removing files [/home/kyrgios/ros2ws/install/robocon_interfaces/share/robocon_interfaces/cmake/robocon_interfaces__rosidl_typesupport_introspection_cppExport-noconfig.cmake].
[2.813s] -- Installing: /home/kyrgios/ros2ws/install/robocon_interfaces/share/robocon_interfaces/cmake/robocon_interfaces__rosidl_typesupport_introspection_cppExport.cmake
[2.813s] -- Installing: /home/kyrgios/ros2ws/install/robocon_interfaces/share/robocon_interfaces/cmake/robocon_interfaces__rosidl_typesupport_introspection_cppExport-noconfig.cmake
[2.813s] -- Old export file "/home/kyrgios/ros2ws/install/robocon_interfaces/share/robocon_interfaces/cmake/robocon_interfaces__rosidl_typesupport_cppExport.cmake" will be replaced.  Removing files [/home/kyrgios/ros2ws/install/robocon_interfaces/share/robocon_interfaces/cmake/robocon_interfaces__rosidl_typesupport_cppExport-noconfig.cmake].
[2.813s] -- Installing: /home/kyrgios/ros2ws/install/robocon_interfaces/share/robocon_interfaces/cmake/robocon_interfaces__rosidl_typesupport_cppExport.cmake
[2.814s] -- Installing: /home/kyrgios/ros2ws/install/robocon_interfaces/share/robocon_interfaces/cmake/robocon_interfaces__rosidl_typesupport_cppExport-noconfig.cmake
[2.814s] -- Old export file "/home/kyrgios/ros2ws/install/robocon_interfaces/share/robocon_interfaces/cmake/export_robocon_interfaces__rosidl_generator_pyExport.cmake" will be replaced.  Removing files [/home/kyrgios/ros2ws/install/robocon_interfaces/share/robocon_interfaces/cmake/export_robocon_interfaces__rosidl_generator_pyExport-noconfig.cmake].
[2.814s] -- Installing: /home/kyrgios/ros2ws/install/robocon_interfaces/share/robocon_interfaces/cmake/export_robocon_interfaces__rosidl_generator_pyExport.cmake
[2.814s] -- Installing: /home/kyrgios/ros2ws/install/robocon_interfaces/share/robocon_interfaces/cmake/export_robocon_interfaces__rosidl_generator_pyExport-noconfig.cmake
[2.814s] -- Installing: /home/kyrgios/ros2ws/install/robocon_interfaces/share/robocon_interfaces/cmake/rosidl_cmake-extras.cmake
[2.814s] -- Installing: /home/kyrgios/ros2ws/install/robocon_interfaces/share/robocon_interfaces/cmake/ament_cmake_export_dependencies-extras.cmake
[2.814s] -- Up-to-date: /home/kyrgios/ros2ws/install/robocon_interfaces/share/robocon_interfaces/cmake/ament_cmake_export_include_directories-extras.cmake
[2.814s] -- Up-to-date: /home/kyrgios/ros2ws/install/robocon_interfaces/share/robocon_interfaces/cmake/ament_cmake_export_libraries-extras.cmake
[2.814s] -- Up-to-date: /home/kyrgios/ros2ws/install/robocon_interfaces/share/robocon_interfaces/cmake/ament_cmake_export_targets-extras.cmake
[2.815s] -- Up-to-date: /home/kyrgios/ros2ws/install/robocon_interfaces/share/robocon_interfaces/cmake/rosidl_cmake_export_typesupport_targets-extras.cmake
[2.815s] -- Up-to-date: /home/kyrgios/ros2ws/install/robocon_interfaces/share/robocon_interfaces/cmake/rosidl_cmake_export_typesupport_libraries-extras.cmake
[2.815s] -- Installing: /home/kyrgios/ros2ws/install/robocon_interfaces/share/robocon_interfaces/cmake/robocon_interfacesConfig.cmake
[2.815s] -- Up-to-date: /home/kyrgios/ros2ws/install/robocon_interfaces/share/robocon_interfaces/cmake/robocon_interfacesConfig-version.cmake
[2.815s] -- Installing: /home/kyrgios/ros2ws/install/robocon_interfaces/share/robocon_interfaces/package.xml
[2.817s] Invoked command in '/home/kyrgios/ros2ws/build/robocon_interfaces' returned '0': CMAKE_PREFIX_PATH=${CMAKE_PREFIX_PATH}:/home/kyrgios/ros2ws/install/robocon_camera:/home/kyrgios/ros2ws/install/robocon_basics:/home/kyrgios/ros2ws/install/py_pubsub:/opt/ros/humble /usr/bin/cmake --install /home/kyrgios/ros2ws/build/robocon_interfaces
