[0.135s] DEBUG:colcon:Command line arguments: ['/usr/bin/colcon', 'build', '--packages-select', 'robocon_interfaces', '--event-handlers', 'console_direct+']
[0.135s] DEBUG:colcon:Parsed command line arguments: Namespace(log_base=None, log_level=None, verb_name='build', build_base='build', install_base='install', merge_install=False, symlink_install=False, test_result_base=None, continue_on_error=False, executor='parallel', parallel_workers=12, event_handlers=['console_direct+'], ignore_user_meta=False, metas=['./colcon.meta'], base_paths=['.'], packages_ignore=None, packages_ignore_regex=None, paths=None, packages_up_to=None, packages_up_to_regex=None, packages_above=None, packages_above_and_dependencies=None, packages_above_depth=None, packages_select_by_dep=None, packages_skip_by_dep=None, packages_skip_up_to=None, packages_select_build_failed=False, packages_skip_build_finished=False, packages_select_test_failures=False, packages_skip_test_passed=False, packages_select=['robocon_interfaces'], packages_skip=None, packages_select_regex=None, packages_skip_regex=None, packages_start=None, packages_end=None, allow_overriding=[], cmake_args=None, cmake_target=None, cmake_target_skip_unavailable=False, cmake_clean_cache=False, cmake_clean_first=False, cmake_force_configure=False, ament_cmake_args=None, catkin_cmake_args=None, catkin_skip_building_tests=False, verb_parser=<colcon_defaults.argument_parser.defaults.DefaultArgumentsDecorator object at 0x770321570d60>, verb_extension=<colcon_core.verb.build.BuildVerb object at 0x7703216e9ae0>, main=<bound method BuildVerb.main of <colcon_core.verb.build.BuildVerb object at 0x7703216e9ae0>>)
[0.346s] Level 1:colcon.colcon_core.package_discovery:discover_packages(colcon_meta) check parameters
[0.346s] Level 1:colcon.colcon_core.package_discovery:discover_packages(recursive) check parameters
[0.346s] Level 1:colcon.colcon_core.package_discovery:discover_packages(ignore) check parameters
[0.346s] Level 1:colcon.colcon_core.package_discovery:discover_packages(path) check parameters
[0.346s] Level 1:colcon.colcon_core.package_discovery:discover_packages(colcon_meta) discover
[0.346s] Level 1:colcon.colcon_core.package_discovery:discover_packages(recursive) discover
[0.346s] INFO:colcon.colcon_core.package_discovery:Crawling recursively for packages in '/home/kyrgios/ros2ws/src'
[0.346s] Level 1:colcon.colcon_core.package_identification:_identify(.) by extensions ['ignore', 'ignore_ament_install']
[0.347s] Level 1:colcon.colcon_core.package_identification:_identify(.) by extension 'ignore'
[0.347s] Level 1:colcon.colcon_core.package_identification:_identify(.) by extension 'ignore_ament_install'
[0.347s] Level 1:colcon.colcon_core.package_identification:_identify(.) by extensions ['colcon_pkg']
[0.347s] Level 1:colcon.colcon_core.package_identification:_identify(.) by extension 'colcon_pkg'
[0.347s] Level 1:colcon.colcon_core.package_identification:_identify(.) by extensions ['colcon_meta']
[0.347s] Level 1:colcon.colcon_core.package_identification:_identify(.) by extension 'colcon_meta'
[0.347s] Level 1:colcon.colcon_core.package_identification:_identify(.) by extensions ['ros']
[0.347s] Level 1:colcon.colcon_core.package_identification:_identify(.) by extension 'ros'
[0.383s] Level 1:colcon.colcon_core.package_identification:_identify(.) by extensions ['cmake', 'python']
[0.383s] Level 1:colcon.colcon_core.package_identification:_identify(.) by extension 'cmake'
[0.383s] Level 1:colcon.colcon_core.package_identification:_identify(.) by extension 'python'
[0.383s] Level 1:colcon.colcon_core.package_identification:_identify(.) by extensions ['python_setup_py']
[0.383s] Level 1:colcon.colcon_core.package_identification:_identify(.) by extension 'python_setup_py'
[0.384s] Level 1:colcon.colcon_core.package_identification:_identify(build) by extensions ['ignore', 'ignore_ament_install']
[0.384s] Level 1:colcon.colcon_core.package_identification:_identify(build) by extension 'ignore'
[0.384s] Level 1:colcon.colcon_core.package_identification:_identify(build) ignored
[0.384s] Level 1:colcon.colcon_core.package_identification:_identify(cpp_pubsub) by extensions ['ignore', 'ignore_ament_install']
[0.384s] Level 1:colcon.colcon_core.package_identification:_identify(cpp_pubsub) by extension 'ignore'
[0.384s] Level 1:colcon.colcon_core.package_identification:_identify(cpp_pubsub) by extension 'ignore_ament_install'
[0.384s] Level 1:colcon.colcon_core.package_identification:_identify(cpp_pubsub) by extensions ['colcon_pkg']
[0.384s] Level 1:colcon.colcon_core.package_identification:_identify(cpp_pubsub) by extension 'colcon_pkg'
[0.384s] Level 1:colcon.colcon_core.package_identification:_identify(cpp_pubsub) by extensions ['colcon_meta']
[0.384s] Level 1:colcon.colcon_core.package_identification:_identify(cpp_pubsub) by extension 'colcon_meta'
[0.384s] Level 1:colcon.colcon_core.package_identification:_identify(cpp_pubsub) by extensions ['ros']
[0.384s] Level 1:colcon.colcon_core.package_identification:_identify(cpp_pubsub) by extension 'ros'
[0.386s] DEBUG:colcon.colcon_core.package_identification:Package 'cpp_pubsub' with type 'ros.ament_cmake' and name 'cpp_pubsub'
[0.386s] Level 1:colcon.colcon_core.package_identification:_identify(cpp_srvcli) by extensions ['ignore', 'ignore_ament_install']
[0.386s] Level 1:colcon.colcon_core.package_identification:_identify(cpp_srvcli) by extension 'ignore'
[0.386s] Level 1:colcon.colcon_core.package_identification:_identify(cpp_srvcli) by extension 'ignore_ament_install'
[0.386s] Level 1:colcon.colcon_core.package_identification:_identify(cpp_srvcli) by extensions ['colcon_pkg']
[0.386s] Level 1:colcon.colcon_core.package_identification:_identify(cpp_srvcli) by extension 'colcon_pkg'
[0.386s] Level 1:colcon.colcon_core.package_identification:_identify(cpp_srvcli) by extensions ['colcon_meta']
[0.386s] Level 1:colcon.colcon_core.package_identification:_identify(cpp_srvcli) by extension 'colcon_meta'
[0.386s] Level 1:colcon.colcon_core.package_identification:_identify(cpp_srvcli) by extensions ['ros']
[0.386s] Level 1:colcon.colcon_core.package_identification:_identify(cpp_srvcli) by extension 'ros'
[0.387s] DEBUG:colcon.colcon_core.package_identification:Package 'cpp_srvcli' with type 'ros.ament_cmake' and name 'cpp_srvcli'
[0.387s] Level 1:colcon.colcon_core.package_identification:_identify(install) by extensions ['ignore', 'ignore_ament_install']
[0.387s] Level 1:colcon.colcon_core.package_identification:_identify(install) by extension 'ignore'
[0.387s] Level 1:colcon.colcon_core.package_identification:_identify(install) ignored
[0.387s] Level 1:colcon.colcon_core.package_identification:_identify(log) by extensions ['ignore', 'ignore_ament_install']
[0.387s] Level 1:colcon.colcon_core.package_identification:_identify(log) by extension 'ignore'
[0.387s] Level 1:colcon.colcon_core.package_identification:_identify(log) ignored
[0.387s] Level 1:colcon.colcon_core.package_identification:_identify(py_pubsub) by extensions ['ignore', 'ignore_ament_install']
[0.387s] Level 1:colcon.colcon_core.package_identification:_identify(py_pubsub) by extension 'ignore'
[0.387s] Level 1:colcon.colcon_core.package_identification:_identify(py_pubsub) by extension 'ignore_ament_install'
[0.387s] Level 1:colcon.colcon_core.package_identification:_identify(py_pubsub) by extensions ['colcon_pkg']
[0.387s] Level 1:colcon.colcon_core.package_identification:_identify(py_pubsub) by extension 'colcon_pkg'
[0.387s] Level 1:colcon.colcon_core.package_identification:_identify(py_pubsub) by extensions ['colcon_meta']
[0.387s] Level 1:colcon.colcon_core.package_identification:_identify(py_pubsub) by extension 'colcon_meta'
[0.387s] Level 1:colcon.colcon_core.package_identification:_identify(py_pubsub) by extensions ['ros']
[0.387s] Level 1:colcon.colcon_core.package_identification:_identify(py_pubsub) by extension 'ros'
[0.388s] DEBUG:colcon.colcon_core.package_identification:Package 'py_pubsub' with type 'ros.ament_python' and name 'py_pubsub'
[0.388s] Level 1:colcon.colcon_core.package_identification:_identify(robocon_basics) by extensions ['ignore', 'ignore_ament_install']
[0.388s] Level 1:colcon.colcon_core.package_identification:_identify(robocon_basics) by extension 'ignore'
[0.388s] Level 1:colcon.colcon_core.package_identification:_identify(robocon_basics) by extension 'ignore_ament_install'
[0.388s] Level 1:colcon.colcon_core.package_identification:_identify(robocon_basics) by extensions ['colcon_pkg']
[0.388s] Level 1:colcon.colcon_core.package_identification:_identify(robocon_basics) by extension 'colcon_pkg'
[0.388s] Level 1:colcon.colcon_core.package_identification:_identify(robocon_basics) by extensions ['colcon_meta']
[0.388s] Level 1:colcon.colcon_core.package_identification:_identify(robocon_basics) by extension 'colcon_meta'
[0.388s] Level 1:colcon.colcon_core.package_identification:_identify(robocon_basics) by extensions ['ros']
[0.388s] Level 1:colcon.colcon_core.package_identification:_identify(robocon_basics) by extension 'ros'
[0.389s] DEBUG:colcon.colcon_core.package_identification:Package 'robocon_basics' with type 'ros.ament_python' and name 'robocon_basics'
[0.389s] Level 1:colcon.colcon_core.package_identification:_identify(robocon_camera) by extensions ['ignore', 'ignore_ament_install']
[0.389s] Level 1:colcon.colcon_core.package_identification:_identify(robocon_camera) by extension 'ignore'
[0.389s] Level 1:colcon.colcon_core.package_identification:_identify(robocon_camera) by extension 'ignore_ament_install'
[0.389s] Level 1:colcon.colcon_core.package_identification:_identify(robocon_camera) by extensions ['colcon_pkg']
[0.389s] Level 1:colcon.colcon_core.package_identification:_identify(robocon_camera) by extension 'colcon_pkg'
[0.389s] Level 1:colcon.colcon_core.package_identification:_identify(robocon_camera) by extensions ['colcon_meta']
[0.389s] Level 1:colcon.colcon_core.package_identification:_identify(robocon_camera) by extension 'colcon_meta'
[0.389s] Level 1:colcon.colcon_core.package_identification:_identify(robocon_camera) by extensions ['ros']
[0.389s] Level 1:colcon.colcon_core.package_identification:_identify(robocon_camera) by extension 'ros'
[0.390s] DEBUG:colcon.colcon_core.package_identification:Package 'robocon_camera' with type 'ros.ament_python' and name 'robocon_camera'
[0.390s] Level 1:colcon.colcon_core.package_identification:_identify(robocon_interfaces) by extensions ['ignore', 'ignore_ament_install']
[0.390s] Level 1:colcon.colcon_core.package_identification:_identify(robocon_interfaces) by extension 'ignore'
[0.390s] Level 1:colcon.colcon_core.package_identification:_identify(robocon_interfaces) by extension 'ignore_ament_install'
[0.390s] Level 1:colcon.colcon_core.package_identification:_identify(robocon_interfaces) by extensions ['colcon_pkg']
[0.390s] Level 1:colcon.colcon_core.package_identification:_identify(robocon_interfaces) by extension 'colcon_pkg'
[0.390s] Level 1:colcon.colcon_core.package_identification:_identify(robocon_interfaces) by extensions ['colcon_meta']
[0.390s] Level 1:colcon.colcon_core.package_identification:_identify(robocon_interfaces) by extension 'colcon_meta'
[0.390s] Level 1:colcon.colcon_core.package_identification:_identify(robocon_interfaces) by extensions ['ros']
[0.390s] Level 1:colcon.colcon_core.package_identification:_identify(robocon_interfaces) by extension 'ros'
[0.390s] DEBUG:colcon.colcon_core.package_identification:Package 'robocon_interfaces' with type 'ros.ament_cmake' and name 'robocon_interfaces'
[0.390s] Level 1:colcon.colcon_core.package_discovery:discover_packages(recursive) using defaults
[0.390s] Level 1:colcon.colcon_core.package_discovery:discover_packages(ignore) discover
[0.390s] Level 1:colcon.colcon_core.package_discovery:discover_packages(ignore) using defaults
[0.390s] Level 1:colcon.colcon_core.package_discovery:discover_packages(path) discover
[0.390s] Level 1:colcon.colcon_core.package_discovery:discover_packages(path) using defaults
[0.406s] INFO:colcon.colcon_core.package_selection:Skipping not selected package 'cpp_pubsub' in 'cpp_pubsub'
[0.406s] INFO:colcon.colcon_core.package_selection:Skipping not selected package 'cpp_srvcli' in 'cpp_srvcli'
[0.406s] INFO:colcon.colcon_core.package_selection:Skipping not selected package 'py_pubsub' in 'py_pubsub'
[0.406s] INFO:colcon.colcon_core.package_selection:Skipping not selected package 'robocon_basics' in 'robocon_basics'
[0.406s] INFO:colcon.colcon_core.package_selection:Skipping not selected package 'robocon_camera' in 'robocon_camera'
[0.406s] Level 1:colcon.colcon_core.package_discovery:discover_packages(prefix_path) check parameters
[0.406s] Level 1:colcon.colcon_core.package_discovery:discover_packages(prefix_path) discover
[0.408s] DEBUG:colcon.colcon_installed_package_information.package_discovery:Found 1 installed packages in /home/kyrgios/ros2ws/src/install
[0.409s] DEBUG:colcon.colcon_installed_package_information.package_discovery:Found 313 installed packages in /opt/ros/humble
[0.410s] Level 1:colcon.colcon_core.package_discovery:discover_packages(prefix_path) using defaults
[0.440s] Level 5:colcon.colcon_core.verb:set package 'robocon_interfaces' build argument 'cmake_args' from command line to 'None'
[0.440s] Level 5:colcon.colcon_core.verb:set package 'robocon_interfaces' build argument 'cmake_target' from command line to 'None'
[0.440s] Level 5:colcon.colcon_core.verb:set package 'robocon_interfaces' build argument 'cmake_target_skip_unavailable' from command line to 'False'
[0.440s] Level 5:colcon.colcon_core.verb:set package 'robocon_interfaces' build argument 'cmake_clean_cache' from command line to 'False'
[0.440s] Level 5:colcon.colcon_core.verb:set package 'robocon_interfaces' build argument 'cmake_clean_first' from command line to 'False'
[0.440s] Level 5:colcon.colcon_core.verb:set package 'robocon_interfaces' build argument 'cmake_force_configure' from command line to 'False'
[0.440s] Level 5:colcon.colcon_core.verb:set package 'robocon_interfaces' build argument 'ament_cmake_args' from command line to 'None'
[0.440s] Level 5:colcon.colcon_core.verb:set package 'robocon_interfaces' build argument 'catkin_cmake_args' from command line to 'None'
[0.440s] Level 5:colcon.colcon_core.verb:set package 'robocon_interfaces' build argument 'catkin_skip_building_tests' from command line to 'False'
[0.440s] DEBUG:colcon.colcon_core.verb:Building package 'robocon_interfaces' with the following arguments: {'ament_cmake_args': None, 'build_base': '/home/kyrgios/ros2ws/src/build/robocon_interfaces', 'catkin_cmake_args': None, 'catkin_skip_building_tests': False, 'cmake_args': None, 'cmake_clean_cache': False, 'cmake_clean_first': False, 'cmake_force_configure': False, 'cmake_target': None, 'cmake_target_skip_unavailable': False, 'install_base': '/home/kyrgios/ros2ws/src/install/robocon_interfaces', 'merge_install': False, 'path': '/home/kyrgios/ros2ws/src/robocon_interfaces', 'symlink_install': False, 'test_result_base': None}
[0.440s] INFO:colcon.colcon_core.executor:Executing jobs using 'parallel' executor
[0.441s] DEBUG:colcon.colcon_parallel_executor.executor.parallel:run_until_complete
[0.441s] INFO:colcon.colcon_ros.task.ament_cmake.build:Building ROS package in '/home/kyrgios/ros2ws/src/robocon_interfaces' with build type 'ament_cmake'
[0.441s] INFO:colcon.colcon_cmake.task.cmake.build:Building CMake package in '/home/kyrgios/ros2ws/src/robocon_interfaces'
[0.443s] INFO:colcon.colcon_core.plugin_system:Skipping extension 'colcon_core.shell.bat': Not used on non-Windows systems
[0.443s] INFO:colcon.colcon_core.shell:Skip shell extension 'powershell' for command environment: Not usable outside of PowerShell
[0.443s] DEBUG:colcon.colcon_core.shell:Skip shell extension 'dsv' for command environment
[0.452s] DEBUG:colcon.colcon_core.event_handler.log_command:Invoking command in '/home/kyrgios/ros2ws/src/build/robocon_interfaces': CMAKE_PREFIX_PATH=/home/kyrgios/ros2ws/src/install/robocon_camera:/opt/ros/humble /usr/bin/cmake /home/kyrgios/ros2ws/src/robocon_interfaces -DCMAKE_INSTALL_PREFIX=/home/kyrgios/ros2ws/src/install/robocon_interfaces
[2.187s] DEBUG:colcon.colcon_core.event_handler.log_command:Invoked command in '/home/kyrgios/ros2ws/src/build/robocon_interfaces' returned '0': CMAKE_PREFIX_PATH=/home/kyrgios/ros2ws/src/install/robocon_camera:/opt/ros/humble /usr/bin/cmake /home/kyrgios/ros2ws/src/robocon_interfaces -DCMAKE_INSTALL_PREFIX=/home/kyrgios/ros2ws/src/install/robocon_interfaces
[2.188s] DEBUG:colcon.colcon_core.event_handler.log_command:Invoking command in '/home/kyrgios/ros2ws/src/build/robocon_interfaces': CMAKE_PREFIX_PATH=/home/kyrgios/ros2ws/src/install/robocon_camera:/opt/ros/humble /usr/bin/cmake --build /home/kyrgios/ros2ws/src/build/robocon_interfaces -- -j12 -l12
[4.061s] DEBUG:colcon.colcon_core.event_handler.log_command:Invoked command in '/home/kyrgios/ros2ws/src/build/robocon_interfaces' returned '0': CMAKE_PREFIX_PATH=/home/kyrgios/ros2ws/src/install/robocon_camera:/opt/ros/humble /usr/bin/cmake --build /home/kyrgios/ros2ws/src/build/robocon_interfaces -- -j12 -l12
[4.076s] DEBUG:colcon.colcon_core.event_handler.log_command:Invoking command in '/home/kyrgios/ros2ws/src/build/robocon_interfaces': CMAKE_PREFIX_PATH=/home/kyrgios/ros2ws/src/install/robocon_camera:/opt/ros/humble /usr/bin/cmake --install /home/kyrgios/ros2ws/src/build/robocon_interfaces
[4.153s] Level 1:colcon.colcon_core.environment:create_environment_scripts_only(robocon_interfaces)
[4.154s] DEBUG:colcon.colcon_core.event_handler.log_command:Invoked command in '/home/kyrgios/ros2ws/src/build/robocon_interfaces' returned '0': CMAKE_PREFIX_PATH=/home/kyrgios/ros2ws/src/install/robocon_camera:/opt/ros/humble /usr/bin/cmake --install /home/kyrgios/ros2ws/src/build/robocon_interfaces
[4.156s] Level 1:colcon.colcon_core.environment:checking '/home/kyrgios/ros2ws/src/install/robocon_interfaces' for CMake module files
[4.156s] Level 1:colcon.colcon_core.environment:checking '/home/kyrgios/ros2ws/src/install/robocon_interfaces' for CMake config files
[4.157s] Level 1:colcon.colcon_core.shell:create_environment_hook('robocon_interfaces', 'cmake_prefix_path')
[4.157s] INFO:colcon.colcon_core.shell:Creating environment hook '/home/kyrgios/ros2ws/src/install/robocon_interfaces/share/robocon_interfaces/hook/cmake_prefix_path.ps1'
[4.158s] INFO:colcon.colcon_core.shell:Creating environment descriptor '/home/kyrgios/ros2ws/src/install/robocon_interfaces/share/robocon_interfaces/hook/cmake_prefix_path.dsv'
[4.158s] INFO:colcon.colcon_core.shell:Creating environment hook '/home/kyrgios/ros2ws/src/install/robocon_interfaces/share/robocon_interfaces/hook/cmake_prefix_path.sh'
[4.159s] Level 1:colcon.colcon_core.environment:checking '/home/kyrgios/ros2ws/src/install/robocon_interfaces/lib'
[4.159s] Level 1:colcon.colcon_core.shell:create_environment_hook('robocon_interfaces', 'ld_library_path_lib')
[4.159s] INFO:colcon.colcon_core.shell:Creating environment hook '/home/kyrgios/ros2ws/src/install/robocon_interfaces/share/robocon_interfaces/hook/ld_library_path_lib.ps1'
[4.159s] INFO:colcon.colcon_core.shell:Creating environment descriptor '/home/kyrgios/ros2ws/src/install/robocon_interfaces/share/robocon_interfaces/hook/ld_library_path_lib.dsv'
[4.160s] INFO:colcon.colcon_core.shell:Creating environment hook '/home/kyrgios/ros2ws/src/install/robocon_interfaces/share/robocon_interfaces/hook/ld_library_path_lib.sh'
[4.160s] Level 1:colcon.colcon_core.environment:checking '/home/kyrgios/ros2ws/src/install/robocon_interfaces/bin'
[4.160s] Level 1:colcon.colcon_core.environment:checking '/home/kyrgios/ros2ws/src/install/robocon_interfaces/lib/pkgconfig/robocon_interfaces.pc'
[4.160s] Level 1:colcon.colcon_core.environment:checking '/home/kyrgios/ros2ws/src/install/robocon_interfaces/lib/python3.10/site-packages'
[4.160s] Level 1:colcon.colcon_core.environment:checking '/home/kyrgios/ros2ws/src/install/robocon_interfaces/bin'
[4.161s] INFO:colcon.colcon_core.shell:Creating package script '/home/kyrgios/ros2ws/src/install/robocon_interfaces/share/robocon_interfaces/package.ps1'
[4.161s] INFO:colcon.colcon_core.shell:Creating package descriptor '/home/kyrgios/ros2ws/src/install/robocon_interfaces/share/robocon_interfaces/package.dsv'
[4.162s] INFO:colcon.colcon_core.shell:Creating package script '/home/kyrgios/ros2ws/src/install/robocon_interfaces/share/robocon_interfaces/package.sh'
[4.162s] INFO:colcon.colcon_core.shell:Creating package script '/home/kyrgios/ros2ws/src/install/robocon_interfaces/share/robocon_interfaces/package.bash'
[4.163s] INFO:colcon.colcon_core.shell:Creating package script '/home/kyrgios/ros2ws/src/install/robocon_interfaces/share/robocon_interfaces/package.zsh'
[4.164s] Level 1:colcon.colcon_core.environment:create_file_with_runtime_dependencies(/home/kyrgios/ros2ws/src/install/robocon_interfaces/share/colcon-core/packages/robocon_interfaces)
[4.164s] Level 1:colcon.colcon_core.environment:create_environment_scripts_only(robocon_interfaces)
[4.165s] Level 1:colcon.colcon_core.environment:checking '/home/kyrgios/ros2ws/src/install/robocon_interfaces' for CMake module files
[4.166s] Level 1:colcon.colcon_core.environment:checking '/home/kyrgios/ros2ws/src/install/robocon_interfaces' for CMake config files
[4.166s] Level 1:colcon.colcon_core.shell:create_environment_hook('robocon_interfaces', 'cmake_prefix_path')
[4.167s] INFO:colcon.colcon_core.shell:Creating environment hook '/home/kyrgios/ros2ws/src/install/robocon_interfaces/share/robocon_interfaces/hook/cmake_prefix_path.ps1'
[4.167s] INFO:colcon.colcon_core.shell:Creating environment descriptor '/home/kyrgios/ros2ws/src/install/robocon_interfaces/share/robocon_interfaces/hook/cmake_prefix_path.dsv'
[4.167s] INFO:colcon.colcon_core.shell:Creating environment hook '/home/kyrgios/ros2ws/src/install/robocon_interfaces/share/robocon_interfaces/hook/cmake_prefix_path.sh'
[4.168s] Level 1:colcon.colcon_core.environment:checking '/home/kyrgios/ros2ws/src/install/robocon_interfaces/lib'
[4.168s] Level 1:colcon.colcon_core.shell:create_environment_hook('robocon_interfaces', 'ld_library_path_lib')
[4.168s] INFO:colcon.colcon_core.shell:Creating environment hook '/home/kyrgios/ros2ws/src/install/robocon_interfaces/share/robocon_interfaces/hook/ld_library_path_lib.ps1'
[4.169s] INFO:colcon.colcon_core.shell:Creating environment descriptor '/home/kyrgios/ros2ws/src/install/robocon_interfaces/share/robocon_interfaces/hook/ld_library_path_lib.dsv'
[4.169s] INFO:colcon.colcon_core.shell:Creating environment hook '/home/kyrgios/ros2ws/src/install/robocon_interfaces/share/robocon_interfaces/hook/ld_library_path_lib.sh'
[4.169s] Level 1:colcon.colcon_core.environment:checking '/home/kyrgios/ros2ws/src/install/robocon_interfaces/bin'
[4.169s] Level 1:colcon.colcon_core.environment:checking '/home/kyrgios/ros2ws/src/install/robocon_interfaces/lib/pkgconfig/robocon_interfaces.pc'
[4.170s] Level 1:colcon.colcon_core.environment:checking '/home/kyrgios/ros2ws/src/install/robocon_interfaces/lib/python3.10/site-packages'
[4.170s] Level 1:colcon.colcon_core.environment:checking '/home/kyrgios/ros2ws/src/install/robocon_interfaces/bin'
[4.170s] INFO:colcon.colcon_core.shell:Creating package script '/home/kyrgios/ros2ws/src/install/robocon_interfaces/share/robocon_interfaces/package.ps1'
[4.171s] INFO:colcon.colcon_core.shell:Creating package descriptor '/home/kyrgios/ros2ws/src/install/robocon_interfaces/share/robocon_interfaces/package.dsv'
[4.171s] INFO:colcon.colcon_core.shell:Creating package script '/home/kyrgios/ros2ws/src/install/robocon_interfaces/share/robocon_interfaces/package.sh'
[4.172s] INFO:colcon.colcon_core.shell:Creating package script '/home/kyrgios/ros2ws/src/install/robocon_interfaces/share/robocon_interfaces/package.bash'
[4.172s] INFO:colcon.colcon_core.shell:Creating package script '/home/kyrgios/ros2ws/src/install/robocon_interfaces/share/robocon_interfaces/package.zsh'
[4.173s] Level 1:colcon.colcon_core.environment:create_file_with_runtime_dependencies(/home/kyrgios/ros2ws/src/install/robocon_interfaces/share/colcon-core/packages/robocon_interfaces)
[4.173s] DEBUG:colcon.colcon_parallel_executor.executor.parallel:closing loop
[4.173s] DEBUG:colcon.colcon_parallel_executor.executor.parallel:loop closed
[4.174s] DEBUG:colcon.colcon_parallel_executor.executor.parallel:run_until_complete finished with '0'
[4.174s] DEBUG:colcon.colcon_core.event_reactor:joining thread
[4.179s] INFO:colcon.colcon_core.plugin_system:Skipping extension 'colcon_notification.desktop_notification.terminal_notifier': Not used on non-Darwin systems
[4.179s] INFO:colcon.colcon_core.plugin_system:Skipping extension 'colcon_notification.desktop_notification.win32': Not used on non-Windows systems
[4.179s] INFO:colcon.colcon_notification.desktop_notification:Sending desktop notification using 'notify2'
[4.190s] DEBUG:colcon.colcon_core.event_reactor:joined thread
[4.190s] INFO:colcon.colcon_core.shell:Creating prefix script '/home/kyrgios/ros2ws/src/install/local_setup.ps1'
[4.191s] INFO:colcon.colcon_core.shell:Creating prefix util module '/home/kyrgios/ros2ws/src/install/_local_setup_util_ps1.py'
[4.192s] INFO:colcon.colcon_core.shell:Creating prefix chain script '/home/kyrgios/ros2ws/src/install/setup.ps1'
[4.193s] INFO:colcon.colcon_core.shell:Creating prefix script '/home/kyrgios/ros2ws/src/install/local_setup.sh'
[4.194s] INFO:colcon.colcon_core.shell:Creating prefix util module '/home/kyrgios/ros2ws/src/install/_local_setup_util_sh.py'
[4.194s] INFO:colcon.colcon_core.shell:Creating prefix chain script '/home/kyrgios/ros2ws/src/install/setup.sh'
[4.195s] INFO:colcon.colcon_core.shell:Creating prefix script '/home/kyrgios/ros2ws/src/install/local_setup.bash'
[4.195s] INFO:colcon.colcon_core.shell:Creating prefix chain script '/home/kyrgios/ros2ws/src/install/setup.bash'
[4.196s] INFO:colcon.colcon_core.shell:Creating prefix script '/home/kyrgios/ros2ws/src/install/local_setup.zsh'
[4.197s] INFO:colcon.colcon_core.shell:Creating prefix chain script '/home/kyrgios/ros2ws/src/install/setup.zsh'
