[0.014s] Invoking command in '/home/kyrgios/ros2ws/build/cpp_srvcli': CMAKE_PREFIX_PATH=${CMAKE_PREFIX_PATH}:/opt/ros/humble /usr/bin/cmake --build /home/kyrgios/ros2ws/build/cpp_srvcli -- -j12 -l12
[0.049s] -- Found ament_cmake: 1.3.12 (/opt/ros/humble/share/ament_cmake/cmake)
[0.197s] -- Found rclcpp: 16.0.16 (/opt/ros/humble/share/rclcpp/cmake)
[0.234s] -- Found rosidl_generator_c: 3.1.7 (/opt/ros/humble/share/rosidl_generator_c/cmake)
[0.237s] -- Found rosidl_adapter: 3.1.7 (/opt/ros/humble/share/rosidl_adapter/cmake)
[0.244s] -- Found rosidl_generator_cpp: 3.1.7 (/opt/ros/humble/share/rosidl_generator_cpp/cmake)
[0.254s] -- Using all available rosidl_typesupport_c: rosidl_typesupport_fastrtps_c;rosidl_typesupport_introspection_c
[0.267s] -- Using all available rosidl_typesupport_cpp: rosidl_typesupport_fastrtps_cpp;rosidl_typesupport_introspection_cpp
[0.302s] -- Found rmw_implementation_cmake: 6.1.2 (/opt/ros/humble/share/rmw_implementation_cmake/cmake)
[0.303s] -- Found rmw_fastrtps_cpp: 6.2.9 (/opt/ros/humble/share/rmw_fastrtps_cpp/cmake)
[0.413s] -- Using RMW implementation 'rmw_fastrtps_cpp' as default
[0.453s] -- Found example_interfaces: 0.9.3 (/opt/ros/humble/share/example_interfaces/cmake)
[0.480s] [31mCMake Error at CMakeLists.txt:14 (add_executable):
[0.480s]   add_executable cannot create target "server" because another target with
[0.480s]   the same name already exists.  The existing target is an executable created
[0.481s]   in source directory "/home/kyrgios/ros2ws/src/cpp_srvcli".  See
[0.481s]   documentation for policy CMP0002 for more details.
[0.481s] 
[0.481s] [0m
[0.481s] [31mCMake Error at /opt/ros/humble/share/ament_cmake_target_dependencies/cmake/ament_target_dependencies.cmake:42 (message):
[0.481s]   ament_target_dependencies() the first argument must be a valid target name
[0.481s] Call Stack (most recent call first):
[0.481s]   CMakeLists.txt:16 (ament_target_dependencies)
[0.481s] 
[0.481s] [0m
[0.481s] -- Configuring incomplete, errors occurred!
[0.481s] See also "/home/kyrgios/ros2ws/build/cpp_srvcli/CMakeFiles/CMakeOutput.log".
[0.486s] gmake: *** [Makefile:267: cmake_check_build_system] Error 1
[0.488s] Invoked command in '/home/kyrgios/ros2ws/build/cpp_srvcli' returned '2': CMAKE_PREFIX_PATH=${CMAKE_PREFIX_PATH}:/opt/ros/humble /usr/bin/cmake --build /home/kyrgios/ros2ws/build/cpp_srvcli -- -j12 -l12
