[0.453s] Invoking command in '/home/kyrgios/ros2ws/src/robocon_camera': LD_LIBRARY_PATH=/home/kyrgios/ros2ws/install/robocon_interfaces/lib:${LD_LIBRARY_PATH} PYTHONPATH=/home/kyrgios/ros2ws/build/robocon_camera/prefix_override:/usr/lib/python3/dist-packages/colcon_core/task/python/colcon_distutils_commands:/home/kyrgios/ros2ws/install/robocon_camera/lib/python3.10/site-packages:/home/kyrgios/ros2ws/install/robocon_interfaces/local/lib/python3.10/dist-packages:${PYTHONPATH} /usr/bin/python3 -W ignore:setup.py install is deprecated -W ignore:easy_install command is deprecated setup.py egg_info --egg-base ../../build/robocon_camera build --build-base /home/kyrgios/ros2ws/build/robocon_camera/build install --record /home/kyrgios/ros2ws/build/robocon_camera/install.log --single-version-externally-managed install_data
[0.617s] running egg_info
[0.618s] writing ../../build/robocon_camera/robocon_camera.egg-info/PKG-INFO
[0.618s] writing dependency_links to ../../build/robocon_camera/robocon_camera.egg-info/dependency_links.txt
[0.618s] writing entry points to ../../build/robocon_camera/robocon_camera.egg-info/entry_points.txt
[0.618s] writing requirements to ../../build/robocon_camera/robocon_camera.egg-info/requires.txt
[0.618s] writing top-level names to ../../build/robocon_camera/robocon_camera.egg-info/top_level.txt
[0.619s] reading manifest file '../../build/robocon_camera/robocon_camera.egg-info/SOURCES.txt'
[0.620s] writing manifest file '../../build/robocon_camera/robocon_camera.egg-info/SOURCES.txt'
[0.620s] running build
[0.620s] running build_py
[0.620s] copying robocon_camera/__init__.py -> /home/kyrgios/ros2ws/build/robocon_camera/build/lib/robocon_camera
[0.620s] copying robocon_camera/pub.py -> /home/kyrgios/ros2ws/build/robocon_camera/build/lib/robocon_camera
[0.620s] running install
[0.620s] running install_lib
[0.622s] copying /home/kyrgios/ros2ws/build/robocon_camera/build/lib/robocon_camera/__init__.py -> /home/kyrgios/ros2ws/install/robocon_camera/lib/python3.10/site-packages/robocon_camera
[0.622s] copying /home/kyrgios/ros2ws/build/robocon_camera/build/lib/robocon_camera/pub.py -> /home/kyrgios/ros2ws/install/robocon_camera/lib/python3.10/site-packages/robocon_camera
[0.622s] byte-compiling /home/kyrgios/ros2ws/install/robocon_camera/lib/python3.10/site-packages/robocon_camera/__init__.py to __init__.cpython-310.pyc
[0.622s] byte-compiling /home/kyrgios/ros2ws/install/robocon_camera/lib/python3.10/site-packages/robocon_camera/pub.py to pub.cpython-310.pyc
[0.622s] running install_data
[0.623s] copying resource/robocon_camera -> /home/kyrgios/ros2ws/install/robocon_camera/share/ament_index/resource_index/packages
[0.623s] copying package.xml -> /home/kyrgios/ros2ws/install/robocon_camera/share/robocon_camera
[0.623s] running install_egg_info
[0.624s] removing '/home/kyrgios/ros2ws/install/robocon_camera/lib/python3.10/site-packages/robocon_camera-0.0.0-py3.10.egg-info' (and everything under it)
[0.624s] Copying ../../build/robocon_camera/robocon_camera.egg-info to /home/kyrgios/ros2ws/install/robocon_camera/lib/python3.10/site-packages/robocon_camera-0.0.0-py3.10.egg-info
[0.625s] running install_scripts
[0.640s] Installing talker script to /home/kyrgios/ros2ws/install/robocon_camera/lib/robocon_camera
[0.640s] writing list of installed files to '/home/kyrgios/ros2ws/build/robocon_camera/install.log'
[0.659s] Invoked command in '/home/kyrgios/ros2ws/src/robocon_camera' returned '0': LD_LIBRARY_PATH=/home/kyrgios/ros2ws/install/robocon_interfaces/lib:${LD_LIBRARY_PATH} PYTHONPATH=/home/kyrgios/ros2ws/build/robocon_camera/prefix_override:/usr/lib/python3/dist-packages/colcon_core/task/python/colcon_distutils_commands:/home/kyrgios/ros2ws/install/robocon_camera/lib/python3.10/site-packages:/home/kyrgios/ros2ws/install/robocon_interfaces/local/lib/python3.10/dist-packages:${PYTHONPATH} /usr/bin/python3 -W ignore:setup.py install is deprecated -W ignore:easy_install command is deprecated setup.py egg_info --egg-base ../../build/robocon_camera build --build-base /home/kyrgios/ros2ws/build/robocon_camera/build install --record /home/kyrgios/ros2ws/build/robocon_camera/install.log --single-version-externally-managed install_data
