[  3%] Built target robocon_interfaces__cpp
[ 12%] Built target robocon_interfaces__rosidl_generator_c
[ 12%] Built target ament_cmake_python_copy_robocon_interfaces
[ 32%] Built target robocon_interfaces__rosidl_typesupport_introspection_c
[ 32%] Built target robocon_interfaces__rosidl_typesupport_c
[ 51%] Built target robocon_interfaces__rosidl_typesupport_introspection_cpp
[ 51%] Built target robocon_interfaces__rosidl_typesupport_cpp
[ 61%] Built target robocon_interfaces__rosidl_typesupport_fastrtps_cpp
[ 70%] Built target robocon_interfaces__rosidl_typesupport_fastrtps_c
[ 70%] Built target robocon_interfaces
[ 74%] Built target robocon_interfaces__py
[ 80%] Built target robocon_interfaces__rosidl_generator_py
[100%] Built target robocon_interfaces__rosidl_typesupport_fastrtps_c__pyext
[100%] Built target robocon_interfaces__rosidl_typesupport_introspection_c__pyext
[100%] Built target robocon_interfaces__rosidl_typesupport_c__pyext
running egg_info
writing robocon_interfaces.egg-info/PKG-INFO
writing dependency_links to robocon_interfaces.egg-info/dependency_links.txt
writing top-level names to robocon_interfaces.egg-info/top_level.txt
reading manifest file 'robocon_interfaces.egg-info/SOURCES.txt'
writing manifest file 'robocon_interfaces.egg-info/SOURCES.txt'
[100%] Built target ament_cmake_python_build_robocon_interfaces_egg
-- Install configuration: ""
-- Up-to-date: /home/kyrgios/ros2ws/install/robocon_interfaces/share/ament_index/resource_index/rosidl_interfaces/robocon_interfaces
-- Up-to-date: /home/kyrgios/ros2ws/install/robocon_interfaces/include/robocon_interfaces/robocon_interfaces
-- Up-to-date: /home/kyrgios/ros2ws/install/robocon_interfaces/include/robocon_interfaces/robocon_interfaces/msg
-- Up-to-date: /home/kyrgios/ros2ws/install/robocon_interfaces/include/robocon_interfaces/robocon_interfaces/msg/image_msg.h
-- Up-to-date: /home/kyrgios/ros2ws/install/robocon_interfaces/include/robocon_interfaces/robocon_interfaces/msg/rosidl_generator_c__visibility_control.h
-- Up-to-date: /home/kyrgios/ros2ws/install/robocon_interfaces/include/robocon_interfaces/robocon_interfaces/msg/detail
-- Up-to-date: /home/kyrgios/ros2ws/install/robocon_interfaces/include/robocon_interfaces/robocon_interfaces/msg/detail/image_msg__functions.h
-- Up-to-date: /home/kyrgios/ros2ws/install/robocon_interfaces/include/robocon_interfaces/robocon_interfaces/msg/detail/image_msg__type_support.h
-- Up-to-date: /home/kyrgios/ros2ws/install/robocon_interfaces/include/robocon_interfaces/robocon_interfaces/msg/detail/image_msg__functions.c
-- Up-to-date: /home/kyrgios/ros2ws/install/robocon_interfaces/include/robocon_interfaces/robocon_interfaces/msg/detail/image_msg__struct.h
-- Up-to-date: /home/kyrgios/ros2ws/install/robocon_interfaces/include/robocon_interfaces/robocon_interfaces/srv
-- Up-to-date: /home/kyrgios/ros2ws/install/robocon_interfaces/include/robocon_interfaces/robocon_interfaces/srv/image_analysis.h
-- Up-to-date: /home/kyrgios/ros2ws/install/robocon_interfaces/include/robocon_interfaces/robocon_interfaces/srv/detail
-- Up-to-date: /home/kyrgios/ros2ws/install/robocon_interfaces/include/robocon_interfaces/robocon_interfaces/srv/detail/image_analysis__type_support.h
-- Up-to-date: /home/kyrgios/ros2ws/install/robocon_interfaces/include/robocon_interfaces/robocon_interfaces/srv/detail/image_analysis__functions.h
-- Up-to-date: /home/kyrgios/ros2ws/install/robocon_interfaces/include/robocon_interfaces/robocon_interfaces/srv/detail/image_analysis__struct.h
-- Up-to-date: /home/kyrgios/ros2ws/install/robocon_interfaces/include/robocon_interfaces/robocon_interfaces/srv/detail/image_analysis__functions.c
-- Up-to-date: /home/kyrgios/ros2ws/install/robocon_interfaces/share/robocon_interfaces/environment/library_path.sh
-- Up-to-date: /home/kyrgios/ros2ws/install/robocon_interfaces/share/robocon_interfaces/environment/library_path.dsv
-- Up-to-date: /home/kyrgios/ros2ws/install/robocon_interfaces/lib/librobocon_interfaces__rosidl_generator_c.so
-- Up-to-date: /home/kyrgios/ros2ws/install/robocon_interfaces/include/robocon_interfaces/robocon_interfaces
-- Up-to-date: /home/kyrgios/ros2ws/install/robocon_interfaces/include/robocon_interfaces/robocon_interfaces/msg
-- Up-to-date: /home/kyrgios/ros2ws/install/robocon_interfaces/include/robocon_interfaces/robocon_interfaces/msg/rosidl_typesupport_fastrtps_c__visibility_control.h
-- Up-to-date: /home/kyrgios/ros2ws/install/robocon_interfaces/include/robocon_interfaces/robocon_interfaces/msg/detail
-- Up-to-date: /home/kyrgios/ros2ws/install/robocon_interfaces/include/robocon_interfaces/robocon_interfaces/msg/detail/image_msg__rosidl_typesupport_fastrtps_c.h
-- Up-to-date: /home/kyrgios/ros2ws/install/robocon_interfaces/include/robocon_interfaces/robocon_interfaces/srv
-- Up-to-date: /home/kyrgios/ros2ws/install/robocon_interfaces/include/robocon_interfaces/robocon_interfaces/srv/detail
-- Up-to-date: /home/kyrgios/ros2ws/install/robocon_interfaces/include/robocon_interfaces/robocon_interfaces/srv/detail/image_analysis__rosidl_typesupport_fastrtps_c.h
-- Up-to-date: /home/kyrgios/ros2ws/install/robocon_interfaces/lib/librobocon_interfaces__rosidl_typesupport_fastrtps_c.so
-- Up-to-date: /home/kyrgios/ros2ws/install/robocon_interfaces/include/robocon_interfaces/robocon_interfaces
-- Up-to-date: /home/kyrgios/ros2ws/install/robocon_interfaces/include/robocon_interfaces/robocon_interfaces/msg
-- Up-to-date: /home/kyrgios/ros2ws/install/robocon_interfaces/include/robocon_interfaces/robocon_interfaces/msg/rosidl_typesupport_introspection_c__visibility_control.h
-- Up-to-date: /home/kyrgios/ros2ws/install/robocon_interfaces/include/robocon_interfaces/robocon_interfaces/msg/detail
-- Up-to-date: /home/kyrgios/ros2ws/install/robocon_interfaces/include/robocon_interfaces/robocon_interfaces/msg/detail/image_msg__rosidl_typesupport_introspection_c.h
-- Up-to-date: /home/kyrgios/ros2ws/install/robocon_interfaces/include/robocon_interfaces/robocon_interfaces/msg/detail/image_msg__type_support.c
-- Up-to-date: /home/kyrgios/ros2ws/install/robocon_interfaces/include/robocon_interfaces/robocon_interfaces/srv
-- Up-to-date: /home/kyrgios/ros2ws/install/robocon_interfaces/include/robocon_interfaces/robocon_interfaces/srv/detail
-- Up-to-date: /home/kyrgios/ros2ws/install/robocon_interfaces/include/robocon_interfaces/robocon_interfaces/srv/detail/image_analysis__type_support.c
-- Up-to-date: /home/kyrgios/ros2ws/install/robocon_interfaces/include/robocon_interfaces/robocon_interfaces/srv/detail/image_analysis__rosidl_typesupport_introspection_c.h
-- Up-to-date: /home/kyrgios/ros2ws/install/robocon_interfaces/lib/librobocon_interfaces__rosidl_typesupport_introspection_c.so
-- Up-to-date: /home/kyrgios/ros2ws/install/robocon_interfaces/lib/librobocon_interfaces__rosidl_typesupport_c.so
-- Up-to-date: /home/kyrgios/ros2ws/install/robocon_interfaces/include/robocon_interfaces/robocon_interfaces
-- Up-to-date: /home/kyrgios/ros2ws/install/robocon_interfaces/include/robocon_interfaces/robocon_interfaces/msg
-- Up-to-date: /home/kyrgios/ros2ws/install/robocon_interfaces/include/robocon_interfaces/robocon_interfaces/msg/image_msg.hpp
-- Up-to-date: /home/kyrgios/ros2ws/install/robocon_interfaces/include/robocon_interfaces/robocon_interfaces/msg/detail
-- Up-to-date: /home/kyrgios/ros2ws/install/robocon_interfaces/include/robocon_interfaces/robocon_interfaces/msg/detail/image_msg__builder.hpp
-- Up-to-date: /home/kyrgios/ros2ws/install/robocon_interfaces/include/robocon_interfaces/robocon_interfaces/msg/detail/image_msg__traits.hpp
-- Up-to-date: /home/kyrgios/ros2ws/install/robocon_interfaces/include/robocon_interfaces/robocon_interfaces/msg/detail/image_msg__struct.hpp
-- Up-to-date: /home/kyrgios/ros2ws/install/robocon_interfaces/include/robocon_interfaces/robocon_interfaces/msg/detail/image_msg__type_support.hpp
-- Up-to-date: /home/kyrgios/ros2ws/install/robocon_interfaces/include/robocon_interfaces/robocon_interfaces/msg/rosidl_generator_cpp__visibility_control.hpp
-- Up-to-date: /home/kyrgios/ros2ws/install/robocon_interfaces/include/robocon_interfaces/robocon_interfaces/srv
-- Up-to-date: /home/kyrgios/ros2ws/install/robocon_interfaces/include/robocon_interfaces/robocon_interfaces/srv/detail
-- Up-to-date: /home/kyrgios/ros2ws/install/robocon_interfaces/include/robocon_interfaces/robocon_interfaces/srv/detail/image_analysis__struct.hpp
-- Up-to-date: /home/kyrgios/ros2ws/install/robocon_interfaces/include/robocon_interfaces/robocon_interfaces/srv/detail/image_analysis__type_support.hpp
-- Up-to-date: /home/kyrgios/ros2ws/install/robocon_interfaces/include/robocon_interfaces/robocon_interfaces/srv/detail/image_analysis__traits.hpp
-- Up-to-date: /home/kyrgios/ros2ws/install/robocon_interfaces/include/robocon_interfaces/robocon_interfaces/srv/detail/image_analysis__builder.hpp
-- Up-to-date: /home/kyrgios/ros2ws/install/robocon_interfaces/include/robocon_interfaces/robocon_interfaces/srv/image_analysis.hpp
-- Up-to-date: /home/kyrgios/ros2ws/install/robocon_interfaces/include/robocon_interfaces/robocon_interfaces
-- Up-to-date: /home/kyrgios/ros2ws/install/robocon_interfaces/include/robocon_interfaces/robocon_interfaces/msg
-- Up-to-date: /home/kyrgios/ros2ws/install/robocon_interfaces/include/robocon_interfaces/robocon_interfaces/msg/rosidl_typesupport_fastrtps_cpp__visibility_control.h
-- Up-to-date: /home/kyrgios/ros2ws/install/robocon_interfaces/include/robocon_interfaces/robocon_interfaces/msg/detail
-- Up-to-date: /home/kyrgios/ros2ws/install/robocon_interfaces/include/robocon_interfaces/robocon_interfaces/msg/detail/image_msg__rosidl_typesupport_fastrtps_cpp.hpp
-- Up-to-date: /home/kyrgios/ros2ws/install/robocon_interfaces/include/robocon_interfaces/robocon_interfaces/msg/detail/dds_fastrtps
-- Up-to-date: /home/kyrgios/ros2ws/install/robocon_interfaces/include/robocon_interfaces/robocon_interfaces/srv
-- Up-to-date: /home/kyrgios/ros2ws/install/robocon_interfaces/include/robocon_interfaces/robocon_interfaces/srv/detail
-- Up-to-date: /home/kyrgios/ros2ws/install/robocon_interfaces/include/robocon_interfaces/robocon_interfaces/srv/detail/image_analysis__rosidl_typesupport_fastrtps_cpp.hpp
-- Up-to-date: /home/kyrgios/ros2ws/install/robocon_interfaces/include/robocon_interfaces/robocon_interfaces/srv/detail/dds_fastrtps
-- Up-to-date: /home/kyrgios/ros2ws/install/robocon_interfaces/lib/librobocon_interfaces__rosidl_typesupport_fastrtps_cpp.so
-- Up-to-date: /home/kyrgios/ros2ws/install/robocon_interfaces/include/robocon_interfaces/robocon_interfaces
-- Up-to-date: /home/kyrgios/ros2ws/install/robocon_interfaces/include/robocon_interfaces/robocon_interfaces/msg
-- Up-to-date: /home/kyrgios/ros2ws/install/robocon_interfaces/include/robocon_interfaces/robocon_interfaces/msg/detail
-- Up-to-date: /home/kyrgios/ros2ws/install/robocon_interfaces/include/robocon_interfaces/robocon_interfaces/msg/detail/image_msg__rosidl_typesupport_introspection_cpp.hpp
-- Up-to-date: /home/kyrgios/ros2ws/install/robocon_interfaces/include/robocon_interfaces/robocon_interfaces/msg/detail/image_msg__type_support.cpp
-- Up-to-date: /home/kyrgios/ros2ws/install/robocon_interfaces/include/robocon_interfaces/robocon_interfaces/srv
-- Up-to-date: /home/kyrgios/ros2ws/install/robocon_interfaces/include/robocon_interfaces/robocon_interfaces/srv/detail
-- Up-to-date: /home/kyrgios/ros2ws/install/robocon_interfaces/include/robocon_interfaces/robocon_interfaces/srv/detail/image_analysis__rosidl_typesupport_introspection_cpp.hpp
-- Up-to-date: /home/kyrgios/ros2ws/install/robocon_interfaces/include/robocon_interfaces/robocon_interfaces/srv/detail/image_analysis__type_support.cpp
-- Up-to-date: /home/kyrgios/ros2ws/install/robocon_interfaces/lib/librobocon_interfaces__rosidl_typesupport_introspection_cpp.so
-- Up-to-date: /home/kyrgios/ros2ws/install/robocon_interfaces/lib/librobocon_interfaces__rosidl_typesupport_cpp.so
-- Up-to-date: /home/kyrgios/ros2ws/install/robocon_interfaces/share/robocon_interfaces/environment/pythonpath.sh
-- Up-to-date: /home/kyrgios/ros2ws/install/robocon_interfaces/share/robocon_interfaces/environment/pythonpath.dsv
-- Up-to-date: /home/kyrgios/ros2ws/install/robocon_interfaces/local/lib/python3.10/dist-packages/robocon_interfaces-0.0.0-py3.10.egg-info
-- Installing: /home/kyrgios/ros2ws/install/robocon_interfaces/local/lib/python3.10/dist-packages/robocon_interfaces-0.0.0-py3.10.egg-info/top_level.txt
-- Installing: /home/kyrgios/ros2ws/install/robocon_interfaces/local/lib/python3.10/dist-packages/robocon_interfaces-0.0.0-py3.10.egg-info/SOURCES.txt
-- Installing: /home/kyrgios/ros2ws/install/robocon_interfaces/local/lib/python3.10/dist-packages/robocon_interfaces-0.0.0-py3.10.egg-info/PKG-INFO
-- Installing: /home/kyrgios/ros2ws/install/robocon_interfaces/local/lib/python3.10/dist-packages/robocon_interfaces-0.0.0-py3.10.egg-info/dependency_links.txt
-- Up-to-date: /home/kyrgios/ros2ws/install/robocon_interfaces/local/lib/python3.10/dist-packages/robocon_interfaces
-- Up-to-date: /home/kyrgios/ros2ws/install/robocon_interfaces/local/lib/python3.10/dist-packages/robocon_interfaces/robocon_interfaces_s__rosidl_typesupport_introspection_c.cpython-310-x86_64-linux-gnu.so
-- Up-to-date: /home/kyrgios/ros2ws/install/robocon_interfaces/local/lib/python3.10/dist-packages/robocon_interfaces/msg
-- Up-to-date: /home/kyrgios/ros2ws/install/robocon_interfaces/local/lib/python3.10/dist-packages/robocon_interfaces/msg/_image_msg_s.c
-- Up-to-date: /home/kyrgios/ros2ws/install/robocon_interfaces/local/lib/python3.10/dist-packages/robocon_interfaces/msg/__init__.py
-- Up-to-date: /home/kyrgios/ros2ws/install/robocon_interfaces/local/lib/python3.10/dist-packages/robocon_interfaces/msg/_image_msg.py
-- Up-to-date: /home/kyrgios/ros2ws/install/robocon_interfaces/local/lib/python3.10/dist-packages/robocon_interfaces/librobocon_interfaces__rosidl_generator_py.so
-- Up-to-date: /home/kyrgios/ros2ws/install/robocon_interfaces/local/lib/python3.10/dist-packages/robocon_interfaces/srv
-- Up-to-date: /home/kyrgios/ros2ws/install/robocon_interfaces/local/lib/python3.10/dist-packages/robocon_interfaces/srv/_image_analysis_s.c
-- Up-to-date: /home/kyrgios/ros2ws/install/robocon_interfaces/local/lib/python3.10/dist-packages/robocon_interfaces/srv/_image_analysis.py
-- Up-to-date: /home/kyrgios/ros2ws/install/robocon_interfaces/local/lib/python3.10/dist-packages/robocon_interfaces/srv/__init__.py
-- Up-to-date: /home/kyrgios/ros2ws/install/robocon_interfaces/local/lib/python3.10/dist-packages/robocon_interfaces/_robocon_interfaces_s.ep.rosidl_typesupport_c.c
-- Up-to-date: /home/kyrgios/ros2ws/install/robocon_interfaces/local/lib/python3.10/dist-packages/robocon_interfaces/_robocon_interfaces_s.ep.rosidl_typesupport_introspection_c.c
-- Up-to-date: /home/kyrgios/ros2ws/install/robocon_interfaces/local/lib/python3.10/dist-packages/robocon_interfaces/robocon_interfaces_s__rosidl_typesupport_c.cpython-310-x86_64-linux-gnu.so
-- Up-to-date: /home/kyrgios/ros2ws/install/robocon_interfaces/local/lib/python3.10/dist-packages/robocon_interfaces/__init__.py
-- Up-to-date: /home/kyrgios/ros2ws/install/robocon_interfaces/local/lib/python3.10/dist-packages/robocon_interfaces/_robocon_interfaces_s.ep.rosidl_typesupport_fastrtps_c.c
-- Up-to-date: /home/kyrgios/ros2ws/install/robocon_interfaces/local/lib/python3.10/dist-packages/robocon_interfaces/robocon_interfaces_s__rosidl_typesupport_fastrtps_c.cpython-310-x86_64-linux-gnu.so
Listing '/home/kyrgios/ros2ws/install/robocon_interfaces/local/lib/python3.10/dist-packages/robocon_interfaces'...
Listing '/home/kyrgios/ros2ws/install/robocon_interfaces/local/lib/python3.10/dist-packages/robocon_interfaces/msg'...
Listing '/home/kyrgios/ros2ws/install/robocon_interfaces/local/lib/python3.10/dist-packages/robocon_interfaces/srv'...
-- Up-to-date: /home/kyrgios/ros2ws/install/robocon_interfaces/local/lib/python3.10/dist-packages/robocon_interfaces/robocon_interfaces_s__rosidl_typesupport_fastrtps_c.cpython-310-x86_64-linux-gnu.so
-- Up-to-date: /home/kyrgios/ros2ws/install/robocon_interfaces/local/lib/python3.10/dist-packages/robocon_interfaces/robocon_interfaces_s__rosidl_typesupport_introspection_c.cpython-310-x86_64-linux-gnu.so
-- Up-to-date: /home/kyrgios/ros2ws/install/robocon_interfaces/local/lib/python3.10/dist-packages/robocon_interfaces/robocon_interfaces_s__rosidl_typesupport_c.cpython-310-x86_64-linux-gnu.so
-- Up-to-date: /home/kyrgios/ros2ws/install/robocon_interfaces/lib/librobocon_interfaces__rosidl_generator_py.so
-- Up-to-date: /home/kyrgios/ros2ws/install/robocon_interfaces/share/robocon_interfaces/srv/ImageAnalysis.idl
-- Up-to-date: /home/kyrgios/ros2ws/install/robocon_interfaces/share/robocon_interfaces/srv/ImageAnalysis.srv
-- Up-to-date: /home/kyrgios/ros2ws/install/robocon_interfaces/share/robocon_interfaces/srv/ImageAnalysis_Request.msg
-- Up-to-date: /home/kyrgios/ros2ws/install/robocon_interfaces/share/robocon_interfaces/srv/ImageAnalysis_Response.msg
-- Up-to-date: /home/kyrgios/ros2ws/install/robocon_interfaces/share/ament_index/resource_index/package_run_dependencies/robocon_interfaces
-- Up-to-date: /home/kyrgios/ros2ws/install/robocon_interfaces/share/ament_index/resource_index/parent_prefix_path/robocon_interfaces
-- Up-to-date: /home/kyrgios/ros2ws/install/robocon_interfaces/share/robocon_interfaces/environment/ament_prefix_path.sh
-- Up-to-date: /home/kyrgios/ros2ws/install/robocon_interfaces/share/robocon_interfaces/environment/ament_prefix_path.dsv
-- Up-to-date: /home/kyrgios/ros2ws/install/robocon_interfaces/share/robocon_interfaces/environment/path.sh
-- Up-to-date: /home/kyrgios/ros2ws/install/robocon_interfaces/share/robocon_interfaces/environment/path.dsv
-- Up-to-date: /home/kyrgios/ros2ws/install/robocon_interfaces/share/robocon_interfaces/local_setup.bash
-- Up-to-date: /home/kyrgios/ros2ws/install/robocon_interfaces/share/robocon_interfaces/local_setup.sh
-- Up-to-date: /home/kyrgios/ros2ws/install/robocon_interfaces/share/robocon_interfaces/local_setup.zsh
-- Up-to-date: /home/kyrgios/ros2ws/install/robocon_interfaces/share/robocon_interfaces/local_setup.dsv
-- Installing: /home/kyrgios/ros2ws/install/robocon_interfaces/share/robocon_interfaces/package.dsv
-- Up-to-date: /home/kyrgios/ros2ws/install/robocon_interfaces/share/ament_index/resource_index/packages/robocon_interfaces
-- Up-to-date: /home/kyrgios/ros2ws/install/robocon_interfaces/share/robocon_interfaces/cmake/export_robocon_interfaces__rosidl_generator_cExport.cmake
-- Up-to-date: /home/kyrgios/ros2ws/install/robocon_interfaces/share/robocon_interfaces/cmake/export_robocon_interfaces__rosidl_generator_cExport-noconfig.cmake
-- Up-to-date: /home/kyrgios/ros2ws/install/robocon_interfaces/share/robocon_interfaces/cmake/export_robocon_interfaces__rosidl_typesupport_fastrtps_cExport.cmake
-- Up-to-date: /home/kyrgios/ros2ws/install/robocon_interfaces/share/robocon_interfaces/cmake/export_robocon_interfaces__rosidl_typesupport_fastrtps_cExport-noconfig.cmake
-- Up-to-date: /home/kyrgios/ros2ws/install/robocon_interfaces/share/robocon_interfaces/cmake/robocon_interfaces__rosidl_typesupport_introspection_cExport.cmake
-- Up-to-date: /home/kyrgios/ros2ws/install/robocon_interfaces/share/robocon_interfaces/cmake/robocon_interfaces__rosidl_typesupport_introspection_cExport-noconfig.cmake
-- Up-to-date: /home/kyrgios/ros2ws/install/robocon_interfaces/share/robocon_interfaces/cmake/robocon_interfaces__rosidl_typesupport_cExport.cmake
-- Up-to-date: /home/kyrgios/ros2ws/install/robocon_interfaces/share/robocon_interfaces/cmake/robocon_interfaces__rosidl_typesupport_cExport-noconfig.cmake
-- Up-to-date: /home/kyrgios/ros2ws/install/robocon_interfaces/share/robocon_interfaces/cmake/export_robocon_interfaces__rosidl_generator_cppExport.cmake
-- Up-to-date: /home/kyrgios/ros2ws/install/robocon_interfaces/share/robocon_interfaces/cmake/export_robocon_interfaces__rosidl_typesupport_fastrtps_cppExport.cmake
-- Up-to-date: /home/kyrgios/ros2ws/install/robocon_interfaces/share/robocon_interfaces/cmake/export_robocon_interfaces__rosidl_typesupport_fastrtps_cppExport-noconfig.cmake
-- Up-to-date: /home/kyrgios/ros2ws/install/robocon_interfaces/share/robocon_interfaces/cmake/robocon_interfaces__rosidl_typesupport_introspection_cppExport.cmake
-- Up-to-date: /home/kyrgios/ros2ws/install/robocon_interfaces/share/robocon_interfaces/cmake/robocon_interfaces__rosidl_typesupport_introspection_cppExport-noconfig.cmake
-- Up-to-date: /home/kyrgios/ros2ws/install/robocon_interfaces/share/robocon_interfaces/cmake/robocon_interfaces__rosidl_typesupport_cppExport.cmake
-- Up-to-date: /home/kyrgios/ros2ws/install/robocon_interfaces/share/robocon_interfaces/cmake/robocon_interfaces__rosidl_typesupport_cppExport-noconfig.cmake
-- Up-to-date: /home/kyrgios/ros2ws/install/robocon_interfaces/share/robocon_interfaces/cmake/export_robocon_interfaces__rosidl_generator_pyExport.cmake
-- Up-to-date: /home/kyrgios/ros2ws/install/robocon_interfaces/share/robocon_interfaces/cmake/export_robocon_interfaces__rosidl_generator_pyExport-noconfig.cmake
-- Up-to-date: /home/kyrgios/ros2ws/install/robocon_interfaces/share/robocon_interfaces/cmake/rosidl_cmake-extras.cmake
-- Up-to-date: /home/kyrgios/ros2ws/install/robocon_interfaces/share/robocon_interfaces/cmake/ament_cmake_export_dependencies-extras.cmake
-- Up-to-date: /home/kyrgios/ros2ws/install/robocon_interfaces/share/robocon_interfaces/cmake/ament_cmake_export_include_directories-extras.cmake
-- Up-to-date: /home/kyrgios/ros2ws/install/robocon_interfaces/share/robocon_interfaces/cmake/ament_cmake_export_libraries-extras.cmake
-- Up-to-date: /home/kyrgios/ros2ws/install/robocon_interfaces/share/robocon_interfaces/cmake/ament_cmake_export_targets-extras.cmake
-- Up-to-date: /home/kyrgios/ros2ws/install/robocon_interfaces/share/robocon_interfaces/cmake/rosidl_cmake_export_typesupport_targets-extras.cmake
-- Up-to-date: /home/kyrgios/ros2ws/install/robocon_interfaces/share/robocon_interfaces/cmake/rosidl_cmake_export_typesupport_libraries-extras.cmake
-- Up-to-date: /home/kyrgios/ros2ws/install/robocon_interfaces/share/robocon_interfaces/cmake/robocon_interfacesConfig.cmake
-- Up-to-date: /home/kyrgios/ros2ws/install/robocon_interfaces/share/robocon_interfaces/cmake/robocon_interfacesConfig-version.cmake
-- Up-to-date: /home/kyrgios/ros2ws/install/robocon_interfaces/share/robocon_interfaces/package.xml
