running egg_info
writing ../../build/robocon_camera/robocon_camera.egg-info/PKG-INFO
writing dependency_links to ../../build/robocon_camera/robocon_camera.egg-info/dependency_links.txt
writing entry points to ../../build/robocon_camera/robocon_camera.egg-info/entry_points.txt
writing requirements to ../../build/robocon_camera/robocon_camera.egg-info/requires.txt
writing top-level names to ../../build/robocon_camera/robocon_camera.egg-info/top_level.txt
reading manifest file '../../build/robocon_camera/robocon_camera.egg-info/SOURCES.txt'
writing manifest file '../../build/robocon_camera/robocon_camera.egg-info/SOURCES.txt'
running build
running build_py
copying robocon_camera/imgserver.py -> /home/kyrgios/ros2ws/build/robocon_camera/build/lib/robocon_camera
copying robocon_camera/pub.py -> /home/kyrgios/ros2ws/build/robocon_camera/build/lib/robocon_camera
running install
running install_lib
copying /home/kyrgios/ros2ws/build/robocon_camera/build/lib/robocon_camera/imgserver.py -> /home/kyrgios/ros2ws/install/robocon_camera/lib/python3.10/site-packages/robocon_camera
copying /home/kyrgios/ros2ws/build/robocon_camera/build/lib/robocon_camera/pub.py -> /home/kyrgios/ros2ws/install/robocon_camera/lib/python3.10/site-packages/robocon_camera
byte-compiling /home/kyrgios/ros2ws/install/robocon_camera/lib/python3.10/site-packages/robocon_camera/imgserver.py to imgserver.cpython-310.pyc
byte-compiling /home/kyrgios/ros2ws/install/robocon_camera/lib/python3.10/site-packages/robocon_camera/pub.py to pub.cpython-310.pyc
running install_data
running install_egg_info
removing '/home/kyrgios/ros2ws/install/robocon_camera/lib/python3.10/site-packages/robocon_camera-0.0.0-py3.10.egg-info' (and everything under it)
Copying ../../build/robocon_camera/robocon_camera.egg-info to /home/kyrgios/ros2ws/install/robocon_camera/lib/python3.10/site-packages/robocon_camera-0.0.0-py3.10.egg-info
running install_scripts
Installing serv script to /home/kyrgios/ros2ws/install/robocon_camera/lib/robocon_camera
Installing talker script to /home/kyrgios/ros2ws/install/robocon_camera/lib/robocon_camera
writing list of installed files to '/home/kyrgios/ros2ws/build/robocon_camera/install.log'
