[0.567s] Invoking command in '/home/kyrgios/ros2ws/src/robocon_camera': PYTHONPATH=/home/kyrgios/ros2ws/build/robocon_camera/prefix_override:/usr/lib/python3/dist-packages/colcon_core/task/python/colcon_distutils_commands:/home/kyrgios/ros2ws/install/robocon_camera/lib/python3.10/site-packages:${PYTHONPATH} /usr/bin/python3 -W ignore:setup.py install is deprecated -W ignore:easy_install command is deprecated setup.py egg_info --egg-base ../../build/robocon_camera build --build-base /home/kyrgios/ros2ws/build/robocon_camera/build install --record /home/kyrgios/ros2ws/build/robocon_camera/install.log --single-version-externally-managed install_data
[0.741s] running egg_info
[0.742s] writing ../../build/robocon_camera/robocon_camera.egg-info/PKG-INFO
[0.742s] writing dependency_links to ../../build/robocon_camera/robocon_camera.egg-info/dependency_links.txt
[0.742s] writing entry points to ../../build/robocon_camera/robocon_camera.egg-info/entry_points.txt
[0.742s] writing requirements to ../../build/robocon_camera/robocon_camera.egg-info/requires.txt
[0.742s] writing top-level names to ../../build/robocon_camera/robocon_camera.egg-info/top_level.txt
[0.743s] reading manifest file '../../build/robocon_camera/robocon_camera.egg-info/SOURCES.txt'
[0.752s] writing manifest file '../../build/robocon_camera/robocon_camera.egg-info/SOURCES.txt'
[0.752s] running build
[0.752s] running build_py
[0.752s] copying robocon_camera/imgserver.py -> /home/kyrgios/ros2ws/build/robocon_camera/build/lib/robocon_camera
[0.752s] copying robocon_camera/pub.py -> /home/kyrgios/ros2ws/build/robocon_camera/build/lib/robocon_camera
[0.752s] running install
[0.752s] running install_lib
[0.754s] copying /home/kyrgios/ros2ws/build/robocon_camera/build/lib/robocon_camera/imgserver.py -> /home/kyrgios/ros2ws/install/robocon_camera/lib/python3.10/site-packages/robocon_camera
[0.754s] copying /home/kyrgios/ros2ws/build/robocon_camera/build/lib/robocon_camera/pub.py -> /home/kyrgios/ros2ws/install/robocon_camera/lib/python3.10/site-packages/robocon_camera
[0.754s] byte-compiling /home/kyrgios/ros2ws/install/robocon_camera/lib/python3.10/site-packages/robocon_camera/imgserver.py to imgserver.cpython-310.pyc
[0.755s] byte-compiling /home/kyrgios/ros2ws/install/robocon_camera/lib/python3.10/site-packages/robocon_camera/pub.py to pub.cpython-310.pyc
[0.755s] running install_data
[0.755s] running install_egg_info
[0.757s] removing '/home/kyrgios/ros2ws/install/robocon_camera/lib/python3.10/site-packages/robocon_camera-0.0.0-py3.10.egg-info' (and everything under it)
[0.757s] Copying ../../build/robocon_camera/robocon_camera.egg-info to /home/kyrgios/ros2ws/install/robocon_camera/lib/python3.10/site-packages/robocon_camera-0.0.0-py3.10.egg-info
[0.758s] running install_scripts
[0.773s] Installing serv script to /home/kyrgios/ros2ws/install/robocon_camera/lib/robocon_camera
[0.773s] Installing talker script to /home/kyrgios/ros2ws/install/robocon_camera/lib/robocon_camera
[0.773s] writing list of installed files to '/home/kyrgios/ros2ws/build/robocon_camera/install.log'
[0.796s] Invoked command in '/home/kyrgios/ros2ws/src/robocon_camera' returned '0': PYTHONPATH=/home/kyrgios/ros2ws/build/robocon_camera/prefix_override:/usr/lib/python3/dist-packages/colcon_core/task/python/colcon_distutils_commands:/home/kyrgios/ros2ws/install/robocon_camera/lib/python3.10/site-packages:${PYTHONPATH} /usr/bin/python3 -W ignore:setup.py install is deprecated -W ignore:easy_install command is deprecated setup.py egg_info --egg-base ../../build/robocon_camera build --build-base /home/kyrgios/ros2ws/build/robocon_camera/build install --record /home/kyrgios/ros2ws/build/robocon_camera/install.log --single-version-externally-managed install_data
