[0.012s] Invoking command in '/home/kyrgios/ros2ws/build/cpp_srvcli': CMAKE_PREFIX_PATH=${CMAKE_PREFIX_PATH}:/home/kyrgios/ros2ws/install/py_pubsub:/opt/ros/humble /usr/bin/cmake /home/kyrgios/ros2ws/src/cpp_srvcli -DCMAKE_INSTALL_PREFIX=/home/kyrgios/ros2ws/install/cpp_srvcli
[0.026s] -- Found ament_cmake: 1.3.12 (/opt/ros/humble/share/ament_cmake/cmake)
[0.162s] -- Found rclcpp: 16.0.16 (/opt/ros/humble/share/rclcpp/cmake)
[0.191s] -- Found rosidl_generator_c: 3.1.7 (/opt/ros/humble/share/rosidl_generator_c/cmake)
[0.194s] -- Found rosidl_adapter: 3.1.7 (/opt/ros/humble/share/rosidl_adapter/cmake)
[0.200s] -- Found rosidl_generator_cpp: 3.1.7 (/opt/ros/humble/share/rosidl_generator_cpp/cmake)
[0.209s] -- Using all available rosidl_typesupport_c: rosidl_typesupport_fastrtps_c;rosidl_typesupport_introspection_c
[0.221s] -- Using all available rosidl_typesupport_cpp: rosidl_typesupport_fastrtps_cpp;rosidl_typesupport_introspection_cpp
[0.254s] -- Found rmw_implementation_cmake: 6.1.2 (/opt/ros/humble/share/rmw_implementation_cmake/cmake)
[0.255s] -- Found rmw_fastrtps_cpp: 6.2.9 (/opt/ros/humble/share/rmw_fastrtps_cpp/cmake)
[0.376s] -- Using RMW implementation 'rmw_fastrtps_cpp' as default
[0.424s] -- Found example_interfaces: 0.9.3 (/opt/ros/humble/share/example_interfaces/cmake)
[0.462s] -- Found ament_lint_auto: 0.12.14 (/opt/ros/humble/share/ament_lint_auto/cmake)
[0.563s] -- Added test 'cppcheck' to perform static code analysis on C / C++ code
[0.563s] -- Configured cppcheck include dirs: 
[0.563s] -- Configured cppcheck exclude dirs and/or files: 
[0.564s] -- Added test 'lint_cmake' to check CMake code style
[0.565s] -- Added test 'uncrustify' to check C / C++ code style
[0.565s] -- Configured uncrustify additional arguments: 
[0.565s] -- Added test 'xmllint' to check XML markup files
[0.566s] -- Configuring done
[0.578s] -- Generating done
[0.582s] -- Build files have been written to: /home/kyrgios/ros2ws/build/cpp_srvcli
[0.590s] Invoked command in '/home/kyrgios/ros2ws/build/cpp_srvcli' returned '0': CMAKE_PREFIX_PATH=${CMAKE_PREFIX_PATH}:/home/kyrgios/ros2ws/install/py_pubsub:/opt/ros/humble /usr/bin/cmake /home/kyrgios/ros2ws/src/cpp_srvcli -DCMAKE_INSTALL_PREFIX=/home/kyrgios/ros2ws/install/cpp_srvcli
[0.591s] Invoking command in '/home/kyrgios/ros2ws/build/cpp_srvcli': CMAKE_PREFIX_PATH=${CMAKE_PREFIX_PATH}:/home/kyrgios/ros2ws/install/py_pubsub:/opt/ros/humble /usr/bin/cmake --build /home/kyrgios/ros2ws/build/cpp_srvcli -- -j12 -l12
[0.627s] [35m[1mConsolidate compiler generated dependencies of target client[0m
[0.627s] [35m[1mConsolidate compiler generated dependencies of target server[0m
[0.643s] [ 50%] [32mBuilding CXX object CMakeFiles/client.dir/src/add_two_ints_client.cpp.o[0m
[0.643s] [ 75%] Built target server
[3.176s] [100%] [32m[1mLinking CXX executable client[0m
[3.297s] [100%] Built target client
[3.307s] Invoked command in '/home/kyrgios/ros2ws/build/cpp_srvcli' returned '0': CMAKE_PREFIX_PATH=${CMAKE_PREFIX_PATH}:/home/kyrgios/ros2ws/install/py_pubsub:/opt/ros/humble /usr/bin/cmake --build /home/kyrgios/ros2ws/build/cpp_srvcli -- -j12 -l12
[3.316s] Invoking command in '/home/kyrgios/ros2ws/build/cpp_srvcli': CMAKE_PREFIX_PATH=${CMAKE_PREFIX_PATH}:/home/kyrgios/ros2ws/install/py_pubsub:/opt/ros/humble /usr/bin/cmake --install /home/kyrgios/ros2ws/build/cpp_srvcli
[3.322s] -- Install configuration: ""
[3.322s] -- Installing: /home/kyrgios/ros2ws/install/cpp_srvcli/lib/cpp_srvcli/server
[3.323s] -- Set runtime path of "/home/kyrgios/ros2ws/install/cpp_srvcli/lib/cpp_srvcli/server" to ""
[3.323s] -- Installing: /home/kyrgios/ros2ws/install/cpp_srvcli/lib/cpp_srvcli/client
[3.323s] -- Set runtime path of "/home/kyrgios/ros2ws/install/cpp_srvcli/lib/cpp_srvcli/client" to ""
[3.324s] -- Up-to-date: /home/kyrgios/ros2ws/install/cpp_srvcli/share/ament_index/resource_index/package_run_dependencies/cpp_srvcli
[3.324s] -- Installing: /home/kyrgios/ros2ws/install/cpp_srvcli/share/ament_index/resource_index/parent_prefix_path/cpp_srvcli
[3.324s] -- Up-to-date: /home/kyrgios/ros2ws/install/cpp_srvcli/share/cpp_srvcli/environment/ament_prefix_path.sh
[3.324s] -- Installing: /home/kyrgios/ros2ws/install/cpp_srvcli/share/cpp_srvcli/environment/ament_prefix_path.dsv
[3.324s] -- Up-to-date: /home/kyrgios/ros2ws/install/cpp_srvcli/share/cpp_srvcli/environment/path.sh
[3.324s] -- Installing: /home/kyrgios/ros2ws/install/cpp_srvcli/share/cpp_srvcli/environment/path.dsv
[3.324s] -- Up-to-date: /home/kyrgios/ros2ws/install/cpp_srvcli/share/cpp_srvcli/local_setup.bash
[3.324s] -- Up-to-date: /home/kyrgios/ros2ws/install/cpp_srvcli/share/cpp_srvcli/local_setup.sh
[3.324s] -- Up-to-date: /home/kyrgios/ros2ws/install/cpp_srvcli/share/cpp_srvcli/local_setup.zsh
[3.324s] -- Installing: /home/kyrgios/ros2ws/install/cpp_srvcli/share/cpp_srvcli/local_setup.dsv
[3.324s] -- Installing: /home/kyrgios/ros2ws/install/cpp_srvcli/share/cpp_srvcli/package.dsv
[3.324s] -- Up-to-date: /home/kyrgios/ros2ws/install/cpp_srvcli/share/ament_index/resource_index/packages/cpp_srvcli
[3.324s] -- Up-to-date: /home/kyrgios/ros2ws/install/cpp_srvcli/share/cpp_srvcli/cmake/cpp_srvcliConfig.cmake
[3.324s] -- Up-to-date: /home/kyrgios/ros2ws/install/cpp_srvcli/share/cpp_srvcli/cmake/cpp_srvcliConfig-version.cmake
[3.325s] -- Up-to-date: /home/kyrgios/ros2ws/install/cpp_srvcli/share/cpp_srvcli/package.xml
[3.326s] Invoked command in '/home/kyrgios/ros2ws/build/cpp_srvcli' returned '0': CMAKE_PREFIX_PATH=${CMAKE_PREFIX_PATH}:/home/kyrgios/ros2ws/install/py_pubsub:/opt/ros/humble /usr/bin/cmake --install /home/kyrgios/ros2ws/build/cpp_srvcli
