[0.541s] Invoking command in '/home/kyrgios/ros2ws/src/robocon_camera': AMENT_PREFIX_PATH=/home/kyrgios/ros2ws/install/robocon_interfaces:${AMENT_PREFIX_PATH} CMAKE_PREFIX_PATH=/home/kyrgios/ros2ws/install/robocon_interfaces LD_LIBRARY_PATH=/home/kyrgios/ros2ws/install/robocon_interfaces/lib:${LD_LIBRARY_PATH} PYTHONPATH=/home/kyrgios/ros2ws/build/robocon_camera/prefix_override:/usr/lib/python3/dist-packages/colcon_core/task/python/colcon_distutils_commands:/home/kyrgios/ros2ws/install/robocon_camera/lib/python3.10/site-packages:/home/kyrgios/ros2ws/install/robocon_interfaces/local/lib/python3.10/dist-packages:${PYTHONPATH} /usr/bin/python3 -W ignore:setup.py install is deprecated -W ignore:easy_install command is deprecated setup.py egg_info --egg-base ../../build/robocon_camera build --build-base /home/kyrgios/ros2ws/build/robocon_camera/build install --record /home/kyrgios/ros2ws/build/robocon_camera/install.log --single-version-externally-managed install_data
[0.736s] running egg_info
[0.736s] creating ../../build/robocon_camera/robocon_camera.egg-info
[0.736s] writing ../../build/robocon_camera/robocon_camera.egg-info/PKG-INFO
[0.736s] writing dependency_links to ../../build/robocon_camera/robocon_camera.egg-info/dependency_links.txt
[0.737s] writing entry points to ../../build/robocon_camera/robocon_camera.egg-info/entry_points.txt
[0.737s] writing requirements to ../../build/robocon_camera/robocon_camera.egg-info/requires.txt
[0.737s] writing top-level names to ../../build/robocon_camera/robocon_camera.egg-info/top_level.txt
[0.737s] writing manifest file '../../build/robocon_camera/robocon_camera.egg-info/SOURCES.txt'
[0.738s] reading manifest file '../../build/robocon_camera/robocon_camera.egg-info/SOURCES.txt'
[0.739s] writing manifest file '../../build/robocon_camera/robocon_camera.egg-info/SOURCES.txt'
[0.739s] running build
[0.739s] running build_py
[0.739s] creating /home/kyrgios/ros2ws/build/robocon_camera/build
[0.739s] creating /home/kyrgios/ros2ws/build/robocon_camera/build/lib
[0.740s] creating /home/kyrgios/ros2ws/build/robocon_camera/build/lib/robocon_camera
[0.740s] copying robocon_camera/imagesrv.py -> /home/kyrgios/ros2ws/build/robocon_camera/build/lib/robocon_camera
[0.740s] copying robocon_camera/__init__.py -> /home/kyrgios/ros2ws/build/robocon_camera/build/lib/robocon_camera
[0.740s] copying robocon_camera/pub.py -> /home/kyrgios/ros2ws/build/robocon_camera/build/lib/robocon_camera
[0.740s] running install
[0.740s] running install_lib
[0.741s] creating /home/kyrgios/ros2ws/install/robocon_camera/lib/python3.10/site-packages/robocon_camera
[0.741s] copying /home/kyrgios/ros2ws/build/robocon_camera/build/lib/robocon_camera/imagesrv.py -> /home/kyrgios/ros2ws/install/robocon_camera/lib/python3.10/site-packages/robocon_camera
[0.741s] copying /home/kyrgios/ros2ws/build/robocon_camera/build/lib/robocon_camera/__init__.py -> /home/kyrgios/ros2ws/install/robocon_camera/lib/python3.10/site-packages/robocon_camera
[0.741s] copying /home/kyrgios/ros2ws/build/robocon_camera/build/lib/robocon_camera/pub.py -> /home/kyrgios/ros2ws/install/robocon_camera/lib/python3.10/site-packages/robocon_camera
[0.741s] byte-compiling /home/kyrgios/ros2ws/install/robocon_camera/lib/python3.10/site-packages/robocon_camera/imagesrv.py to imagesrv.cpython-310.pyc
[0.742s] byte-compiling /home/kyrgios/ros2ws/install/robocon_camera/lib/python3.10/site-packages/robocon_camera/__init__.py to __init__.cpython-310.pyc
[0.742s] byte-compiling /home/kyrgios/ros2ws/install/robocon_camera/lib/python3.10/site-packages/robocon_camera/pub.py to pub.cpython-310.pyc
[0.742s] running install_data
[0.742s] creating /home/kyrgios/ros2ws/install/robocon_camera/share/ament_index
[0.742s] creating /home/kyrgios/ros2ws/install/robocon_camera/share/ament_index/resource_index
[0.742s] creating /home/kyrgios/ros2ws/install/robocon_camera/share/ament_index/resource_index/packages
[0.742s] copying resource/robocon_camera -> /home/kyrgios/ros2ws/install/robocon_camera/share/ament_index/resource_index/packages
[0.742s] copying package.xml -> /home/kyrgios/ros2ws/install/robocon_camera/share/robocon_camera
[0.742s] creating /home/kyrgios/ros2ws/install/robocon_camera/share/robocon_camera/launch
[0.742s] copying launch/launch.xml -> /home/kyrgios/ros2ws/install/robocon_camera/share/robocon_camera/launch
[0.742s] running install_egg_info
[0.744s] Copying ../../build/robocon_camera/robocon_camera.egg-info to /home/kyrgios/ros2ws/install/robocon_camera/lib/python3.10/site-packages/robocon_camera-0.0.0-py3.10.egg-info
[0.745s] running install_scripts
[0.760s] Installing serv script to /home/kyrgios/ros2ws/install/robocon_camera/lib/robocon_camera
[0.760s] Installing talker script to /home/kyrgios/ros2ws/install/robocon_camera/lib/robocon_camera
[0.760s] writing list of installed files to '/home/kyrgios/ros2ws/build/robocon_camera/install.log'
[0.787s] Invoked command in '/home/kyrgios/ros2ws/src/robocon_camera' returned '0': AMENT_PREFIX_PATH=/home/kyrgios/ros2ws/install/robocon_interfaces:${AMENT_PREFIX_PATH} CMAKE_PREFIX_PATH=/home/kyrgios/ros2ws/install/robocon_interfaces LD_LIBRARY_PATH=/home/kyrgios/ros2ws/install/robocon_interfaces/lib:${LD_LIBRARY_PATH} PYTHONPATH=/home/kyrgios/ros2ws/build/robocon_camera/prefix_override:/usr/lib/python3/dist-packages/colcon_core/task/python/colcon_distutils_commands:/home/kyrgios/ros2ws/install/robocon_camera/lib/python3.10/site-packages:/home/kyrgios/ros2ws/install/robocon_interfaces/local/lib/python3.10/dist-packages:${PYTHONPATH} /usr/bin/python3 -W ignore:setup.py install is deprecated -W ignore:easy_install command is deprecated setup.py egg_info --egg-base ../../build/robocon_camera build --build-base /home/kyrgios/ros2ws/build/robocon_camera/build install --record /home/kyrgios/ros2ws/build/robocon_camera/install.log --single-version-externally-managed install_data
