-- Found ament_cmake: 1.3.12 (/opt/ros/humble/share/ament_cmake/cmake)
-- Found rosidl_default_generators: 1.2.0 (/opt/ros/humble/share/rosidl_default_generators/cmake)
-- Using all available rosidl_typesupport_c: rosidl_typesupport_fastrtps_c;rosidl_typesupport_introspection_c
-- Found rosidl_adapter: 3.1.7 (/opt/ros/humble/share/rosidl_adapter/cmake)
-- Using all available rosidl_typesupport_cpp: rosidl_typesupport_fastrtps_cpp;rosidl_typesupport_introspection_cpp
-- Found sensor_msgs: 4.9.0 (/opt/ros/humble/share/sensor_msgs/cmake)
-- Found ament_cmake_ros: 0.10.0 (/opt/ros/humble/share/ament_cmake_ros/cmake)
-- Using all available rosidl_typesupport_c: rosidl_typesupport_fastrtps_c;rosidl_typesupport_introspection_c
-- Using all available rosidl_typesupport_cpp: rosidl_typesupport_fastrtps_cpp;rosidl_typesupport_introspection_cpp
-- Found python_cmake_module: 0.10.0 (/opt/ros/humble/share/python_cmake_module/cmake)
-- Using PYTHON_EXECUTABLE: /usr/bin/python3
-- Using PYTHON_INCLUDE_DIRS: /usr/include/python3.10
-- Using PYTHON_LIBRARIES: /usr/lib/x86_64-linux-gnu/libpython3.10.so
-- Found ament_lint_auto: 0.12.14 (/opt/ros/humble/share/ament_lint_auto/cmake)
-- Added test 'lint_cmake' to check CMake code style
-- Added test 'xmllint' to check XML markup files
-- Configuring done
-- Generating done
-- Build files have been written to: /home/kyrgios/ros2ws/build/robocon_interfaces
[35m[1mConsolidate compiler generated dependencies of target robocon_interfaces__rosidl_generator_c[0m
[  3%] Built target robocon_interfaces__cpp
[  6%] [32mBuilding C object CMakeFiles/robocon_interfaces__rosidl_generator_c.dir/rosidl_generator_c/robocon_interfaces/srv/detail/image_analysis__functions.c.o[0m
[  6%] Built target ament_cmake_python_copy_robocon_interfaces
[35m[1mConsolidate compiler generated dependencies of target robocon_interfaces__rosidl_typesupport_cpp[0m
[35m[1mConsolidate compiler generated dependencies of target robocon_interfaces__rosidl_typesupport_introspection_cpp[0m
[35m[1mConsolidate compiler generated dependencies of target robocon_interfaces__rosidl_typesupport_fastrtps_cpp[0m
[  9%] [32mBuilding CXX object CMakeFiles/robocon_interfaces__rosidl_typesupport_fastrtps_cpp.dir/rosidl_typesupport_fastrtps_cpp/robocon_interfaces/srv/detail/dds_fastrtps/image_analysis__type_support.cpp.o[0m
[ 12%] [32mBuilding CXX object CMakeFiles/robocon_interfaces__rosidl_typesupport_cpp.dir/rosidl_typesupport_cpp/robocon_interfaces/srv/image_analysis__type_support.cpp.o[0m
[ 16%] [32mBuilding CXX object CMakeFiles/robocon_interfaces__rosidl_typesupport_introspection_cpp.dir/rosidl_typesupport_introspection_cpp/robocon_interfaces/srv/detail/image_analysis__type_support.cpp.o[0m
[ 19%] [32m[1mLinking C shared library librobocon_interfaces__rosidl_generator_c.so[0m
[ 22%] Built target robocon_interfaces__rosidl_generator_c
[35m[1mConsolidate compiler generated dependencies of target robocon_interfaces__rosidl_typesupport_c[0m
[35m[1mConsolidate compiler generated dependencies of target robocon_interfaces__rosidl_typesupport_introspection_c[0m
[35m[1mConsolidate compiler generated dependencies of target robocon_interfaces__rosidl_typesupport_fastrtps_c[0m
[ 32%] [32mBuilding CXX object CMakeFiles/robocon_interfaces__rosidl_typesupport_c.dir/rosidl_typesupport_c/robocon_interfaces/srv/image_analysis__type_support.cpp.o[0m
[ 32%] [32mBuilding CXX object CMakeFiles/robocon_interfaces__rosidl_typesupport_fastrtps_c.dir/rosidl_typesupport_fastrtps_c/robocon_interfaces/srv/detail/image_analysis__type_support_c.cpp.o[0m
[ 32%] [32mBuilding C object CMakeFiles/robocon_interfaces__rosidl_typesupport_introspection_c.dir/rosidl_typesupport_introspection_c/robocon_interfaces/srv/detail/image_analysis__type_support.c.o[0m
[ 35%] [32m[1mLinking CXX shared library librobocon_interfaces__rosidl_typesupport_c.so[0m
[ 38%] [32m[1mLinking C shared library librobocon_interfaces__rosidl_typesupport_introspection_c.so[0m
[ 45%] Built target robocon_interfaces__rosidl_typesupport_c
[ 45%] Built target robocon_interfaces__rosidl_typesupport_introspection_c
running egg_info
writing robocon_interfaces.egg-info/PKG-INFO
writing dependency_links to robocon_interfaces.egg-info/dependency_links.txt
writing top-level names to robocon_interfaces.egg-info/top_level.txt
reading manifest file 'robocon_interfaces.egg-info/SOURCES.txt'
writing manifest file 'robocon_interfaces.egg-info/SOURCES.txt'
[ 48%] [32m[1mLinking CXX shared library librobocon_interfaces__rosidl_typesupport_cpp.so[0m
[ 48%] Built target ament_cmake_python_build_robocon_interfaces_egg
[ 51%] Built target robocon_interfaces__rosidl_typesupport_cpp
[ 54%] [32m[1mLinking CXX shared library librobocon_interfaces__rosidl_typesupport_introspection_cpp.so[0m
[ 58%] [32m[1mLinking CXX shared library librobocon_interfaces__rosidl_typesupport_fastrtps_cpp.so[0m
[ 61%] [32m[1mLinking CXX shared library librobocon_interfaces__rosidl_typesupport_fastrtps_c.so[0m
[ 64%] Built target robocon_interfaces__rosidl_typesupport_introspection_cpp
[ 67%] Built target robocon_interfaces__rosidl_typesupport_fastrtps_cpp
[ 70%] Built target robocon_interfaces__rosidl_typesupport_fastrtps_c
[ 70%] Built target robocon_interfaces
[ 74%] Built target robocon_interfaces__py
[35m[1mConsolidate compiler generated dependencies of target robocon_interfaces__rosidl_generator_py[0m
[ 77%] [32mBuilding C object CMakeFiles/robocon_interfaces__rosidl_generator_py.dir/rosidl_generator_py/robocon_interfaces/srv/_image_analysis_s.c.o[0m
[ 80%] [32m[1mLinking C shared library rosidl_generator_py/robocon_interfaces/librobocon_interfaces__rosidl_generator_py.so[0m
[ 80%] Built target robocon_interfaces__rosidl_generator_py
[35m[1mConsolidate compiler generated dependencies of target robocon_interfaces__rosidl_typesupport_fastrtps_c__pyext[0m
[35m[1mConsolidate compiler generated dependencies of target robocon_interfaces__rosidl_typesupport_introspection_c__pyext[0m
[35m[1mConsolidate compiler generated dependencies of target robocon_interfaces__rosidl_typesupport_c__pyext[0m
[ 90%] [32mBuilding C object CMakeFiles/robocon_interfaces__rosidl_typesupport_introspection_c__pyext.dir/rosidl_generator_py/robocon_interfaces/_robocon_interfaces_s.ep.rosidl_typesupport_introspection_c.c.o[0m
[ 90%] [32mBuilding C object CMakeFiles/robocon_interfaces__rosidl_typesupport_fastrtps_c__pyext.dir/rosidl_generator_py/robocon_interfaces/_robocon_interfaces_s.ep.rosidl_typesupport_fastrtps_c.c.o[0m
[ 90%] [32mBuilding C object CMakeFiles/robocon_interfaces__rosidl_typesupport_c__pyext.dir/rosidl_generator_py/robocon_interfaces/_robocon_interfaces_s.ep.rosidl_typesupport_c.c.o[0m
[100%] [32m[1mLinking C shared library rosidl_generator_py/robocon_interfaces/robocon_interfaces_s__rosidl_typesupport_fastrtps_c.cpython-310-x86_64-linux-gnu.so[0m
[100%] [32m[1mLinking C shared library rosidl_generator_py/robocon_interfaces/robocon_interfaces_s__rosidl_typesupport_introspection_c.cpython-310-x86_64-linux-gnu.so[0m
[100%] [32m[1mLinking C shared library rosidl_generator_py/robocon_interfaces/robocon_interfaces_s__rosidl_typesupport_c.cpython-310-x86_64-linux-gnu.so[0m
[100%] Built target robocon_interfaces__rosidl_typesupport_introspection_c__pyext
[100%] Built target robocon_interfaces__rosidl_typesupport_c__pyext
[100%] Built target robocon_interfaces__rosidl_typesupport_fastrtps_c__pyext
-- Install configuration: ""
-- Installing: /home/kyrgios/ros2ws/install/robocon_interfaces/share/ament_index/resource_index/rosidl_interfaces/robocon_interfaces
-- Up-to-date: /home/kyrgios/ros2ws/install/robocon_interfaces/include/robocon_interfaces/robocon_interfaces
-- Up-to-date: /home/kyrgios/ros2ws/install/robocon_interfaces/include/robocon_interfaces/robocon_interfaces/msg
-- Up-to-date: /home/kyrgios/ros2ws/install/robocon_interfaces/include/robocon_interfaces/robocon_interfaces/msg/image_msg.h
-- Up-to-date: /home/kyrgios/ros2ws/install/robocon_interfaces/include/robocon_interfaces/robocon_interfaces/msg/rosidl_generator_c__visibility_control.h
-- Up-to-date: /home/kyrgios/ros2ws/install/robocon_interfaces/include/robocon_interfaces/robocon_interfaces/msg/detail
-- Up-to-date: /home/kyrgios/ros2ws/install/robocon_interfaces/include/robocon_interfaces/robocon_interfaces/msg/detail/image_msg__functions.h
-- Up-to-date: /home/kyrgios/ros2ws/install/robocon_interfaces/include/robocon_interfaces/robocon_interfaces/msg/detail/image_msg__type_support.h
-- Up-to-date: /home/kyrgios/ros2ws/install/robocon_interfaces/include/robocon_interfaces/robocon_interfaces/msg/detail/image_msg__functions.c
-- Up-to-date: /home/kyrgios/ros2ws/install/robocon_interfaces/include/robocon_interfaces/robocon_interfaces/msg/detail/image_msg__struct.h
-- Up-to-date: /home/kyrgios/ros2ws/install/robocon_interfaces/include/robocon_interfaces/robocon_interfaces/srv
-- Up-to-date: /home/kyrgios/ros2ws/install/robocon_interfaces/include/robocon_interfaces/robocon_interfaces/srv/image_analysis.h
-- Up-to-date: /home/kyrgios/ros2ws/install/robocon_interfaces/include/robocon_interfaces/robocon_interfaces/srv/detail
-- Up-to-date: /home/kyrgios/ros2ws/install/robocon_interfaces/include/robocon_interfaces/robocon_interfaces/srv/detail/image_analysis__type_support.h
-- Up-to-date: /home/kyrgios/ros2ws/install/robocon_interfaces/include/robocon_interfaces/robocon_interfaces/srv/detail/image_analysis__functions.h
-- Up-to-date: /home/kyrgios/ros2ws/install/robocon_interfaces/include/robocon_interfaces/robocon_interfaces/srv/detail/image_analysis__struct.h
-- Up-to-date: /home/kyrgios/ros2ws/install/robocon_interfaces/include/robocon_interfaces/robocon_interfaces/srv/detail/image_analysis__functions.c
-- Up-to-date: /home/kyrgios/ros2ws/install/robocon_interfaces/share/robocon_interfaces/environment/library_path.sh
-- Installing: /home/kyrgios/ros2ws/install/robocon_interfaces/share/robocon_interfaces/environment/library_path.dsv
-- Installing: /home/kyrgios/ros2ws/install/robocon_interfaces/lib/librobocon_interfaces__rosidl_generator_c.so
-- Set runtime path of "/home/kyrgios/ros2ws/install/robocon_interfaces/lib/librobocon_interfaces__rosidl_generator_c.so" to ""
-- Up-to-date: /home/kyrgios/ros2ws/install/robocon_interfaces/include/robocon_interfaces/robocon_interfaces
-- Up-to-date: /home/kyrgios/ros2ws/install/robocon_interfaces/include/robocon_interfaces/robocon_interfaces/msg
-- Up-to-date: /home/kyrgios/ros2ws/install/robocon_interfaces/include/robocon_interfaces/robocon_interfaces/msg/rosidl_typesupport_fastrtps_c__visibility_control.h
-- Up-to-date: /home/kyrgios/ros2ws/install/robocon_interfaces/include/robocon_interfaces/robocon_interfaces/msg/detail
-- Up-to-date: /home/kyrgios/ros2ws/install/robocon_interfaces/include/robocon_interfaces/robocon_interfaces/msg/detail/image_msg__rosidl_typesupport_fastrtps_c.h
-- Up-to-date: /home/kyrgios/ros2ws/install/robocon_interfaces/include/robocon_interfaces/robocon_interfaces/srv
-- Up-to-date: /home/kyrgios/ros2ws/install/robocon_interfaces/include/robocon_interfaces/robocon_interfaces/srv/detail
-- Up-to-date: /home/kyrgios/ros2ws/install/robocon_interfaces/include/robocon_interfaces/robocon_interfaces/srv/detail/image_analysis__rosidl_typesupport_fastrtps_c.h
-- Installing: /home/kyrgios/ros2ws/install/robocon_interfaces/lib/librobocon_interfaces__rosidl_typesupport_fastrtps_c.so
-- Set runtime path of "/home/kyrgios/ros2ws/install/robocon_interfaces/lib/librobocon_interfaces__rosidl_typesupport_fastrtps_c.so" to ""
-- Up-to-date: /home/kyrgios/ros2ws/install/robocon_interfaces/include/robocon_interfaces/robocon_interfaces
-- Up-to-date: /home/kyrgios/ros2ws/install/robocon_interfaces/include/robocon_interfaces/robocon_interfaces/msg
-- Up-to-date: /home/kyrgios/ros2ws/install/robocon_interfaces/include/robocon_interfaces/robocon_interfaces/msg/rosidl_typesupport_introspection_c__visibility_control.h
-- Up-to-date: /home/kyrgios/ros2ws/install/robocon_interfaces/include/robocon_interfaces/robocon_interfaces/msg/detail
-- Up-to-date: /home/kyrgios/ros2ws/install/robocon_interfaces/include/robocon_interfaces/robocon_interfaces/msg/detail/image_msg__rosidl_typesupport_introspection_c.h
-- Up-to-date: /home/kyrgios/ros2ws/install/robocon_interfaces/include/robocon_interfaces/robocon_interfaces/msg/detail/image_msg__type_support.c
-- Up-to-date: /home/kyrgios/ros2ws/install/robocon_interfaces/include/robocon_interfaces/robocon_interfaces/srv
-- Up-to-date: /home/kyrgios/ros2ws/install/robocon_interfaces/include/robocon_interfaces/robocon_interfaces/srv/detail
-- Installing: /home/kyrgios/ros2ws/install/robocon_interfaces/include/robocon_interfaces/robocon_interfaces/srv/detail/image_analysis__type_support.c
-- Up-to-date: /home/kyrgios/ros2ws/install/robocon_interfaces/include/robocon_interfaces/robocon_interfaces/srv/detail/image_analysis__rosidl_typesupport_introspection_c.h
-- Installing: /home/kyrgios/ros2ws/install/robocon_interfaces/lib/librobocon_interfaces__rosidl_typesupport_introspection_c.so
-- Set runtime path of "/home/kyrgios/ros2ws/install/robocon_interfaces/lib/librobocon_interfaces__rosidl_typesupport_introspection_c.so" to ""
-- Installing: /home/kyrgios/ros2ws/install/robocon_interfaces/lib/librobocon_interfaces__rosidl_typesupport_c.so
-- Set runtime path of "/home/kyrgios/ros2ws/install/robocon_interfaces/lib/librobocon_interfaces__rosidl_typesupport_c.so" to ""
-- Up-to-date: /home/kyrgios/ros2ws/install/robocon_interfaces/include/robocon_interfaces/robocon_interfaces
-- Up-to-date: /home/kyrgios/ros2ws/install/robocon_interfaces/include/robocon_interfaces/robocon_interfaces/msg
-- Up-to-date: /home/kyrgios/ros2ws/install/robocon_interfaces/include/robocon_interfaces/robocon_interfaces/msg/image_msg.hpp
-- Up-to-date: /home/kyrgios/ros2ws/install/robocon_interfaces/include/robocon_interfaces/robocon_interfaces/msg/detail
-- Up-to-date: /home/kyrgios/ros2ws/install/robocon_interfaces/include/robocon_interfaces/robocon_interfaces/msg/detail/image_msg__builder.hpp
-- Up-to-date: /home/kyrgios/ros2ws/install/robocon_interfaces/include/robocon_interfaces/robocon_interfaces/msg/detail/image_msg__traits.hpp
-- Up-to-date: /home/kyrgios/ros2ws/install/robocon_interfaces/include/robocon_interfaces/robocon_interfaces/msg/detail/image_msg__struct.hpp
-- Up-to-date: /home/kyrgios/ros2ws/install/robocon_interfaces/include/robocon_interfaces/robocon_interfaces/msg/detail/image_msg__type_support.hpp
-- Up-to-date: /home/kyrgios/ros2ws/install/robocon_interfaces/include/robocon_interfaces/robocon_interfaces/msg/rosidl_generator_cpp__visibility_control.hpp
-- Up-to-date: /home/kyrgios/ros2ws/install/robocon_interfaces/include/robocon_interfaces/robocon_interfaces/srv
-- Up-to-date: /home/kyrgios/ros2ws/install/robocon_interfaces/include/robocon_interfaces/robocon_interfaces/srv/detail
-- Up-to-date: /home/kyrgios/ros2ws/install/robocon_interfaces/include/robocon_interfaces/robocon_interfaces/srv/detail/image_analysis__struct.hpp
-- Up-to-date: /home/kyrgios/ros2ws/install/robocon_interfaces/include/robocon_interfaces/robocon_interfaces/srv/detail/image_analysis__type_support.hpp
-- Up-to-date: /home/kyrgios/ros2ws/install/robocon_interfaces/include/robocon_interfaces/robocon_interfaces/srv/detail/image_analysis__traits.hpp
-- Up-to-date: /home/kyrgios/ros2ws/install/robocon_interfaces/include/robocon_interfaces/robocon_interfaces/srv/detail/image_analysis__builder.hpp
-- Up-to-date: /home/kyrgios/ros2ws/install/robocon_interfaces/include/robocon_interfaces/robocon_interfaces/srv/image_analysis.hpp
-- Up-to-date: /home/kyrgios/ros2ws/install/robocon_interfaces/include/robocon_interfaces/robocon_interfaces
-- Up-to-date: /home/kyrgios/ros2ws/install/robocon_interfaces/include/robocon_interfaces/robocon_interfaces/msg
-- Up-to-date: /home/kyrgios/ros2ws/install/robocon_interfaces/include/robocon_interfaces/robocon_interfaces/msg/rosidl_typesupport_fastrtps_cpp__visibility_control.h
-- Up-to-date: /home/kyrgios/ros2ws/install/robocon_interfaces/include/robocon_interfaces/robocon_interfaces/msg/detail
-- Up-to-date: /home/kyrgios/ros2ws/install/robocon_interfaces/include/robocon_interfaces/robocon_interfaces/msg/detail/image_msg__rosidl_typesupport_fastrtps_cpp.hpp
-- Up-to-date: /home/kyrgios/ros2ws/install/robocon_interfaces/include/robocon_interfaces/robocon_interfaces/msg/detail/dds_fastrtps
-- Up-to-date: /home/kyrgios/ros2ws/install/robocon_interfaces/include/robocon_interfaces/robocon_interfaces/srv
-- Up-to-date: /home/kyrgios/ros2ws/install/robocon_interfaces/include/robocon_interfaces/robocon_interfaces/srv/detail
-- Up-to-date: /home/kyrgios/ros2ws/install/robocon_interfaces/include/robocon_interfaces/robocon_interfaces/srv/detail/image_analysis__rosidl_typesupport_fastrtps_cpp.hpp
-- Up-to-date: /home/kyrgios/ros2ws/install/robocon_interfaces/include/robocon_interfaces/robocon_interfaces/srv/detail/dds_fastrtps
-- Installing: /home/kyrgios/ros2ws/install/robocon_interfaces/lib/librobocon_interfaces__rosidl_typesupport_fastrtps_cpp.so
-- Set runtime path of "/home/kyrgios/ros2ws/install/robocon_interfaces/lib/librobocon_interfaces__rosidl_typesupport_fastrtps_cpp.so" to ""
-- Up-to-date: /home/kyrgios/ros2ws/install/robocon_interfaces/include/robocon_interfaces/robocon_interfaces
-- Up-to-date: /home/kyrgios/ros2ws/install/robocon_interfaces/include/robocon_interfaces/robocon_interfaces/msg
-- Up-to-date: /home/kyrgios/ros2ws/install/robocon_interfaces/include/robocon_interfaces/robocon_interfaces/msg/detail
-- Up-to-date: /home/kyrgios/ros2ws/install/robocon_interfaces/include/robocon_interfaces/robocon_interfaces/msg/detail/image_msg__rosidl_typesupport_introspection_cpp.hpp
-- Up-to-date: /home/kyrgios/ros2ws/install/robocon_interfaces/include/robocon_interfaces/robocon_interfaces/msg/detail/image_msg__type_support.cpp
-- Up-to-date: /home/kyrgios/ros2ws/install/robocon_interfaces/include/robocon_interfaces/robocon_interfaces/srv
-- Up-to-date: /home/kyrgios/ros2ws/install/robocon_interfaces/include/robocon_interfaces/robocon_interfaces/srv/detail
-- Up-to-date: /home/kyrgios/ros2ws/install/robocon_interfaces/include/robocon_interfaces/robocon_interfaces/srv/detail/image_analysis__rosidl_typesupport_introspection_cpp.hpp
-- Installing: /home/kyrgios/ros2ws/install/robocon_interfaces/include/robocon_interfaces/robocon_interfaces/srv/detail/image_analysis__type_support.cpp
-- Installing: /home/kyrgios/ros2ws/install/robocon_interfaces/lib/librobocon_interfaces__rosidl_typesupport_introspection_cpp.so
-- Set runtime path of "/home/kyrgios/ros2ws/install/robocon_interfaces/lib/librobocon_interfaces__rosidl_typesupport_introspection_cpp.so" to ""
-- Installing: /home/kyrgios/ros2ws/install/robocon_interfaces/lib/librobocon_interfaces__rosidl_typesupport_cpp.so
-- Set runtime path of "/home/kyrgios/ros2ws/install/robocon_interfaces/lib/librobocon_interfaces__rosidl_typesupport_cpp.so" to ""
-- Up-to-date: /home/kyrgios/ros2ws/install/robocon_interfaces/share/robocon_interfaces/environment/pythonpath.sh
-- Installing: /home/kyrgios/ros2ws/install/robocon_interfaces/share/robocon_interfaces/environment/pythonpath.dsv
-- Up-to-date: /home/kyrgios/ros2ws/install/robocon_interfaces/local/lib/python3.10/dist-packages/robocon_interfaces-0.0.0-py3.10.egg-info
-- Installing: /home/kyrgios/ros2ws/install/robocon_interfaces/local/lib/python3.10/dist-packages/robocon_interfaces-0.0.0-py3.10.egg-info/top_level.txt
-- Installing: /home/kyrgios/ros2ws/install/robocon_interfaces/local/lib/python3.10/dist-packages/robocon_interfaces-0.0.0-py3.10.egg-info/SOURCES.txt
-- Installing: /home/kyrgios/ros2ws/install/robocon_interfaces/local/lib/python3.10/dist-packages/robocon_interfaces-0.0.0-py3.10.egg-info/PKG-INFO
-- Installing: /home/kyrgios/ros2ws/install/robocon_interfaces/local/lib/python3.10/dist-packages/robocon_interfaces-0.0.0-py3.10.egg-info/dependency_links.txt
-- Up-to-date: /home/kyrgios/ros2ws/install/robocon_interfaces/local/lib/python3.10/dist-packages/robocon_interfaces
-- Installing: /home/kyrgios/ros2ws/install/robocon_interfaces/local/lib/python3.10/dist-packages/robocon_interfaces/robocon_interfaces_s__rosidl_typesupport_introspection_c.cpython-310-x86_64-linux-gnu.so
-- Up-to-date: /home/kyrgios/ros2ws/install/robocon_interfaces/local/lib/python3.10/dist-packages/robocon_interfaces/msg
-- Up-to-date: /home/kyrgios/ros2ws/install/robocon_interfaces/local/lib/python3.10/dist-packages/robocon_interfaces/msg/_image_msg_s.c
-- Up-to-date: /home/kyrgios/ros2ws/install/robocon_interfaces/local/lib/python3.10/dist-packages/robocon_interfaces/msg/__init__.py
-- Up-to-date: /home/kyrgios/ros2ws/install/robocon_interfaces/local/lib/python3.10/dist-packages/robocon_interfaces/msg/_image_msg.py
-- Installing: /home/kyrgios/ros2ws/install/robocon_interfaces/local/lib/python3.10/dist-packages/robocon_interfaces/librobocon_interfaces__rosidl_generator_py.so
-- Up-to-date: /home/kyrgios/ros2ws/install/robocon_interfaces/local/lib/python3.10/dist-packages/robocon_interfaces/srv
-- Up-to-date: /home/kyrgios/ros2ws/install/robocon_interfaces/local/lib/python3.10/dist-packages/robocon_interfaces/srv/_image_analysis_s.c
-- Up-to-date: /home/kyrgios/ros2ws/install/robocon_interfaces/local/lib/python3.10/dist-packages/robocon_interfaces/srv/_image_analysis.py
-- Up-to-date: /home/kyrgios/ros2ws/install/robocon_interfaces/local/lib/python3.10/dist-packages/robocon_interfaces/srv/__init__.py
-- Up-to-date: /home/kyrgios/ros2ws/install/robocon_interfaces/local/lib/python3.10/dist-packages/robocon_interfaces/_robocon_interfaces_s.ep.rosidl_typesupport_c.c
-- Up-to-date: /home/kyrgios/ros2ws/install/robocon_interfaces/local/lib/python3.10/dist-packages/robocon_interfaces/_robocon_interfaces_s.ep.rosidl_typesupport_introspection_c.c
-- Installing: /home/kyrgios/ros2ws/install/robocon_interfaces/local/lib/python3.10/dist-packages/robocon_interfaces/robocon_interfaces_s__rosidl_typesupport_c.cpython-310-x86_64-linux-gnu.so
-- Installing: /home/kyrgios/ros2ws/install/robocon_interfaces/local/lib/python3.10/dist-packages/robocon_interfaces/__init__.py
-- Up-to-date: /home/kyrgios/ros2ws/install/robocon_interfaces/local/lib/python3.10/dist-packages/robocon_interfaces/_robocon_interfaces_s.ep.rosidl_typesupport_fastrtps_c.c
-- Installing: /home/kyrgios/ros2ws/install/robocon_interfaces/local/lib/python3.10/dist-packages/robocon_interfaces/robocon_interfaces_s__rosidl_typesupport_fastrtps_c.cpython-310-x86_64-linux-gnu.so
Listing '/home/kyrgios/ros2ws/install/robocon_interfaces/local/lib/python3.10/dist-packages/robocon_interfaces'...
Compiling '/home/kyrgios/ros2ws/install/robocon_interfaces/local/lib/python3.10/dist-packages/robocon_interfaces/__init__.py'...
Listing '/home/kyrgios/ros2ws/install/robocon_interfaces/local/lib/python3.10/dist-packages/robocon_interfaces/msg'...
Listing '/home/kyrgios/ros2ws/install/robocon_interfaces/local/lib/python3.10/dist-packages/robocon_interfaces/srv'...
-- Installing: /home/kyrgios/ros2ws/install/robocon_interfaces/local/lib/python3.10/dist-packages/robocon_interfaces/robocon_interfaces_s__rosidl_typesupport_fastrtps_c.cpython-310-x86_64-linux-gnu.so
-- Set runtime path of "/home/kyrgios/ros2ws/install/robocon_interfaces/local/lib/python3.10/dist-packages/robocon_interfaces/robocon_interfaces_s__rosidl_typesupport_fastrtps_c.cpython-310-x86_64-linux-gnu.so" to ""
-- Installing: /home/kyrgios/ros2ws/install/robocon_interfaces/local/lib/python3.10/dist-packages/robocon_interfaces/robocon_interfaces_s__rosidl_typesupport_introspection_c.cpython-310-x86_64-linux-gnu.so
-- Set runtime path of "/home/kyrgios/ros2ws/install/robocon_interfaces/local/lib/python3.10/dist-packages/robocon_interfaces/robocon_interfaces_s__rosidl_typesupport_introspection_c.cpython-310-x86_64-linux-gnu.so" to ""
-- Installing: /home/kyrgios/ros2ws/install/robocon_interfaces/local/lib/python3.10/dist-packages/robocon_interfaces/robocon_interfaces_s__rosidl_typesupport_c.cpython-310-x86_64-linux-gnu.so
-- Set runtime path of "/home/kyrgios/ros2ws/install/robocon_interfaces/local/lib/python3.10/dist-packages/robocon_interfaces/robocon_interfaces_s__rosidl_typesupport_c.cpython-310-x86_64-linux-gnu.so" to ""
-- Installing: /home/kyrgios/ros2ws/install/robocon_interfaces/lib/librobocon_interfaces__rosidl_generator_py.so
-- Set runtime path of "/home/kyrgios/ros2ws/install/robocon_interfaces/lib/librobocon_interfaces__rosidl_generator_py.so" to ""
-- Up-to-date: /home/kyrgios/ros2ws/install/robocon_interfaces/share/robocon_interfaces/srv/ImageAnalysis.idl
-- Up-to-date: /home/kyrgios/ros2ws/install/robocon_interfaces/share/robocon_interfaces/srv/ImageAnalysis.srv
-- Up-to-date: /home/kyrgios/ros2ws/install/robocon_interfaces/share/robocon_interfaces/srv/ImageAnalysis_Request.msg
-- Up-to-date: /home/kyrgios/ros2ws/install/robocon_interfaces/share/robocon_interfaces/srv/ImageAnalysis_Response.msg
-- Installing: /home/kyrgios/ros2ws/install/robocon_interfaces/share/ament_index/resource_index/package_run_dependencies/robocon_interfaces
-- Installing: /home/kyrgios/ros2ws/install/robocon_interfaces/share/ament_index/resource_index/parent_prefix_path/robocon_interfaces
-- Up-to-date: /home/kyrgios/ros2ws/install/robocon_interfaces/share/robocon_interfaces/environment/ament_prefix_path.sh
-- Installing: /home/kyrgios/ros2ws/install/robocon_interfaces/share/robocon_interfaces/environment/ament_prefix_path.dsv
-- Up-to-date: /home/kyrgios/ros2ws/install/robocon_interfaces/share/robocon_interfaces/environment/path.sh
-- Installing: /home/kyrgios/ros2ws/install/robocon_interfaces/share/robocon_interfaces/environment/path.dsv
-- Up-to-date: /home/kyrgios/ros2ws/install/robocon_interfaces/share/robocon_interfaces/local_setup.bash
-- Up-to-date: /home/kyrgios/ros2ws/install/robocon_interfaces/share/robocon_interfaces/local_setup.sh
-- Up-to-date: /home/kyrgios/ros2ws/install/robocon_interfaces/share/robocon_interfaces/local_setup.zsh
-- Installing: /home/kyrgios/ros2ws/install/robocon_interfaces/share/robocon_interfaces/local_setup.dsv
-- Installing: /home/kyrgios/ros2ws/install/robocon_interfaces/share/robocon_interfaces/package.dsv
-- Up-to-date: /home/kyrgios/ros2ws/install/robocon_interfaces/share/ament_index/resource_index/packages/robocon_interfaces
-- Installing: /home/kyrgios/ros2ws/install/robocon_interfaces/share/robocon_interfaces/cmake/export_robocon_interfaces__rosidl_generator_cExport.cmake
-- Up-to-date: /home/kyrgios/ros2ws/install/robocon_interfaces/share/robocon_interfaces/cmake/export_robocon_interfaces__rosidl_generator_cExport-noconfig.cmake
-- Installing: /home/kyrgios/ros2ws/install/robocon_interfaces/share/robocon_interfaces/cmake/export_robocon_interfaces__rosidl_typesupport_fastrtps_cExport.cmake
-- Up-to-date: /home/kyrgios/ros2ws/install/robocon_interfaces/share/robocon_interfaces/cmake/export_robocon_interfaces__rosidl_typesupport_fastrtps_cExport-noconfig.cmake
-- Installing: /home/kyrgios/ros2ws/install/robocon_interfaces/share/robocon_interfaces/cmake/robocon_interfaces__rosidl_typesupport_introspection_cExport.cmake
-- Up-to-date: /home/kyrgios/ros2ws/install/robocon_interfaces/share/robocon_interfaces/cmake/robocon_interfaces__rosidl_typesupport_introspection_cExport-noconfig.cmake
-- Installing: /home/kyrgios/ros2ws/install/robocon_interfaces/share/robocon_interfaces/cmake/robocon_interfaces__rosidl_typesupport_cExport.cmake
-- Up-to-date: /home/kyrgios/ros2ws/install/robocon_interfaces/share/robocon_interfaces/cmake/robocon_interfaces__rosidl_typesupport_cExport-noconfig.cmake
-- Installing: /home/kyrgios/ros2ws/install/robocon_interfaces/share/robocon_interfaces/cmake/export_robocon_interfaces__rosidl_generator_cppExport.cmake
-- Installing: /home/kyrgios/ros2ws/install/robocon_interfaces/share/robocon_interfaces/cmake/export_robocon_interfaces__rosidl_typesupport_fastrtps_cppExport.cmake
-- Up-to-date: /home/kyrgios/ros2ws/install/robocon_interfaces/share/robocon_interfaces/cmake/export_robocon_interfaces__rosidl_typesupport_fastrtps_cppExport-noconfig.cmake
-- Installing: /home/kyrgios/ros2ws/install/robocon_interfaces/share/robocon_interfaces/cmake/robocon_interfaces__rosidl_typesupport_introspection_cppExport.cmake
-- Up-to-date: /home/kyrgios/ros2ws/install/robocon_interfaces/share/robocon_interfaces/cmake/robocon_interfaces__rosidl_typesupport_introspection_cppExport-noconfig.cmake
-- Installing: /home/kyrgios/ros2ws/install/robocon_interfaces/share/robocon_interfaces/cmake/robocon_interfaces__rosidl_typesupport_cppExport.cmake
-- Up-to-date: /home/kyrgios/ros2ws/install/robocon_interfaces/share/robocon_interfaces/cmake/robocon_interfaces__rosidl_typesupport_cppExport-noconfig.cmake
-- Installing: /home/kyrgios/ros2ws/install/robocon_interfaces/share/robocon_interfaces/cmake/export_robocon_interfaces__rosidl_generator_pyExport.cmake
-- Up-to-date: /home/kyrgios/ros2ws/install/robocon_interfaces/share/robocon_interfaces/cmake/export_robocon_interfaces__rosidl_generator_pyExport-noconfig.cmake
-- Installing: /home/kyrgios/ros2ws/install/robocon_interfaces/share/robocon_interfaces/cmake/rosidl_cmake-extras.cmake
-- Installing: /home/kyrgios/ros2ws/install/robocon_interfaces/share/robocon_interfaces/cmake/ament_cmake_export_dependencies-extras.cmake
-- Up-to-date: /home/kyrgios/ros2ws/install/robocon_interfaces/share/robocon_interfaces/cmake/ament_cmake_export_include_directories-extras.cmake
-- Up-to-date: /home/kyrgios/ros2ws/install/robocon_interfaces/share/robocon_interfaces/cmake/ament_cmake_export_libraries-extras.cmake
-- Up-to-date: /home/kyrgios/ros2ws/install/robocon_interfaces/share/robocon_interfaces/cmake/ament_cmake_export_targets-extras.cmake
-- Up-to-date: /home/kyrgios/ros2ws/install/robocon_interfaces/share/robocon_interfaces/cmake/rosidl_cmake_export_typesupport_targets-extras.cmake
-- Up-to-date: /home/kyrgios/ros2ws/install/robocon_interfaces/share/robocon_interfaces/cmake/rosidl_cmake_export_typesupport_libraries-extras.cmake
-- Installing: /home/kyrgios/ros2ws/install/robocon_interfaces/share/robocon_interfaces/cmake/robocon_interfacesConfig.cmake
-- Up-to-date: /home/kyrgios/ros2ws/install/robocon_interfaces/share/robocon_interfaces/cmake/robocon_interfacesConfig-version.cmake
-- Installing: /home/kyrgios/ros2ws/install/robocon_interfaces/share/robocon_interfaces/package.xml
