[0.014s] Invoking command in '/home/kyrgios/ros2ws/build/robocon_interfaces': CMAKE_PREFIX_PATH=${CMAKE_PREFIX_PATH}:/home/kyrgios/ros2ws/install/robocon_camera:/home/kyrgios/ros2ws/install/robocon_basics:/home/kyrgios/ros2ws/install/py_pubsub:/opt/ros/humble /usr/bin/cmake --build /home/kyrgios/ros2ws/build/robocon_interfaces -- -j12 -l12
[0.084s] [  3%] Built target robocon_interfaces__cpp
[0.085s] [ 12%] Built target robocon_interfaces__rosidl_generator_c
[0.098s] [ 12%] Built target ament_cmake_python_copy_robocon_interfaces
[0.114s] [ 29%] Built target robocon_interfaces__rosidl_typesupport_fastrtps_cpp
[0.114s] [ 32%] Built target robocon_interfaces__rosidl_typesupport_cpp
[0.116s] [ 41%] Built target robocon_interfaces__rosidl_typesupport_introspection_cpp
[0.129s] [ 61%] Built target robocon_interfaces__rosidl_typesupport_c
[0.129s] [ 61%] Built target robocon_interfaces__rosidl_typesupport_introspection_c
[0.130s] [ 70%] Built target robocon_interfaces__rosidl_typesupport_fastrtps_c
[0.159s] [ 70%] Built target robocon_interfaces
[0.188s] [ 74%] Built target robocon_interfaces__py
[0.219s] [ 80%] Built target robocon_interfaces__rosidl_generator_py
[0.243s] [100%] Built target robocon_interfaces__rosidl_typesupport_fastrtps_c__pyext
[0.243s] [100%] Built target robocon_interfaces__rosidl_typesupport_c__pyext
[0.243s] [100%] Built target robocon_interfaces__rosidl_typesupport_introspection_c__pyext
[0.330s] running egg_info
[0.330s] writing robocon_interfaces.egg-info/PKG-INFO
[0.330s] writing dependency_links to robocon_interfaces.egg-info/dependency_links.txt
[0.330s] writing top-level names to robocon_interfaces.egg-info/top_level.txt
[0.332s] reading manifest file 'robocon_interfaces.egg-info/SOURCES.txt'
[0.332s] writing manifest file 'robocon_interfaces.egg-info/SOURCES.txt'
[0.364s] [100%] Built target ament_cmake_python_build_robocon_interfaces_egg
[0.376s] Invoked command in '/home/kyrgios/ros2ws/build/robocon_interfaces' returned '0': CMAKE_PREFIX_PATH=${CMAKE_PREFIX_PATH}:/home/kyrgios/ros2ws/install/robocon_camera:/home/kyrgios/ros2ws/install/robocon_basics:/home/kyrgios/ros2ws/install/py_pubsub:/opt/ros/humble /usr/bin/cmake --build /home/kyrgios/ros2ws/build/robocon_interfaces -- -j12 -l12
[0.387s] Invoking command in '/home/kyrgios/ros2ws/build/robocon_interfaces': CMAKE_PREFIX_PATH=${CMAKE_PREFIX_PATH}:/home/kyrgios/ros2ws/install/robocon_camera:/home/kyrgios/ros2ws/install/robocon_basics:/home/kyrgios/ros2ws/install/py_pubsub:/opt/ros/humble /usr/bin/cmake --install /home/kyrgios/ros2ws/build/robocon_interfaces
[0.395s] -- Install configuration: ""
[0.395s] -- Up-to-date: /home/kyrgios/ros2ws/install/robocon_interfaces/share/ament_index/resource_index/rosidl_interfaces/robocon_interfaces
[0.395s] -- Up-to-date: /home/kyrgios/ros2ws/install/robocon_interfaces/include/robocon_interfaces/robocon_interfaces
[0.395s] -- Up-to-date: /home/kyrgios/ros2ws/install/robocon_interfaces/include/robocon_interfaces/robocon_interfaces/msg
[0.395s] -- Up-to-date: /home/kyrgios/ros2ws/install/robocon_interfaces/include/robocon_interfaces/robocon_interfaces/msg/image_msg.h
[0.395s] -- Up-to-date: /home/kyrgios/ros2ws/install/robocon_interfaces/include/robocon_interfaces/robocon_interfaces/msg/rosidl_generator_c__visibility_control.h
[0.395s] -- Up-to-date: /home/kyrgios/ros2ws/install/robocon_interfaces/include/robocon_interfaces/robocon_interfaces/msg/detail
[0.395s] -- Up-to-date: /home/kyrgios/ros2ws/install/robocon_interfaces/include/robocon_interfaces/robocon_interfaces/msg/detail/image_msg__functions.h
[0.395s] -- Up-to-date: /home/kyrgios/ros2ws/install/robocon_interfaces/include/robocon_interfaces/robocon_interfaces/msg/detail/image_msg__type_support.h
[0.396s] -- Up-to-date: /home/kyrgios/ros2ws/install/robocon_interfaces/include/robocon_interfaces/robocon_interfaces/msg/detail/image_msg__functions.c
[0.396s] -- Up-to-date: /home/kyrgios/ros2ws/install/robocon_interfaces/include/robocon_interfaces/robocon_interfaces/msg/detail/image_msg__struct.h
[0.396s] -- Up-to-date: /home/kyrgios/ros2ws/install/robocon_interfaces/include/robocon_interfaces/robocon_interfaces/srv
[0.396s] -- Up-to-date: /home/kyrgios/ros2ws/install/robocon_interfaces/include/robocon_interfaces/robocon_interfaces/srv/image_analysis.h
[0.396s] -- Up-to-date: /home/kyrgios/ros2ws/install/robocon_interfaces/include/robocon_interfaces/robocon_interfaces/srv/detail
[0.396s] -- Up-to-date: /home/kyrgios/ros2ws/install/robocon_interfaces/include/robocon_interfaces/robocon_interfaces/srv/detail/image_analysis__type_support.h
[0.396s] -- Up-to-date: /home/kyrgios/ros2ws/install/robocon_interfaces/include/robocon_interfaces/robocon_interfaces/srv/detail/image_analysis__functions.h
[0.396s] -- Up-to-date: /home/kyrgios/ros2ws/install/robocon_interfaces/include/robocon_interfaces/robocon_interfaces/srv/detail/image_analysis__struct.h
[0.396s] -- Up-to-date: /home/kyrgios/ros2ws/install/robocon_interfaces/include/robocon_interfaces/robocon_interfaces/srv/detail/image_analysis__functions.c
[0.396s] -- Up-to-date: /home/kyrgios/ros2ws/install/robocon_interfaces/share/robocon_interfaces/environment/library_path.sh
[0.396s] -- Up-to-date: /home/kyrgios/ros2ws/install/robocon_interfaces/share/robocon_interfaces/environment/library_path.dsv
[0.396s] -- Up-to-date: /home/kyrgios/ros2ws/install/robocon_interfaces/lib/librobocon_interfaces__rosidl_generator_c.so
[0.396s] -- Up-to-date: /home/kyrgios/ros2ws/install/robocon_interfaces/include/robocon_interfaces/robocon_interfaces
[0.396s] -- Up-to-date: /home/kyrgios/ros2ws/install/robocon_interfaces/include/robocon_interfaces/robocon_interfaces/msg
[0.396s] -- Up-to-date: /home/kyrgios/ros2ws/install/robocon_interfaces/include/robocon_interfaces/robocon_interfaces/msg/rosidl_typesupport_fastrtps_c__visibility_control.h
[0.396s] -- Up-to-date: /home/kyrgios/ros2ws/install/robocon_interfaces/include/robocon_interfaces/robocon_interfaces/msg/detail
[0.396s] -- Up-to-date: /home/kyrgios/ros2ws/install/robocon_interfaces/include/robocon_interfaces/robocon_interfaces/msg/detail/image_msg__rosidl_typesupport_fastrtps_c.h
[0.396s] -- Up-to-date: /home/kyrgios/ros2ws/install/robocon_interfaces/include/robocon_interfaces/robocon_interfaces/srv
[0.396s] -- Up-to-date: /home/kyrgios/ros2ws/install/robocon_interfaces/include/robocon_interfaces/robocon_interfaces/srv/detail
[0.397s] -- Up-to-date: /home/kyrgios/ros2ws/install/robocon_interfaces/include/robocon_interfaces/robocon_interfaces/srv/detail/image_analysis__rosidl_typesupport_fastrtps_c.h
[0.397s] -- Up-to-date: /home/kyrgios/ros2ws/install/robocon_interfaces/lib/librobocon_interfaces__rosidl_typesupport_fastrtps_c.so
[0.397s] -- Up-to-date: /home/kyrgios/ros2ws/install/robocon_interfaces/include/robocon_interfaces/robocon_interfaces
[0.397s] -- Up-to-date: /home/kyrgios/ros2ws/install/robocon_interfaces/include/robocon_interfaces/robocon_interfaces/msg
[0.397s] -- Up-to-date: /home/kyrgios/ros2ws/install/robocon_interfaces/include/robocon_interfaces/robocon_interfaces/msg/rosidl_typesupport_introspection_c__visibility_control.h
[0.397s] -- Up-to-date: /home/kyrgios/ros2ws/install/robocon_interfaces/include/robocon_interfaces/robocon_interfaces/msg/detail
[0.397s] -- Up-to-date: /home/kyrgios/ros2ws/install/robocon_interfaces/include/robocon_interfaces/robocon_interfaces/msg/detail/image_msg__rosidl_typesupport_introspection_c.h
[0.397s] -- Up-to-date: /home/kyrgios/ros2ws/install/robocon_interfaces/include/robocon_interfaces/robocon_interfaces/msg/detail/image_msg__type_support.c
[0.397s] -- Up-to-date: /home/kyrgios/ros2ws/install/robocon_interfaces/include/robocon_interfaces/robocon_interfaces/srv
[0.397s] -- Up-to-date: /home/kyrgios/ros2ws/install/robocon_interfaces/include/robocon_interfaces/robocon_interfaces/srv/detail
[0.397s] -- Up-to-date: /home/kyrgios/ros2ws/install/robocon_interfaces/include/robocon_interfaces/robocon_interfaces/srv/detail/image_analysis__type_support.c
[0.397s] -- Up-to-date: /home/kyrgios/ros2ws/install/robocon_interfaces/include/robocon_interfaces/robocon_interfaces/srv/detail/image_analysis__rosidl_typesupport_introspection_c.h
[0.397s] -- Up-to-date: /home/kyrgios/ros2ws/install/robocon_interfaces/lib/librobocon_interfaces__rosidl_typesupport_introspection_c.so
[0.397s] -- Up-to-date: /home/kyrgios/ros2ws/install/robocon_interfaces/lib/librobocon_interfaces__rosidl_typesupport_c.so
[0.397s] -- Up-to-date: /home/kyrgios/ros2ws/install/robocon_interfaces/include/robocon_interfaces/robocon_interfaces
[0.397s] -- Up-to-date: /home/kyrgios/ros2ws/install/robocon_interfaces/include/robocon_interfaces/robocon_interfaces/msg
[0.397s] -- Up-to-date: /home/kyrgios/ros2ws/install/robocon_interfaces/include/robocon_interfaces/robocon_interfaces/msg/image_msg.hpp
[0.397s] -- Up-to-date: /home/kyrgios/ros2ws/install/robocon_interfaces/include/robocon_interfaces/robocon_interfaces/msg/detail
[0.397s] -- Up-to-date: /home/kyrgios/ros2ws/install/robocon_interfaces/include/robocon_interfaces/robocon_interfaces/msg/detail/image_msg__builder.hpp
[0.397s] -- Up-to-date: /home/kyrgios/ros2ws/install/robocon_interfaces/include/robocon_interfaces/robocon_interfaces/msg/detail/image_msg__traits.hpp
[0.397s] -- Up-to-date: /home/kyrgios/ros2ws/install/robocon_interfaces/include/robocon_interfaces/robocon_interfaces/msg/detail/image_msg__struct.hpp
[0.397s] -- Up-to-date: /home/kyrgios/ros2ws/install/robocon_interfaces/include/robocon_interfaces/robocon_interfaces/msg/detail/image_msg__type_support.hpp
[0.398s] -- Up-to-date: /home/kyrgios/ros2ws/install/robocon_interfaces/include/robocon_interfaces/robocon_interfaces/msg/rosidl_generator_cpp__visibility_control.hpp
[0.398s] -- Up-to-date: /home/kyrgios/ros2ws/install/robocon_interfaces/include/robocon_interfaces/robocon_interfaces/srv
[0.398s] -- Up-to-date: /home/kyrgios/ros2ws/install/robocon_interfaces/include/robocon_interfaces/robocon_interfaces/srv/detail
[0.398s] -- Up-to-date: /home/kyrgios/ros2ws/install/robocon_interfaces/include/robocon_interfaces/robocon_interfaces/srv/detail/image_analysis__struct.hpp
[0.398s] -- Up-to-date: /home/kyrgios/ros2ws/install/robocon_interfaces/include/robocon_interfaces/robocon_interfaces/srv/detail/image_analysis__type_support.hpp
[0.398s] -- Up-to-date: /home/kyrgios/ros2ws/install/robocon_interfaces/include/robocon_interfaces/robocon_interfaces/srv/detail/image_analysis__traits.hpp
[0.398s] -- Up-to-date: /home/kyrgios/ros2ws/install/robocon_interfaces/include/robocon_interfaces/robocon_interfaces/srv/detail/image_analysis__builder.hpp
[0.398s] -- Up-to-date: /home/kyrgios/ros2ws/install/robocon_interfaces/include/robocon_interfaces/robocon_interfaces/srv/image_analysis.hpp
[0.398s] -- Up-to-date: /home/kyrgios/ros2ws/install/robocon_interfaces/include/robocon_interfaces/robocon_interfaces
[0.398s] -- Up-to-date: /home/kyrgios/ros2ws/install/robocon_interfaces/include/robocon_interfaces/robocon_interfaces/msg
[0.398s] -- Up-to-date: /home/kyrgios/ros2ws/install/robocon_interfaces/include/robocon_interfaces/robocon_interfaces/msg/rosidl_typesupport_fastrtps_cpp__visibility_control.h
[0.398s] -- Up-to-date: /home/kyrgios/ros2ws/install/robocon_interfaces/include/robocon_interfaces/robocon_interfaces/msg/detail
[0.398s] -- Up-to-date: /home/kyrgios/ros2ws/install/robocon_interfaces/include/robocon_interfaces/robocon_interfaces/msg/detail/image_msg__rosidl_typesupport_fastrtps_cpp.hpp
[0.398s] -- Up-to-date: /home/kyrgios/ros2ws/install/robocon_interfaces/include/robocon_interfaces/robocon_interfaces/msg/detail/dds_fastrtps
[0.398s] -- Up-to-date: /home/kyrgios/ros2ws/install/robocon_interfaces/include/robocon_interfaces/robocon_interfaces/srv
[0.398s] -- Up-to-date: /home/kyrgios/ros2ws/install/robocon_interfaces/include/robocon_interfaces/robocon_interfaces/srv/detail
[0.398s] -- Up-to-date: /home/kyrgios/ros2ws/install/robocon_interfaces/include/robocon_interfaces/robocon_interfaces/srv/detail/image_analysis__rosidl_typesupport_fastrtps_cpp.hpp
[0.398s] -- Up-to-date: /home/kyrgios/ros2ws/install/robocon_interfaces/include/robocon_interfaces/robocon_interfaces/srv/detail/dds_fastrtps
[0.398s] -- Up-to-date: /home/kyrgios/ros2ws/install/robocon_interfaces/lib/librobocon_interfaces__rosidl_typesupport_fastrtps_cpp.so
[0.398s] -- Up-to-date: /home/kyrgios/ros2ws/install/robocon_interfaces/include/robocon_interfaces/robocon_interfaces
[0.398s] -- Up-to-date: /home/kyrgios/ros2ws/install/robocon_interfaces/include/robocon_interfaces/robocon_interfaces/msg
[0.398s] -- Up-to-date: /home/kyrgios/ros2ws/install/robocon_interfaces/include/robocon_interfaces/robocon_interfaces/msg/detail
[0.398s] -- Up-to-date: /home/kyrgios/ros2ws/install/robocon_interfaces/include/robocon_interfaces/robocon_interfaces/msg/detail/image_msg__rosidl_typesupport_introspection_cpp.hpp
[0.398s] -- Up-to-date: /home/kyrgios/ros2ws/install/robocon_interfaces/include/robocon_interfaces/robocon_interfaces/msg/detail/image_msg__type_support.cpp
[0.399s] -- Up-to-date: /home/kyrgios/ros2ws/install/robocon_interfaces/include/robocon_interfaces/robocon_interfaces/srv
[0.399s] -- Up-to-date: /home/kyrgios/ros2ws/install/robocon_interfaces/include/robocon_interfaces/robocon_interfaces/srv/detail
[0.399s] -- Up-to-date: /home/kyrgios/ros2ws/install/robocon_interfaces/include/robocon_interfaces/robocon_interfaces/srv/detail/image_analysis__rosidl_typesupport_introspection_cpp.hpp
[0.399s] -- Up-to-date: /home/kyrgios/ros2ws/install/robocon_interfaces/include/robocon_interfaces/robocon_interfaces/srv/detail/image_analysis__type_support.cpp
[0.399s] -- Up-to-date: /home/kyrgios/ros2ws/install/robocon_interfaces/lib/librobocon_interfaces__rosidl_typesupport_introspection_cpp.so
[0.399s] -- Up-to-date: /home/kyrgios/ros2ws/install/robocon_interfaces/lib/librobocon_interfaces__rosidl_typesupport_cpp.so
[0.399s] -- Up-to-date: /home/kyrgios/ros2ws/install/robocon_interfaces/share/robocon_interfaces/environment/pythonpath.sh
[0.399s] -- Up-to-date: /home/kyrgios/ros2ws/install/robocon_interfaces/share/robocon_interfaces/environment/pythonpath.dsv
[0.399s] -- Up-to-date: /home/kyrgios/ros2ws/install/robocon_interfaces/local/lib/python3.10/dist-packages/robocon_interfaces-0.0.0-py3.10.egg-info
[0.399s] -- Installing: /home/kyrgios/ros2ws/install/robocon_interfaces/local/lib/python3.10/dist-packages/robocon_interfaces-0.0.0-py3.10.egg-info/top_level.txt
[0.399s] -- Installing: /home/kyrgios/ros2ws/install/robocon_interfaces/local/lib/python3.10/dist-packages/robocon_interfaces-0.0.0-py3.10.egg-info/SOURCES.txt
[0.399s] -- Installing: /home/kyrgios/ros2ws/install/robocon_interfaces/local/lib/python3.10/dist-packages/robocon_interfaces-0.0.0-py3.10.egg-info/PKG-INFO
[0.399s] -- Installing: /home/kyrgios/ros2ws/install/robocon_interfaces/local/lib/python3.10/dist-packages/robocon_interfaces-0.0.0-py3.10.egg-info/dependency_links.txt
[0.399s] -- Up-to-date: /home/kyrgios/ros2ws/install/robocon_interfaces/local/lib/python3.10/dist-packages/robocon_interfaces
[0.399s] -- Up-to-date: /home/kyrgios/ros2ws/install/robocon_interfaces/local/lib/python3.10/dist-packages/robocon_interfaces/robocon_interfaces_s__rosidl_typesupport_introspection_c.cpython-310-x86_64-linux-gnu.so
[0.399s] -- Up-to-date: /home/kyrgios/ros2ws/install/robocon_interfaces/local/lib/python3.10/dist-packages/robocon_interfaces/msg
[0.399s] -- Up-to-date: /home/kyrgios/ros2ws/install/robocon_interfaces/local/lib/python3.10/dist-packages/robocon_interfaces/msg/_image_msg_s.c
[0.399s] -- Up-to-date: /home/kyrgios/ros2ws/install/robocon_interfaces/local/lib/python3.10/dist-packages/robocon_interfaces/msg/__init__.py
[0.399s] -- Up-to-date: /home/kyrgios/ros2ws/install/robocon_interfaces/local/lib/python3.10/dist-packages/robocon_interfaces/msg/_image_msg.py
[0.400s] -- Up-to-date: /home/kyrgios/ros2ws/install/robocon_interfaces/local/lib/python3.10/dist-packages/robocon_interfaces/librobocon_interfaces__rosidl_generator_py.so
[0.400s] -- Up-to-date: /home/kyrgios/ros2ws/install/robocon_interfaces/local/lib/python3.10/dist-packages/robocon_interfaces/srv
[0.400s] -- Up-to-date: /home/kyrgios/ros2ws/install/robocon_interfaces/local/lib/python3.10/dist-packages/robocon_interfaces/srv/_image_analysis_s.c
[0.400s] -- Up-to-date: /home/kyrgios/ros2ws/install/robocon_interfaces/local/lib/python3.10/dist-packages/robocon_interfaces/srv/_image_analysis.py
[0.400s] -- Up-to-date: /home/kyrgios/ros2ws/install/robocon_interfaces/local/lib/python3.10/dist-packages/robocon_interfaces/srv/__init__.py
[0.400s] -- Up-to-date: /home/kyrgios/ros2ws/install/robocon_interfaces/local/lib/python3.10/dist-packages/robocon_interfaces/_robocon_interfaces_s.ep.rosidl_typesupport_c.c
[0.400s] -- Up-to-date: /home/kyrgios/ros2ws/install/robocon_interfaces/local/lib/python3.10/dist-packages/robocon_interfaces/_robocon_interfaces_s.ep.rosidl_typesupport_introspection_c.c
[0.400s] -- Up-to-date: /home/kyrgios/ros2ws/install/robocon_interfaces/local/lib/python3.10/dist-packages/robocon_interfaces/robocon_interfaces_s__rosidl_typesupport_c.cpython-310-x86_64-linux-gnu.so
[0.400s] -- Up-to-date: /home/kyrgios/ros2ws/install/robocon_interfaces/local/lib/python3.10/dist-packages/robocon_interfaces/__init__.py
[0.400s] -- Up-to-date: /home/kyrgios/ros2ws/install/robocon_interfaces/local/lib/python3.10/dist-packages/robocon_interfaces/_robocon_interfaces_s.ep.rosidl_typesupport_fastrtps_c.c
[0.400s] -- Up-to-date: /home/kyrgios/ros2ws/install/robocon_interfaces/local/lib/python3.10/dist-packages/robocon_interfaces/robocon_interfaces_s__rosidl_typesupport_fastrtps_c.cpython-310-x86_64-linux-gnu.so
[0.425s] Listing '/home/kyrgios/ros2ws/install/robocon_interfaces/local/lib/python3.10/dist-packages/robocon_interfaces'...
[0.425s] Listing '/home/kyrgios/ros2ws/install/robocon_interfaces/local/lib/python3.10/dist-packages/robocon_interfaces/msg'...
[0.425s] Listing '/home/kyrgios/ros2ws/install/robocon_interfaces/local/lib/python3.10/dist-packages/robocon_interfaces/srv'...
[0.430s] -- Up-to-date: /home/kyrgios/ros2ws/install/robocon_interfaces/local/lib/python3.10/dist-packages/robocon_interfaces/robocon_interfaces_s__rosidl_typesupport_fastrtps_c.cpython-310-x86_64-linux-gnu.so
[0.430s] -- Up-to-date: /home/kyrgios/ros2ws/install/robocon_interfaces/local/lib/python3.10/dist-packages/robocon_interfaces/robocon_interfaces_s__rosidl_typesupport_introspection_c.cpython-310-x86_64-linux-gnu.so
[0.431s] -- Up-to-date: /home/kyrgios/ros2ws/install/robocon_interfaces/local/lib/python3.10/dist-packages/robocon_interfaces/robocon_interfaces_s__rosidl_typesupport_c.cpython-310-x86_64-linux-gnu.so
[0.431s] -- Up-to-date: /home/kyrgios/ros2ws/install/robocon_interfaces/lib/librobocon_interfaces__rosidl_generator_py.so
[0.431s] -- Up-to-date: /home/kyrgios/ros2ws/install/robocon_interfaces/share/robocon_interfaces/srv/ImageAnalysis.idl
[0.431s] -- Up-to-date: /home/kyrgios/ros2ws/install/robocon_interfaces/share/robocon_interfaces/srv/ImageAnalysis.srv
[0.432s] -- Up-to-date: /home/kyrgios/ros2ws/install/robocon_interfaces/share/robocon_interfaces/srv/ImageAnalysis_Request.msg
[0.432s] -- Up-to-date: /home/kyrgios/ros2ws/install/robocon_interfaces/share/robocon_interfaces/srv/ImageAnalysis_Response.msg
[0.432s] -- Up-to-date: /home/kyrgios/ros2ws/install/robocon_interfaces/share/ament_index/resource_index/package_run_dependencies/robocon_interfaces
[0.432s] -- Up-to-date: /home/kyrgios/ros2ws/install/robocon_interfaces/share/ament_index/resource_index/parent_prefix_path/robocon_interfaces
[0.432s] -- Up-to-date: /home/kyrgios/ros2ws/install/robocon_interfaces/share/robocon_interfaces/environment/ament_prefix_path.sh
[0.432s] -- Up-to-date: /home/kyrgios/ros2ws/install/robocon_interfaces/share/robocon_interfaces/environment/ament_prefix_path.dsv
[0.432s] -- Up-to-date: /home/kyrgios/ros2ws/install/robocon_interfaces/share/robocon_interfaces/environment/path.sh
[0.432s] -- Up-to-date: /home/kyrgios/ros2ws/install/robocon_interfaces/share/robocon_interfaces/environment/path.dsv
[0.432s] -- Up-to-date: /home/kyrgios/ros2ws/install/robocon_interfaces/share/robocon_interfaces/local_setup.bash
[0.432s] -- Up-to-date: /home/kyrgios/ros2ws/install/robocon_interfaces/share/robocon_interfaces/local_setup.sh
[0.432s] -- Up-to-date: /home/kyrgios/ros2ws/install/robocon_interfaces/share/robocon_interfaces/local_setup.zsh
[0.432s] -- Up-to-date: /home/kyrgios/ros2ws/install/robocon_interfaces/share/robocon_interfaces/local_setup.dsv
[0.432s] -- Installing: /home/kyrgios/ros2ws/install/robocon_interfaces/share/robocon_interfaces/package.dsv
[0.432s] -- Up-to-date: /home/kyrgios/ros2ws/install/robocon_interfaces/share/ament_index/resource_index/packages/robocon_interfaces
[0.432s] -- Up-to-date: /home/kyrgios/ros2ws/install/robocon_interfaces/share/robocon_interfaces/cmake/export_robocon_interfaces__rosidl_generator_cExport.cmake
[0.432s] -- Up-to-date: /home/kyrgios/ros2ws/install/robocon_interfaces/share/robocon_interfaces/cmake/export_robocon_interfaces__rosidl_generator_cExport-noconfig.cmake
[0.432s] -- Up-to-date: /home/kyrgios/ros2ws/install/robocon_interfaces/share/robocon_interfaces/cmake/export_robocon_interfaces__rosidl_typesupport_fastrtps_cExport.cmake
[0.432s] -- Up-to-date: /home/kyrgios/ros2ws/install/robocon_interfaces/share/robocon_interfaces/cmake/export_robocon_interfaces__rosidl_typesupport_fastrtps_cExport-noconfig.cmake
[0.432s] -- Up-to-date: /home/kyrgios/ros2ws/install/robocon_interfaces/share/robocon_interfaces/cmake/robocon_interfaces__rosidl_typesupport_introspection_cExport.cmake
[0.432s] -- Up-to-date: /home/kyrgios/ros2ws/install/robocon_interfaces/share/robocon_interfaces/cmake/robocon_interfaces__rosidl_typesupport_introspection_cExport-noconfig.cmake
[0.433s] -- Up-to-date: /home/kyrgios/ros2ws/install/robocon_interfaces/share/robocon_interfaces/cmake/robocon_interfaces__rosidl_typesupport_cExport.cmake
[0.433s] -- Up-to-date: /home/kyrgios/ros2ws/install/robocon_interfaces/share/robocon_interfaces/cmake/robocon_interfaces__rosidl_typesupport_cExport-noconfig.cmake
[0.433s] -- Up-to-date: /home/kyrgios/ros2ws/install/robocon_interfaces/share/robocon_interfaces/cmake/export_robocon_interfaces__rosidl_generator_cppExport.cmake
[0.433s] -- Up-to-date: /home/kyrgios/ros2ws/install/robocon_interfaces/share/robocon_interfaces/cmake/export_robocon_interfaces__rosidl_typesupport_fastrtps_cppExport.cmake
[0.433s] -- Up-to-date: /home/kyrgios/ros2ws/install/robocon_interfaces/share/robocon_interfaces/cmake/export_robocon_interfaces__rosidl_typesupport_fastrtps_cppExport-noconfig.cmake
[0.433s] -- Up-to-date: /home/kyrgios/ros2ws/install/robocon_interfaces/share/robocon_interfaces/cmake/robocon_interfaces__rosidl_typesupport_introspection_cppExport.cmake
[0.433s] -- Up-to-date: /home/kyrgios/ros2ws/install/robocon_interfaces/share/robocon_interfaces/cmake/robocon_interfaces__rosidl_typesupport_introspection_cppExport-noconfig.cmake
[0.433s] -- Up-to-date: /home/kyrgios/ros2ws/install/robocon_interfaces/share/robocon_interfaces/cmake/robocon_interfaces__rosidl_typesupport_cppExport.cmake
[0.433s] -- Up-to-date: /home/kyrgios/ros2ws/install/robocon_interfaces/share/robocon_interfaces/cmake/robocon_interfaces__rosidl_typesupport_cppExport-noconfig.cmake
[0.433s] -- Up-to-date: /home/kyrgios/ros2ws/install/robocon_interfaces/share/robocon_interfaces/cmake/export_robocon_interfaces__rosidl_generator_pyExport.cmake
[0.433s] -- Up-to-date: /home/kyrgios/ros2ws/install/robocon_interfaces/share/robocon_interfaces/cmake/export_robocon_interfaces__rosidl_generator_pyExport-noconfig.cmake
[0.433s] -- Up-to-date: /home/kyrgios/ros2ws/install/robocon_interfaces/share/robocon_interfaces/cmake/rosidl_cmake-extras.cmake
[0.433s] -- Up-to-date: /home/kyrgios/ros2ws/install/robocon_interfaces/share/robocon_interfaces/cmake/ament_cmake_export_dependencies-extras.cmake
[0.433s] -- Up-to-date: /home/kyrgios/ros2ws/install/robocon_interfaces/share/robocon_interfaces/cmake/ament_cmake_export_include_directories-extras.cmake
[0.433s] -- Up-to-date: /home/kyrgios/ros2ws/install/robocon_interfaces/share/robocon_interfaces/cmake/ament_cmake_export_libraries-extras.cmake
[0.433s] -- Up-to-date: /home/kyrgios/ros2ws/install/robocon_interfaces/share/robocon_interfaces/cmake/ament_cmake_export_targets-extras.cmake
[0.433s] -- Up-to-date: /home/kyrgios/ros2ws/install/robocon_interfaces/share/robocon_interfaces/cmake/rosidl_cmake_export_typesupport_targets-extras.cmake
[0.433s] -- Up-to-date: /home/kyrgios/ros2ws/install/robocon_interfaces/share/robocon_interfaces/cmake/rosidl_cmake_export_typesupport_libraries-extras.cmake
[0.433s] -- Up-to-date: /home/kyrgios/ros2ws/install/robocon_interfaces/share/robocon_interfaces/cmake/robocon_interfacesConfig.cmake
[0.434s] -- Up-to-date: /home/kyrgios/ros2ws/install/robocon_interfaces/share/robocon_interfaces/cmake/robocon_interfacesConfig-version.cmake
[0.434s] -- Up-to-date: /home/kyrgios/ros2ws/install/robocon_interfaces/share/robocon_interfaces/package.xml
[0.436s] Invoked command in '/home/kyrgios/ros2ws/build/robocon_interfaces' returned '0': CMAKE_PREFIX_PATH=${CMAKE_PREFIX_PATH}:/home/kyrgios/ros2ws/install/robocon_camera:/home/kyrgios/ros2ws/install/robocon_basics:/home/kyrgios/ros2ws/install/py_pubsub:/opt/ros/humble /usr/bin/cmake --install /home/kyrgios/ros2ws/build/robocon_interfaces
