[0.014s] Invoking command in '/home/kyrgios/ros2ws/build/cpp_pubsub': CMAKE_PREFIX_PATH=${CMAKE_PREFIX_PATH}:/opt/ros/humble /usr/bin/cmake /home/kyrgios/ros2ws/src/cpp_pubsub -DCMAKE_EXPORT_COMPILE_COMMANDS=ON -DCMAKE_INSTALL_PREFIX=/home/kyrgios/ros2ws/install/cpp_pubsub
[0.025s] -- Found ament_cmake: 1.3.12 (/opt/ros/humble/share/ament_cmake/cmake)
[0.147s] -- Found rclcpp: 16.0.16 (/opt/ros/humble/share/rclcpp/cmake)
[0.175s] -- Found rosidl_generator_c: 3.1.7 (/opt/ros/humble/share/rosidl_generator_c/cmake)
[0.178s] -- Found rosidl_adapter: 3.1.7 (/opt/ros/humble/share/rosidl_adapter/cmake)
[0.185s] -- Found rosidl_generator_cpp: 3.1.7 (/opt/ros/humble/share/rosidl_generator_cpp/cmake)
[0.192s] -- Using all available rosidl_typesupport_c: rosidl_typesupport_fastrtps_c;rosidl_typesupport_introspection_c
[0.203s] -- Using all available rosidl_typesupport_cpp: rosidl_typesupport_fastrtps_cpp;rosidl_typesupport_introspection_cpp
[0.230s] -- Found rmw_implementation_cmake: 6.1.2 (/opt/ros/humble/share/rmw_implementation_cmake/cmake)
[0.231s] -- Found rmw_fastrtps_cpp: 6.2.9 (/opt/ros/humble/share/rmw_fastrtps_cpp/cmake)
[0.334s] -- Using RMW implementation 'rmw_fastrtps_cpp' as default
[0.382s] -- Found ament_lint_auto: 0.12.14 (/opt/ros/humble/share/ament_lint_auto/cmake)
[0.512s] -- Added test 'cppcheck' to perform static code analysis on C / C++ code
[0.512s] -- Configured cppcheck include dirs: 
[0.512s] -- Configured cppcheck exclude dirs and/or files: 
[0.512s] -- Added test 'lint_cmake' to check CMake code style
[0.514s] -- Added test 'uncrustify' to check C / C++ code style
[0.514s] -- Configured uncrustify additional arguments: 
[0.514s] -- Added test 'xmllint' to check XML markup files
[0.515s] -- Configuring done
[0.531s] -- Generating done
[0.536s] -- Build files have been written to: /home/kyrgios/ros2ws/build/cpp_pubsub
[0.545s] Invoked command in '/home/kyrgios/ros2ws/build/cpp_pubsub' returned '0': CMAKE_PREFIX_PATH=${CMAKE_PREFIX_PATH}:/opt/ros/humble /usr/bin/cmake /home/kyrgios/ros2ws/src/cpp_pubsub -DCMAKE_EXPORT_COMPILE_COMMANDS=ON -DCMAKE_INSTALL_PREFIX=/home/kyrgios/ros2ws/install/cpp_pubsub
[0.547s] Invoking command in '/home/kyrgios/ros2ws/build/cpp_pubsub': CMAKE_PREFIX_PATH=${CMAKE_PREFIX_PATH}:/opt/ros/humble /usr/bin/cmake --build /home/kyrgios/ros2ws/build/cpp_pubsub -- -j12 -l12
[0.597s] [35m[1mConsolidate compiler generated dependencies of target talker[0m
[0.597s] [35m[1mConsolidate compiler generated dependencies of target listener[0m
[0.618s] [ 75%] [32mBuilding CXX object CMakeFiles/listener.dir/src/cppsub.cpp.o[0m
[0.618s] [ 75%] Built target talker
[7.079s] [100%] [32m[1mLinking CXX executable listener[0m
[7.366s] [100%] Built target listener
[7.378s] Invoked command in '/home/kyrgios/ros2ws/build/cpp_pubsub' returned '0': CMAKE_PREFIX_PATH=${CMAKE_PREFIX_PATH}:/opt/ros/humble /usr/bin/cmake --build /home/kyrgios/ros2ws/build/cpp_pubsub -- -j12 -l12
[7.389s] Invoking command in '/home/kyrgios/ros2ws/build/cpp_pubsub': CMAKE_PREFIX_PATH=${CMAKE_PREFIX_PATH}:/opt/ros/humble /usr/bin/cmake --install /home/kyrgios/ros2ws/build/cpp_pubsub
[7.395s] -- Install configuration: ""
[7.395s] -- Up-to-date: /home/kyrgios/ros2ws/install/cpp_pubsub/lib/cpp_pubsub/talker
[7.396s] -- Installing: /home/kyrgios/ros2ws/install/cpp_pubsub/lib/cpp_pubsub/listener
[7.400s] -- Set runtime path of "/home/kyrgios/ros2ws/install/cpp_pubsub/lib/cpp_pubsub/listener" to ""
[7.400s] -- Up-to-date: /home/kyrgios/ros2ws/install/cpp_pubsub/share/ament_index/resource_index/package_run_dependencies/cpp_pubsub
[7.400s] -- Installing: /home/kyrgios/ros2ws/install/cpp_pubsub/share/ament_index/resource_index/parent_prefix_path/cpp_pubsub
[7.400s] -- Up-to-date: /home/kyrgios/ros2ws/install/cpp_pubsub/share/cpp_pubsub/environment/ament_prefix_path.sh
[7.400s] -- Installing: /home/kyrgios/ros2ws/install/cpp_pubsub/share/cpp_pubsub/environment/ament_prefix_path.dsv
[7.400s] -- Up-to-date: /home/kyrgios/ros2ws/install/cpp_pubsub/share/cpp_pubsub/environment/path.sh
[7.400s] -- Installing: /home/kyrgios/ros2ws/install/cpp_pubsub/share/cpp_pubsub/environment/path.dsv
[7.400s] -- Up-to-date: /home/kyrgios/ros2ws/install/cpp_pubsub/share/cpp_pubsub/local_setup.bash
[7.400s] -- Up-to-date: /home/kyrgios/ros2ws/install/cpp_pubsub/share/cpp_pubsub/local_setup.sh
[7.400s] -- Up-to-date: /home/kyrgios/ros2ws/install/cpp_pubsub/share/cpp_pubsub/local_setup.zsh
[7.401s] -- Installing: /home/kyrgios/ros2ws/install/cpp_pubsub/share/cpp_pubsub/local_setup.dsv
[7.401s] -- Installing: /home/kyrgios/ros2ws/install/cpp_pubsub/share/cpp_pubsub/package.dsv
[7.401s] -- Up-to-date: /home/kyrgios/ros2ws/install/cpp_pubsub/share/ament_index/resource_index/packages/cpp_pubsub
[7.401s] -- Up-to-date: /home/kyrgios/ros2ws/install/cpp_pubsub/share/cpp_pubsub/cmake/cpp_pubsubConfig.cmake
[7.401s] -- Up-to-date: /home/kyrgios/ros2ws/install/cpp_pubsub/share/cpp_pubsub/cmake/cpp_pubsubConfig-version.cmake
[7.401s] -- Up-to-date: /home/kyrgios/ros2ws/install/cpp_pubsub/share/cpp_pubsub/package.xml
[7.403s] Invoked command in '/home/kyrgios/ros2ws/build/cpp_pubsub' returned '0': CMAKE_PREFIX_PATH=${CMAKE_PREFIX_PATH}:/opt/ros/humble /usr/bin/cmake --install /home/kyrgios/ros2ws/build/cpp_pubsub
