[0.009s] Invoking command in '/home/kyrgios/ros2ws/src/build/robocon_interfaces': CMAKE_PREFIX_PATH=/opt/ros/humble /usr/bin/cmake /home/kyrgios/ros2ws/src/robocon_interfaces -DCMAKE_INSTALL_PREFIX=/home/kyrgios/ros2ws/src/install/robocon_interfaces
[0.086s] -- The C compiler identification is GNU 11.4.0
[0.169s] -- The CXX compiler identification is GNU 11.4.0
[0.181s] -- Detecting C compiler ABI info
[0.251s] -- Detecting C compiler ABI info - done
[0.257s] -- Check for working C compiler: /usr/bin/cc - skipped
[0.257s] -- Detecting C compile features
[0.258s] -- Detecting C compile features - done
[0.261s] -- Detecting CXX compiler ABI info
[0.339s] -- Detecting CXX compiler ABI info - done
[0.345s] -- Check for working CXX compiler: /usr/bin/c++ - skipped
[0.345s] -- Detecting CXX compile features
[0.345s] -- Detecting CXX compile features - done
[0.348s] -- Found ament_cmake: 1.3.12 (/opt/ros/humble/share/ament_cmake/cmake)
[0.473s] -- Found Python3: /usr/bin/python3 (found version "3.10.12") found components: Interpreter 
[0.557s] -- Found rosidl_default_generators: 1.2.0 (/opt/ros/humble/share/rosidl_default_generators/cmake)
[0.560s] -- Using all available rosidl_typesupport_c: rosidl_typesupport_fastrtps_c;rosidl_typesupport_introspection_c
[0.566s] -- Found rosidl_adapter: 3.1.7 (/opt/ros/humble/share/rosidl_adapter/cmake)
[0.603s] -- Using all available rosidl_typesupport_cpp: rosidl_typesupport_fastrtps_cpp;rosidl_typesupport_introspection_cpp
[0.637s] -- Found sensor_msgs: 4.9.0 (/opt/ros/humble/share/sensor_msgs/cmake)
[0.948s] -- Found ament_cmake_ros: 0.10.0 (/opt/ros/humble/share/ament_cmake_ros/cmake)
[1.176s] -- Using all available rosidl_typesupport_c: rosidl_typesupport_fastrtps_c;rosidl_typesupport_introspection_c
[1.480s] -- Using all available rosidl_typesupport_cpp: rosidl_typesupport_fastrtps_cpp;rosidl_typesupport_introspection_cpp
[1.499s] -- Found PythonInterp: /usr/bin/python3 (found suitable version "3.10.12", minimum required is "3.6") 
[1.500s] -- Found python_cmake_module: 0.10.0 (/opt/ros/humble/share/python_cmake_module/cmake)
[1.525s] -- Found PythonLibs: /usr/lib/x86_64-linux-gnu/libpython3.10.so (found suitable version "3.10.12", minimum required is "3.5") 
[1.525s] -- Using PYTHON_EXECUTABLE: /usr/bin/python3
[1.525s] -- Using PYTHON_INCLUDE_DIRS: /usr/include/python3.10
[1.525s] -- Using PYTHON_LIBRARIES: /usr/lib/x86_64-linux-gnu/libpython3.10.so
[1.543s] -- Found PythonExtra: .so  
[1.599s] -- Found ament_lint_auto: 0.12.14 (/opt/ros/humble/share/ament_lint_auto/cmake)
[1.621s] -- Added test 'lint_cmake' to check CMake code style
[1.622s] -- Added test 'xmllint' to check XML markup files
[1.626s] -- Configuring done
[1.659s] -- Generating done
[1.668s] -- Build files have been written to: /home/kyrgios/ros2ws/src/build/robocon_interfaces
[1.677s] Invoked command in '/home/kyrgios/ros2ws/src/build/robocon_interfaces' returned '0': CMAKE_PREFIX_PATH=/opt/ros/humble /usr/bin/cmake /home/kyrgios/ros2ws/src/robocon_interfaces -DCMAKE_INSTALL_PREFIX=/home/kyrgios/ros2ws/src/install/robocon_interfaces
[1.679s] Invoking command in '/home/kyrgios/ros2ws/src/build/robocon_interfaces': CMAKE_PREFIX_PATH=/opt/ros/humble /usr/bin/cmake --build /home/kyrgios/ros2ws/src/build/robocon_interfaces -- -j12 -l12
[1.718s] [  3%] [34m[1mGenerating C code for ROS interfaces[0m
[1.729s] [  6%] [34m[1mGenerating C++ code for ROS interfaces[0m
[1.737s] [  6%] Built target ament_cmake_python_copy_robocon_interfaces
[1.950s] [  9%] [32mBuilding C object CMakeFiles/robocon_interfaces__rosidl_generator_c.dir/rosidl_generator_c/robocon_interfaces/srv/detail/image_analysis__functions.c.o[0m
[1.953s] [  9%] Built target robocon_interfaces__cpp
[1.953s] running egg_info
[1.954s] creating robocon_interfaces.egg-info
[1.954s] writing robocon_interfaces.egg-info/PKG-INFO
[1.954s] writing dependency_links to robocon_interfaces.egg-info/dependency_links.txt
[1.954s] writing top-level names to robocon_interfaces.egg-info/top_level.txt
[1.954s] writing manifest file 'robocon_interfaces.egg-info/SOURCES.txt'
[1.956s] reading manifest file 'robocon_interfaces.egg-info/SOURCES.txt'
[1.957s] writing manifest file 'robocon_interfaces.egg-info/SOURCES.txt'
[1.964s] [ 16%] [34m[1mGenerating C++ introspection for ROS interfaces[0m
[1.965s] [ 16%] [34m[1mGenerating C++ type support for eProsima Fast-RTPS[0m
[1.965s] [ 19%] [34m[1mGenerating C++ type support dispatch for ROS interfaces[0m
[1.986s] [ 19%] Built target ament_cmake_python_build_robocon_interfaces_egg
[2.021s] [ 22%] [32m[1mLinking C shared library librobocon_interfaces__rosidl_generator_c.so[0m
[2.058s] [ 22%] Built target robocon_interfaces__rosidl_generator_c
[2.069s] [ 25%] [34m[1mGenerating C introspection for ROS interfaces[0m
[2.069s] [ 32%] [34m[1mGenerating C type support for eProsima Fast-RTPS[0m
[2.069s] [ 32%] [34m[1mGenerating C type support dispatch for ROS interfaces[0m
[2.179s] [ 35%] [32mBuilding CXX object CMakeFiles/robocon_interfaces__rosidl_typesupport_cpp.dir/rosidl_typesupport_cpp/robocon_interfaces/srv/image_analysis__type_support.cpp.o[0m
[2.186s] [ 38%] [32mBuilding CXX object CMakeFiles/robocon_interfaces__rosidl_typesupport_introspection_cpp.dir/rosidl_typesupport_introspection_cpp/robocon_interfaces/srv/detail/image_analysis__type_support.cpp.o[0m
[2.203s] [ 41%] [32mBuilding CXX object CMakeFiles/robocon_interfaces__rosidl_typesupport_fastrtps_cpp.dir/rosidl_typesupport_fastrtps_cpp/robocon_interfaces/srv/detail/dds_fastrtps/image_analysis__type_support.cpp.o[0m
[2.283s] [ 45%] [32mBuilding CXX object CMakeFiles/robocon_interfaces__rosidl_typesupport_c.dir/rosidl_typesupport_c/robocon_interfaces/srv/image_analysis__type_support.cpp.o[0m
[2.304s] [ 51%] [32mBuilding CXX object CMakeFiles/robocon_interfaces__rosidl_typesupport_fastrtps_c.dir/rosidl_typesupport_fastrtps_c/robocon_interfaces/srv/detail/image_analysis__type_support_c.cpp.o[0m
[2.305s] [ 51%] [32mBuilding C object CMakeFiles/robocon_interfaces__rosidl_typesupport_introspection_c.dir/rosidl_typesupport_introspection_c/robocon_interfaces/srv/detail/image_analysis__type_support.c.o[0m
[2.315s] [ 54%] [32m[1mLinking CXX shared library librobocon_interfaces__rosidl_typesupport_c.so[0m
[2.348s] [ 58%] [32m[1mLinking C shared library librobocon_interfaces__rosidl_typesupport_introspection_c.so[0m
[2.366s] [ 58%] Built target robocon_interfaces__rosidl_typesupport_c
[2.383s] [ 58%] Built target robocon_interfaces__rosidl_typesupport_introspection_c
[2.448s] [ 61%] [32m[1mLinking CXX shared library librobocon_interfaces__rosidl_typesupport_cpp.so[0m
[2.489s] [ 61%] Built target robocon_interfaces__rosidl_typesupport_cpp
[2.542s] [ 64%] [32m[1mLinking CXX shared library librobocon_interfaces__rosidl_typesupport_introspection_cpp.so[0m
[2.567s] [ 67%] [32m[1mLinking CXX shared library librobocon_interfaces__rosidl_typesupport_fastrtps_cpp.so[0m
[2.604s] [ 67%] Built target robocon_interfaces__rosidl_typesupport_introspection_cpp
[2.615s] [ 70%] [32m[1mLinking CXX shared library librobocon_interfaces__rosidl_typesupport_fastrtps_c.so[0m
[2.648s] [ 70%] Built target robocon_interfaces__rosidl_typesupport_fastrtps_cpp
[2.687s] [ 70%] Built target robocon_interfaces__rosidl_typesupport_fastrtps_c
[2.706s] [ 70%] Built target robocon_interfaces
[2.729s] [ 74%] [34m[1mGenerating Python code for ROS interfaces[0m
[2.992s] [ 74%] Built target robocon_interfaces__py
[3.013s] [ 77%] [32mBuilding C object CMakeFiles/robocon_interfaces__rosidl_generator_py.dir/rosidl_generator_py/robocon_interfaces/srv/_image_analysis_s.c.o[0m
[3.118s] [ 80%] [32m[1mLinking C shared library rosidl_generator_py/robocon_interfaces/librobocon_interfaces__rosidl_generator_py.so[0m
[3.178s] [ 80%] Built target robocon_interfaces__rosidl_generator_py
[3.196s] [ 90%] [32mBuilding C object CMakeFiles/robocon_interfaces__rosidl_typesupport_c__pyext.dir/rosidl_generator_py/robocon_interfaces/_robocon_interfaces_s.ep.rosidl_typesupport_c.c.o[0m
[3.196s] [ 90%] [32mBuilding C object CMakeFiles/robocon_interfaces__rosidl_typesupport_introspection_c__pyext.dir/rosidl_generator_py/robocon_interfaces/_robocon_interfaces_s.ep.rosidl_typesupport_introspection_c.c.o[0m
[3.197s] [ 90%] [32mBuilding C object CMakeFiles/robocon_interfaces__rosidl_typesupport_fastrtps_c__pyext.dir/rosidl_generator_py/robocon_interfaces/_robocon_interfaces_s.ep.rosidl_typesupport_fastrtps_c.c.o[0m
[3.285s] [100%] [32m[1mLinking C shared library rosidl_generator_py/robocon_interfaces/robocon_interfaces_s__rosidl_typesupport_c.cpython-310-x86_64-linux-gnu.so[0m
[3.285s] [100%] [32m[1mLinking C shared library rosidl_generator_py/robocon_interfaces/robocon_interfaces_s__rosidl_typesupport_introspection_c.cpython-310-x86_64-linux-gnu.so[0m
[3.285s] [100%] [32m[1mLinking C shared library rosidl_generator_py/robocon_interfaces/robocon_interfaces_s__rosidl_typesupport_fastrtps_c.cpython-310-x86_64-linux-gnu.so[0m
[3.324s] [100%] Built target robocon_interfaces__rosidl_typesupport_introspection_c__pyext
[3.324s] [100%] Built target robocon_interfaces__rosidl_typesupport_fastrtps_c__pyext
[3.325s] [100%] Built target robocon_interfaces__rosidl_typesupport_c__pyext
[3.338s] Invoked command in '/home/kyrgios/ros2ws/src/build/robocon_interfaces' returned '0': CMAKE_PREFIX_PATH=/opt/ros/humble /usr/bin/cmake --build /home/kyrgios/ros2ws/src/build/robocon_interfaces -- -j12 -l12
[3.347s] Invoking command in '/home/kyrgios/ros2ws/src/build/robocon_interfaces': CMAKE_PREFIX_PATH=/opt/ros/humble /usr/bin/cmake --install /home/kyrgios/ros2ws/src/build/robocon_interfaces
[3.354s] -- Install configuration: ""
[3.354s] -- Installing: /home/kyrgios/ros2ws/src/install/robocon_interfaces/share/ament_index/resource_index/rosidl_interfaces/robocon_interfaces
[3.354s] -- Installing: /home/kyrgios/ros2ws/src/install/robocon_interfaces/include/robocon_interfaces/robocon_interfaces
[3.355s] -- Installing: /home/kyrgios/ros2ws/src/install/robocon_interfaces/include/robocon_interfaces/robocon_interfaces/msg
[3.355s] -- Installing: /home/kyrgios/ros2ws/src/install/robocon_interfaces/include/robocon_interfaces/robocon_interfaces/msg/rosidl_generator_c__visibility_control.h
[3.355s] -- Installing: /home/kyrgios/ros2ws/src/install/robocon_interfaces/include/robocon_interfaces/robocon_interfaces/srv
[3.355s] -- Installing: /home/kyrgios/ros2ws/src/install/robocon_interfaces/include/robocon_interfaces/robocon_interfaces/srv/image_analysis.h
[3.355s] -- Installing: /home/kyrgios/ros2ws/src/install/robocon_interfaces/include/robocon_interfaces/robocon_interfaces/srv/detail
[3.355s] -- Installing: /home/kyrgios/ros2ws/src/install/robocon_interfaces/include/robocon_interfaces/robocon_interfaces/srv/detail/image_analysis__type_support.h
[3.355s] -- Installing: /home/kyrgios/ros2ws/src/install/robocon_interfaces/include/robocon_interfaces/robocon_interfaces/srv/detail/image_analysis__functions.h
[3.356s] -- Installing: /home/kyrgios/ros2ws/src/install/robocon_interfaces/include/robocon_interfaces/robocon_interfaces/srv/detail/image_analysis__struct.h
[3.356s] -- Installing: /home/kyrgios/ros2ws/src/install/robocon_interfaces/include/robocon_interfaces/robocon_interfaces/srv/detail/image_analysis__functions.c
[3.356s] -- Installing: /home/kyrgios/ros2ws/src/install/robocon_interfaces/share/robocon_interfaces/environment/library_path.sh
[3.356s] -- Installing: /home/kyrgios/ros2ws/src/install/robocon_interfaces/share/robocon_interfaces/environment/library_path.dsv
[3.356s] -- Installing: /home/kyrgios/ros2ws/src/install/robocon_interfaces/lib/librobocon_interfaces__rosidl_generator_c.so
[3.356s] -- Set runtime path of "/home/kyrgios/ros2ws/src/install/robocon_interfaces/lib/librobocon_interfaces__rosidl_generator_c.so" to ""
[3.356s] -- Up-to-date: /home/kyrgios/ros2ws/src/install/robocon_interfaces/include/robocon_interfaces/robocon_interfaces
[3.357s] -- Up-to-date: /home/kyrgios/ros2ws/src/install/robocon_interfaces/include/robocon_interfaces/robocon_interfaces/msg
[3.357s] -- Installing: /home/kyrgios/ros2ws/src/install/robocon_interfaces/include/robocon_interfaces/robocon_interfaces/msg/rosidl_typesupport_fastrtps_c__visibility_control.h
[3.357s] -- Up-to-date: /home/kyrgios/ros2ws/src/install/robocon_interfaces/include/robocon_interfaces/robocon_interfaces/srv
[3.357s] -- Up-to-date: /home/kyrgios/ros2ws/src/install/robocon_interfaces/include/robocon_interfaces/robocon_interfaces/srv/detail
[3.357s] -- Installing: /home/kyrgios/ros2ws/src/install/robocon_interfaces/include/robocon_interfaces/robocon_interfaces/srv/detail/image_analysis__rosidl_typesupport_fastrtps_c.h
[3.357s] -- Installing: /home/kyrgios/ros2ws/src/install/robocon_interfaces/lib/librobocon_interfaces__rosidl_typesupport_fastrtps_c.so
[3.357s] -- Set runtime path of "/home/kyrgios/ros2ws/src/install/robocon_interfaces/lib/librobocon_interfaces__rosidl_typesupport_fastrtps_c.so" to ""
[3.357s] -- Up-to-date: /home/kyrgios/ros2ws/src/install/robocon_interfaces/include/robocon_interfaces/robocon_interfaces
[3.357s] -- Up-to-date: /home/kyrgios/ros2ws/src/install/robocon_interfaces/include/robocon_interfaces/robocon_interfaces/msg
[3.357s] -- Installing: /home/kyrgios/ros2ws/src/install/robocon_interfaces/include/robocon_interfaces/robocon_interfaces/msg/rosidl_typesupport_introspection_c__visibility_control.h
[3.358s] -- Up-to-date: /home/kyrgios/ros2ws/src/install/robocon_interfaces/include/robocon_interfaces/robocon_interfaces/srv
[3.358s] -- Up-to-date: /home/kyrgios/ros2ws/src/install/robocon_interfaces/include/robocon_interfaces/robocon_interfaces/srv/detail
[3.358s] -- Installing: /home/kyrgios/ros2ws/src/install/robocon_interfaces/include/robocon_interfaces/robocon_interfaces/srv/detail/image_analysis__type_support.c
[3.358s] -- Installing: /home/kyrgios/ros2ws/src/install/robocon_interfaces/include/robocon_interfaces/robocon_interfaces/srv/detail/image_analysis__rosidl_typesupport_introspection_c.h
[3.358s] -- Installing: /home/kyrgios/ros2ws/src/install/robocon_interfaces/lib/librobocon_interfaces__rosidl_typesupport_introspection_c.so
[3.358s] -- Set runtime path of "/home/kyrgios/ros2ws/src/install/robocon_interfaces/lib/librobocon_interfaces__rosidl_typesupport_introspection_c.so" to ""
[3.358s] -- Installing: /home/kyrgios/ros2ws/src/install/robocon_interfaces/lib/librobocon_interfaces__rosidl_typesupport_c.so
[3.359s] -- Set runtime path of "/home/kyrgios/ros2ws/src/install/robocon_interfaces/lib/librobocon_interfaces__rosidl_typesupport_c.so" to ""
[3.359s] -- Up-to-date: /home/kyrgios/ros2ws/src/install/robocon_interfaces/include/robocon_interfaces/robocon_interfaces
[3.359s] -- Up-to-date: /home/kyrgios/ros2ws/src/install/robocon_interfaces/include/robocon_interfaces/robocon_interfaces/msg
[3.359s] -- Installing: /home/kyrgios/ros2ws/src/install/robocon_interfaces/include/robocon_interfaces/robocon_interfaces/msg/rosidl_generator_cpp__visibility_control.hpp
[3.359s] -- Up-to-date: /home/kyrgios/ros2ws/src/install/robocon_interfaces/include/robocon_interfaces/robocon_interfaces/srv
[3.359s] -- Up-to-date: /home/kyrgios/ros2ws/src/install/robocon_interfaces/include/robocon_interfaces/robocon_interfaces/srv/detail
[3.359s] -- Installing: /home/kyrgios/ros2ws/src/install/robocon_interfaces/include/robocon_interfaces/robocon_interfaces/srv/detail/image_analysis__struct.hpp
[3.359s] -- Installing: /home/kyrgios/ros2ws/src/install/robocon_interfaces/include/robocon_interfaces/robocon_interfaces/srv/detail/image_analysis__type_support.hpp
[3.359s] -- Installing: /home/kyrgios/ros2ws/src/install/robocon_interfaces/include/robocon_interfaces/robocon_interfaces/srv/detail/image_analysis__traits.hpp
[3.359s] -- Installing: /home/kyrgios/ros2ws/src/install/robocon_interfaces/include/robocon_interfaces/robocon_interfaces/srv/detail/image_analysis__builder.hpp
[3.360s] -- Installing: /home/kyrgios/ros2ws/src/install/robocon_interfaces/include/robocon_interfaces/robocon_interfaces/srv/image_analysis.hpp
[3.360s] -- Up-to-date: /home/kyrgios/ros2ws/src/install/robocon_interfaces/include/robocon_interfaces/robocon_interfaces
[3.360s] -- Up-to-date: /home/kyrgios/ros2ws/src/install/robocon_interfaces/include/robocon_interfaces/robocon_interfaces/msg
[3.360s] -- Installing: /home/kyrgios/ros2ws/src/install/robocon_interfaces/include/robocon_interfaces/robocon_interfaces/msg/rosidl_typesupport_fastrtps_cpp__visibility_control.h
[3.360s] -- Up-to-date: /home/kyrgios/ros2ws/src/install/robocon_interfaces/include/robocon_interfaces/robocon_interfaces/srv
[3.360s] -- Up-to-date: /home/kyrgios/ros2ws/src/install/robocon_interfaces/include/robocon_interfaces/robocon_interfaces/srv/detail
[3.360s] -- Installing: /home/kyrgios/ros2ws/src/install/robocon_interfaces/include/robocon_interfaces/robocon_interfaces/srv/detail/image_analysis__rosidl_typesupport_fastrtps_cpp.hpp
[3.360s] -- Installing: /home/kyrgios/ros2ws/src/install/robocon_interfaces/include/robocon_interfaces/robocon_interfaces/srv/detail/dds_fastrtps
[3.360s] -- Installing: /home/kyrgios/ros2ws/src/install/robocon_interfaces/lib/librobocon_interfaces__rosidl_typesupport_fastrtps_cpp.so
[3.361s] -- Set runtime path of "/home/kyrgios/ros2ws/src/install/robocon_interfaces/lib/librobocon_interfaces__rosidl_typesupport_fastrtps_cpp.so" to ""
[3.361s] -- Up-to-date: /home/kyrgios/ros2ws/src/install/robocon_interfaces/include/robocon_interfaces/robocon_interfaces
[3.361s] -- Up-to-date: /home/kyrgios/ros2ws/src/install/robocon_interfaces/include/robocon_interfaces/robocon_interfaces/srv
[3.361s] -- Up-to-date: /home/kyrgios/ros2ws/src/install/robocon_interfaces/include/robocon_interfaces/robocon_interfaces/srv/detail
[3.361s] -- Installing: /home/kyrgios/ros2ws/src/install/robocon_interfaces/include/robocon_interfaces/robocon_interfaces/srv/detail/image_analysis__rosidl_typesupport_introspection_cpp.hpp
[3.361s] -- Installing: /home/kyrgios/ros2ws/src/install/robocon_interfaces/include/robocon_interfaces/robocon_interfaces/srv/detail/image_analysis__type_support.cpp
[3.361s] -- Installing: /home/kyrgios/ros2ws/src/install/robocon_interfaces/lib/librobocon_interfaces__rosidl_typesupport_introspection_cpp.so
[3.362s] -- Set runtime path of "/home/kyrgios/ros2ws/src/install/robocon_interfaces/lib/librobocon_interfaces__rosidl_typesupport_introspection_cpp.so" to ""
[3.362s] -- Installing: /home/kyrgios/ros2ws/src/install/robocon_interfaces/lib/librobocon_interfaces__rosidl_typesupport_cpp.so
[3.362s] -- Set runtime path of "/home/kyrgios/ros2ws/src/install/robocon_interfaces/lib/librobocon_interfaces__rosidl_typesupport_cpp.so" to ""
[3.362s] -- Installing: /home/kyrgios/ros2ws/src/install/robocon_interfaces/share/robocon_interfaces/environment/pythonpath.sh
[3.362s] -- Installing: /home/kyrgios/ros2ws/src/install/robocon_interfaces/share/robocon_interfaces/environment/pythonpath.dsv
[3.362s] -- Installing: /home/kyrgios/ros2ws/src/install/robocon_interfaces/local/lib/python3.10/dist-packages/robocon_interfaces-0.0.0-py3.10.egg-info
[3.363s] -- Installing: /home/kyrgios/ros2ws/src/install/robocon_interfaces/local/lib/python3.10/dist-packages/robocon_interfaces-0.0.0-py3.10.egg-info/top_level.txt
[3.363s] -- Installing: /home/kyrgios/ros2ws/src/install/robocon_interfaces/local/lib/python3.10/dist-packages/robocon_interfaces-0.0.0-py3.10.egg-info/SOURCES.txt
[3.363s] -- Installing: /home/kyrgios/ros2ws/src/install/robocon_interfaces/local/lib/python3.10/dist-packages/robocon_interfaces-0.0.0-py3.10.egg-info/PKG-INFO
[3.363s] -- Installing: /home/kyrgios/ros2ws/src/install/robocon_interfaces/local/lib/python3.10/dist-packages/robocon_interfaces-0.0.0-py3.10.egg-info/dependency_links.txt
[3.363s] -- Installing: /home/kyrgios/ros2ws/src/install/robocon_interfaces/local/lib/python3.10/dist-packages/robocon_interfaces
[3.363s] -- Installing: /home/kyrgios/ros2ws/src/install/robocon_interfaces/local/lib/python3.10/dist-packages/robocon_interfaces/robocon_interfaces_s__rosidl_typesupport_introspection_c.cpython-310-x86_64-linux-gnu.so
[3.363s] -- Installing: /home/kyrgios/ros2ws/src/install/robocon_interfaces/local/lib/python3.10/dist-packages/robocon_interfaces/librobocon_interfaces__rosidl_generator_py.so
[3.363s] -- Installing: /home/kyrgios/ros2ws/src/install/robocon_interfaces/local/lib/python3.10/dist-packages/robocon_interfaces/srv
[3.364s] -- Installing: /home/kyrgios/ros2ws/src/install/robocon_interfaces/local/lib/python3.10/dist-packages/robocon_interfaces/srv/_image_analysis_s.c
[3.364s] -- Installing: /home/kyrgios/ros2ws/src/install/robocon_interfaces/local/lib/python3.10/dist-packages/robocon_interfaces/srv/_image_analysis.py
[3.364s] -- Installing: /home/kyrgios/ros2ws/src/install/robocon_interfaces/local/lib/python3.10/dist-packages/robocon_interfaces/srv/__init__.py
[3.364s] -- Installing: /home/kyrgios/ros2ws/src/install/robocon_interfaces/local/lib/python3.10/dist-packages/robocon_interfaces/_robocon_interfaces_s.ep.rosidl_typesupport_c.c
[3.364s] -- Installing: /home/kyrgios/ros2ws/src/install/robocon_interfaces/local/lib/python3.10/dist-packages/robocon_interfaces/_robocon_interfaces_s.ep.rosidl_typesupport_introspection_c.c
[3.364s] -- Installing: /home/kyrgios/ros2ws/src/install/robocon_interfaces/local/lib/python3.10/dist-packages/robocon_interfaces/robocon_interfaces_s__rosidl_typesupport_c.cpython-310-x86_64-linux-gnu.so
[3.365s] -- Installing: /home/kyrgios/ros2ws/src/install/robocon_interfaces/local/lib/python3.10/dist-packages/robocon_interfaces/__init__.py
[3.365s] -- Installing: /home/kyrgios/ros2ws/src/install/robocon_interfaces/local/lib/python3.10/dist-packages/robocon_interfaces/_robocon_interfaces_s.ep.rosidl_typesupport_fastrtps_c.c
[3.365s] -- Installing: /home/kyrgios/ros2ws/src/install/robocon_interfaces/local/lib/python3.10/dist-packages/robocon_interfaces/robocon_interfaces_s__rosidl_typesupport_fastrtps_c.cpython-310-x86_64-linux-gnu.so
[3.393s] Listing '/home/kyrgios/ros2ws/src/install/robocon_interfaces/local/lib/python3.10/dist-packages/robocon_interfaces'...
[3.393s] Compiling '/home/kyrgios/ros2ws/src/install/robocon_interfaces/local/lib/python3.10/dist-packages/robocon_interfaces/__init__.py'...
[3.393s] Listing '/home/kyrgios/ros2ws/src/install/robocon_interfaces/local/lib/python3.10/dist-packages/robocon_interfaces/srv'...
[3.393s] Compiling '/home/kyrgios/ros2ws/src/install/robocon_interfaces/local/lib/python3.10/dist-packages/robocon_interfaces/srv/__init__.py'...
[3.393s] Compiling '/home/kyrgios/ros2ws/src/install/robocon_interfaces/local/lib/python3.10/dist-packages/robocon_interfaces/srv/_image_analysis.py'...
[3.397s] -- Installing: /home/kyrgios/ros2ws/src/install/robocon_interfaces/local/lib/python3.10/dist-packages/robocon_interfaces/robocon_interfaces_s__rosidl_typesupport_fastrtps_c.cpython-310-x86_64-linux-gnu.so
[3.397s] -- Set runtime path of "/home/kyrgios/ros2ws/src/install/robocon_interfaces/local/lib/python3.10/dist-packages/robocon_interfaces/robocon_interfaces_s__rosidl_typesupport_fastrtps_c.cpython-310-x86_64-linux-gnu.so" to ""
[3.397s] -- Installing: /home/kyrgios/ros2ws/src/install/robocon_interfaces/local/lib/python3.10/dist-packages/robocon_interfaces/robocon_interfaces_s__rosidl_typesupport_introspection_c.cpython-310-x86_64-linux-gnu.so
[3.397s] -- Set runtime path of "/home/kyrgios/ros2ws/src/install/robocon_interfaces/local/lib/python3.10/dist-packages/robocon_interfaces/robocon_interfaces_s__rosidl_typesupport_introspection_c.cpython-310-x86_64-linux-gnu.so" to ""
[3.397s] -- Installing: /home/kyrgios/ros2ws/src/install/robocon_interfaces/local/lib/python3.10/dist-packages/robocon_interfaces/robocon_interfaces_s__rosidl_typesupport_c.cpython-310-x86_64-linux-gnu.so
[3.398s] -- Set runtime path of "/home/kyrgios/ros2ws/src/install/robocon_interfaces/local/lib/python3.10/dist-packages/robocon_interfaces/robocon_interfaces_s__rosidl_typesupport_c.cpython-310-x86_64-linux-gnu.so" to ""
[3.398s] -- Installing: /home/kyrgios/ros2ws/src/install/robocon_interfaces/lib/librobocon_interfaces__rosidl_generator_py.so
[3.398s] -- Set runtime path of "/home/kyrgios/ros2ws/src/install/robocon_interfaces/lib/librobocon_interfaces__rosidl_generator_py.so" to ""
[3.398s] -- Installing: /home/kyrgios/ros2ws/src/install/robocon_interfaces/share/robocon_interfaces/srv/ImageAnalysis.idl
[3.398s] -- Installing: /home/kyrgios/ros2ws/src/install/robocon_interfaces/share/robocon_interfaces/srv/ImageAnalysis.srv
[3.399s] -- Installing: /home/kyrgios/ros2ws/src/install/robocon_interfaces/share/robocon_interfaces/srv/ImageAnalysis_Request.msg
[3.399s] -- Installing: /home/kyrgios/ros2ws/src/install/robocon_interfaces/share/robocon_interfaces/srv/ImageAnalysis_Response.msg
[3.399s] -- Installing: /home/kyrgios/ros2ws/src/install/robocon_interfaces/share/ament_index/resource_index/package_run_dependencies/robocon_interfaces
[3.399s] -- Installing: /home/kyrgios/ros2ws/src/install/robocon_interfaces/share/ament_index/resource_index/parent_prefix_path/robocon_interfaces
[3.399s] -- Installing: /home/kyrgios/ros2ws/src/install/robocon_interfaces/share/robocon_interfaces/environment/ament_prefix_path.sh
[3.399s] -- Installing: /home/kyrgios/ros2ws/src/install/robocon_interfaces/share/robocon_interfaces/environment/ament_prefix_path.dsv
[3.400s] -- Installing: /home/kyrgios/ros2ws/src/install/robocon_interfaces/share/robocon_interfaces/environment/path.sh
[3.400s] -- Installing: /home/kyrgios/ros2ws/src/install/robocon_interfaces/share/robocon_interfaces/environment/path.dsv
[3.400s] -- Installing: /home/kyrgios/ros2ws/src/install/robocon_interfaces/share/robocon_interfaces/local_setup.bash
[3.400s] -- Installing: /home/kyrgios/ros2ws/src/install/robocon_interfaces/share/robocon_interfaces/local_setup.sh
[3.400s] -- Installing: /home/kyrgios/ros2ws/src/install/robocon_interfaces/share/robocon_interfaces/local_setup.zsh
[3.400s] -- Installing: /home/kyrgios/ros2ws/src/install/robocon_interfaces/share/robocon_interfaces/local_setup.dsv
[3.400s] -- Installing: /home/kyrgios/ros2ws/src/install/robocon_interfaces/share/robocon_interfaces/package.dsv
[3.401s] -- Installing: /home/kyrgios/ros2ws/src/install/robocon_interfaces/share/ament_index/resource_index/packages/robocon_interfaces
[3.401s] -- Installing: /home/kyrgios/ros2ws/src/install/robocon_interfaces/share/robocon_interfaces/cmake/export_robocon_interfaces__rosidl_generator_cExport.cmake
[3.401s] -- Installing: /home/kyrgios/ros2ws/src/install/robocon_interfaces/share/robocon_interfaces/cmake/export_robocon_interfaces__rosidl_generator_cExport-noconfig.cmake
[3.401s] -- Installing: /home/kyrgios/ros2ws/src/install/robocon_interfaces/share/robocon_interfaces/cmake/export_robocon_interfaces__rosidl_typesupport_fastrtps_cExport.cmake
[3.401s] -- Installing: /home/kyrgios/ros2ws/src/install/robocon_interfaces/share/robocon_interfaces/cmake/export_robocon_interfaces__rosidl_typesupport_fastrtps_cExport-noconfig.cmake
[3.402s] -- Installing: /home/kyrgios/ros2ws/src/install/robocon_interfaces/share/robocon_interfaces/cmake/robocon_interfaces__rosidl_typesupport_introspection_cExport.cmake
[3.402s] -- Installing: /home/kyrgios/ros2ws/src/install/robocon_interfaces/share/robocon_interfaces/cmake/robocon_interfaces__rosidl_typesupport_introspection_cExport-noconfig.cmake
[3.402s] -- Installing: /home/kyrgios/ros2ws/src/install/robocon_interfaces/share/robocon_interfaces/cmake/robocon_interfaces__rosidl_typesupport_cExport.cmake
[3.402s] -- Installing: /home/kyrgios/ros2ws/src/install/robocon_interfaces/share/robocon_interfaces/cmake/robocon_interfaces__rosidl_typesupport_cExport-noconfig.cmake
[3.402s] -- Installing: /home/kyrgios/ros2ws/src/install/robocon_interfaces/share/robocon_interfaces/cmake/export_robocon_interfaces__rosidl_generator_cppExport.cmake
[3.402s] -- Installing: /home/kyrgios/ros2ws/src/install/robocon_interfaces/share/robocon_interfaces/cmake/export_robocon_interfaces__rosidl_typesupport_fastrtps_cppExport.cmake
[3.403s] -- Installing: /home/kyrgios/ros2ws/src/install/robocon_interfaces/share/robocon_interfaces/cmake/export_robocon_interfaces__rosidl_typesupport_fastrtps_cppExport-noconfig.cmake
[3.403s] -- Installing: /home/kyrgios/ros2ws/src/install/robocon_interfaces/share/robocon_interfaces/cmake/robocon_interfaces__rosidl_typesupport_introspection_cppExport.cmake
[3.403s] -- Installing: /home/kyrgios/ros2ws/src/install/robocon_interfaces/share/robocon_interfaces/cmake/robocon_interfaces__rosidl_typesupport_introspection_cppExport-noconfig.cmake
[3.403s] -- Installing: /home/kyrgios/ros2ws/src/install/robocon_interfaces/share/robocon_interfaces/cmake/robocon_interfaces__rosidl_typesupport_cppExport.cmake
[3.403s] -- Installing: /home/kyrgios/ros2ws/src/install/robocon_interfaces/share/robocon_interfaces/cmake/robocon_interfaces__rosidl_typesupport_cppExport-noconfig.cmake
[3.403s] -- Installing: /home/kyrgios/ros2ws/src/install/robocon_interfaces/share/robocon_interfaces/cmake/export_robocon_interfaces__rosidl_generator_pyExport.cmake
[3.403s] -- Installing: /home/kyrgios/ros2ws/src/install/robocon_interfaces/share/robocon_interfaces/cmake/export_robocon_interfaces__rosidl_generator_pyExport-noconfig.cmake
[3.404s] -- Installing: /home/kyrgios/ros2ws/src/install/robocon_interfaces/share/robocon_interfaces/cmake/rosidl_cmake-extras.cmake
[3.404s] -- Installing: /home/kyrgios/ros2ws/src/install/robocon_interfaces/share/robocon_interfaces/cmake/ament_cmake_export_dependencies-extras.cmake
[3.404s] -- Installing: /home/kyrgios/ros2ws/src/install/robocon_interfaces/share/robocon_interfaces/cmake/ament_cmake_export_include_directories-extras.cmake
[3.404s] -- Installing: /home/kyrgios/ros2ws/src/install/robocon_interfaces/share/robocon_interfaces/cmake/ament_cmake_export_libraries-extras.cmake
[3.404s] -- Installing: /home/kyrgios/ros2ws/src/install/robocon_interfaces/share/robocon_interfaces/cmake/ament_cmake_export_targets-extras.cmake
[3.405s] -- Installing: /home/kyrgios/ros2ws/src/install/robocon_interfaces/share/robocon_interfaces/cmake/rosidl_cmake_export_typesupport_targets-extras.cmake
[3.405s] -- Installing: /home/kyrgios/ros2ws/src/install/robocon_interfaces/share/robocon_interfaces/cmake/rosidl_cmake_export_typesupport_libraries-extras.cmake
[3.405s] -- Installing: /home/kyrgios/ros2ws/src/install/robocon_interfaces/share/robocon_interfaces/cmake/robocon_interfacesConfig.cmake
[3.405s] -- Installing: /home/kyrgios/ros2ws/src/install/robocon_interfaces/share/robocon_interfaces/cmake/robocon_interfacesConfig-version.cmake
[3.405s] -- Installing: /home/kyrgios/ros2ws/src/install/robocon_interfaces/share/robocon_interfaces/package.xml
[3.408s] Invoked command in '/home/kyrgios/ros2ws/src/build/robocon_interfaces' returned '0': CMAKE_PREFIX_PATH=/opt/ros/humble /usr/bin/cmake --install /home/kyrgios/ros2ws/src/build/robocon_interfaces
