running egg_info
writing ../../build/robocon_basics/robocon_basics.egg-info/PKG-INFO
writing dependency_links to ../../build/robocon_basics/robocon_basics.egg-info/dependency_links.txt
writing entry points to ../../build/robocon_basics/robocon_basics.egg-info/entry_points.txt
writing requirements to ../../build/robocon_basics/robocon_basics.egg-info/requires.txt
writing top-level names to ../../build/robocon_basics/robocon_basics.egg-info/top_level.txt
reading manifest file '../../build/robocon_basics/robocon_basics.egg-info/SOURCES.txt'
writing manifest file '../../build/robocon_basics/robocon_basics.egg-info/SOURCES.txt'
running build
running build_py
running install
running install_lib
running install_data
creating /home/kyrgios/ros2ws/install/robocon_basics/share/robocon_basics/launch
copying launch/launch.xml -> /home/kyrgios/ros2ws/install/robocon_basics/share/robocon_basics/launch
running install_egg_info
removing '/home/kyrgios/ros2ws/install/robocon_basics/lib/python3.10/site-packages/robocon_basics-0.0.0-py3.10.egg-info' (and everything under it)
Copying ../../build/robocon_basics/robocon_basics.egg-info to /home/kyrgios/ros2ws/install/robocon_basics/lib/python3.10/site-packages/robocon_basics-0.0.0-py3.10.egg-info
running install_scripts
Installing listener script to /home/kyrgios/ros2ws/install/robocon_basics/lib/robocon_basics
Installing talker script to /home/kyrgios/ros2ws/install/robocon_basics/lib/robocon_basics
writing list of installed files to '/home/kyrgios/ros2ws/build/robocon_basics/install.log'
