[0.452s] Invoking command in '/home/kyrgios/ros2ws/src/robocon_camera': PYTHONPATH=/home/kyrgios/ros2ws/build/robocon_camera/prefix_override:/usr/lib/python3/dist-packages/colcon_core/task/python/colcon_distutils_commands:/home/kyrgios/ros2ws/install/robocon_camera/lib/python3.10/site-packages:${PYTHONPATH} /usr/bin/python3 -W ignore:setup.py install is deprecated -W ignore:easy_install command is deprecated setup.py egg_info --egg-base ../../build/robocon_camera build --build-base /home/kyrgios/ros2ws/build/robocon_camera/build install --record /home/kyrgios/ros2ws/build/robocon_camera/install.log --single-version-externally-managed install_data
[0.615s] running egg_info
[0.615s] writing ../../build/robocon_camera/robocon_camera.egg-info/PKG-INFO
[0.616s] writing dependency_links to ../../build/robocon_camera/robocon_camera.egg-info/dependency_links.txt
[0.616s] writing entry points to ../../build/robocon_camera/robocon_camera.egg-info/entry_points.txt
[0.616s] writing requirements to ../../build/robocon_camera/robocon_camera.egg-info/requires.txt
[0.616s] writing top-level names to ../../build/robocon_camera/robocon_camera.egg-info/top_level.txt
[0.617s] reading manifest file '../../build/robocon_camera/robocon_camera.egg-info/SOURCES.txt'
[0.618s] writing manifest file '../../build/robocon_camera/robocon_camera.egg-info/SOURCES.txt'
[0.618s] running build
[0.618s] running build_py
[0.618s] copying robocon_camera/pub.py -> /home/kyrgios/ros2ws/build/robocon_camera/build/lib/robocon_camera
[0.618s] running install
[0.618s] running install_lib
[0.619s] copying /home/kyrgios/ros2ws/build/robocon_camera/build/lib/robocon_camera/pub.py -> /home/kyrgios/ros2ws/install/robocon_camera/lib/python3.10/site-packages/robocon_camera
[0.620s] byte-compiling /home/kyrgios/ros2ws/install/robocon_camera/lib/python3.10/site-packages/robocon_camera/pub.py to pub.cpython-310.pyc
[0.620s] running install_data
[0.620s] copying package.xml -> /home/kyrgios/ros2ws/install/robocon_camera/share/robocon_camera
[0.620s] running install_egg_info
[0.621s] removing '/home/kyrgios/ros2ws/install/robocon_camera/lib/python3.10/site-packages/robocon_camera-0.0.0-py3.10.egg-info' (and everything under it)
[0.621s] Copying ../../build/robocon_camera/robocon_camera.egg-info to /home/kyrgios/ros2ws/install/robocon_camera/lib/python3.10/site-packages/robocon_camera-0.0.0-py3.10.egg-info
[0.622s] running install_scripts
[0.637s] Installing talker script to /home/kyrgios/ros2ws/install/robocon_camera/lib/robocon_camera
[0.637s] writing list of installed files to '/home/kyrgios/ros2ws/build/robocon_camera/install.log'
[0.655s] Invoked command in '/home/kyrgios/ros2ws/src/robocon_camera' returned '0': PYTHONPATH=/home/kyrgios/ros2ws/build/robocon_camera/prefix_override:/usr/lib/python3/dist-packages/colcon_core/task/python/colcon_distutils_commands:/home/kyrgios/ros2ws/install/robocon_camera/lib/python3.10/site-packages:${PYTHONPATH} /usr/bin/python3 -W ignore:setup.py install is deprecated -W ignore:easy_install command is deprecated setup.py egg_info --egg-base ../../build/robocon_camera build --build-base /home/kyrgios/ros2ws/build/robocon_camera/build install --record /home/kyrgios/ros2ws/build/robocon_camera/install.log --single-version-externally-managed install_data
