[0.440s] Invoking command in '/home/kyrgios/ros2ws/src/robocon_camera': AMENT_PREFIX_PATH=/home/kyrgios/ros2ws/install/robocon_interfaces:${AMENT_PREFIX_PATH} CMAKE_PREFIX_PATH=/home/kyrgios/ros2ws/install/robocon_interfaces PYTHONPATH=/home/kyrgios/ros2ws/build/robocon_camera/prefix_override:/usr/lib/python3/dist-packages/colcon_core/task/python/colcon_distutils_commands:/home/kyrgios/ros2ws/install/robocon_camera/lib/python3.10/site-packages:${PYTHONPATH} /usr/bin/python3 -W ignore:setup.py install is deprecated -W ignore:easy_install command is deprecated setup.py egg_info --egg-base ../../build/robocon_camera build --build-base /home/kyrgios/ros2ws/build/robocon_camera/build install --record /home/kyrgios/ros2ws/build/robocon_camera/install.log --single-version-externally-managed install_data
[0.608s] running egg_info
[0.609s] writing ../../build/robocon_camera/robocon_camera.egg-info/PKG-INFO
[0.609s] writing dependency_links to ../../build/robocon_camera/robocon_camera.egg-info/dependency_links.txt
[0.609s] writing entry points to ../../build/robocon_camera/robocon_camera.egg-info/entry_points.txt
[0.609s] writing requirements to ../../build/robocon_camera/robocon_camera.egg-info/requires.txt
[0.609s] writing top-level names to ../../build/robocon_camera/robocon_camera.egg-info/top_level.txt
[0.610s] reading manifest file '../../build/robocon_camera/robocon_camera.egg-info/SOURCES.txt'
[0.611s] writing manifest file '../../build/robocon_camera/robocon_camera.egg-info/SOURCES.txt'
[0.611s] running build
[0.611s] running build_py
[0.611s] copying robocon_camera/webcampub.py -> /home/kyrgios/ros2ws/build/robocon_camera/build/lib/robocon_camera
[0.611s] running install
[0.611s] running install_lib
[0.612s] copying /home/kyrgios/ros2ws/build/robocon_camera/build/lib/robocon_camera/webcampub.py -> /home/kyrgios/ros2ws/install/robocon_camera/lib/python3.10/site-packages/robocon_camera
[0.612s] byte-compiling /home/kyrgios/ros2ws/install/robocon_camera/lib/python3.10/site-packages/robocon_camera/webcampub.py to webcampub.cpython-310.pyc
[0.613s] running install_data
[0.613s] running install_egg_info
[0.614s] removing '/home/kyrgios/ros2ws/install/robocon_camera/lib/python3.10/site-packages/robocon_camera-0.0.0-py3.10.egg-info' (and everything under it)
[0.615s] Copying ../../build/robocon_camera/robocon_camera.egg-info to /home/kyrgios/ros2ws/install/robocon_camera/lib/python3.10/site-packages/robocon_camera-0.0.0-py3.10.egg-info
[0.615s] running install_scripts
[0.630s] Installing talker script to /home/kyrgios/ros2ws/install/robocon_camera/lib/robocon_camera
[0.630s] writing list of installed files to '/home/kyrgios/ros2ws/build/robocon_camera/install.log'
[0.649s] Invoked command in '/home/kyrgios/ros2ws/src/robocon_camera' returned '0': AMENT_PREFIX_PATH=/home/kyrgios/ros2ws/install/robocon_interfaces:${AMENT_PREFIX_PATH} CMAKE_PREFIX_PATH=/home/kyrgios/ros2ws/install/robocon_interfaces PYTHONPATH=/home/kyrgios/ros2ws/build/robocon_camera/prefix_override:/usr/lib/python3/dist-packages/colcon_core/task/python/colcon_distutils_commands:/home/kyrgios/ros2ws/install/robocon_camera/lib/python3.10/site-packages:${PYTHONPATH} /usr/bin/python3 -W ignore:setup.py install is deprecated -W ignore:easy_install command is deprecated setup.py egg_info --egg-base ../../build/robocon_camera build --build-base /home/kyrgios/ros2ws/build/robocon_camera/build install --record /home/kyrgios/ros2ws/build/robocon_camera/install.log --single-version-externally-managed install_data
