[0.599s] Invoking command in '/home/kyrgios/ros2ws/src/py_pubsub': PYTHONPATH=/home/kyrgios/ros2ws/build/py_pubsub/prefix_override:/usr/lib/python3/dist-packages/colcon_core/task/python/colcon_distutils_commands:/home/kyrgios/ros2ws/install/py_pubsub/lib/python3.10/site-packages:${PYTHONPATH} /usr/bin/python3 -W ignore:setup.py install is deprecated -W ignore:easy_install command is deprecated setup.py egg_info --egg-base ../../build/py_pubsub build --build-base /home/kyrgios/ros2ws/build/py_pubsub/build install --record /home/kyrgios/ros2ws/build/py_pubsub/install.log --single-version-externally-managed install_data
[0.819s] running egg_info
[0.819s] writing ../../build/py_pubsub/py_pubsub.egg-info/PKG-INFO
[0.819s] writing dependency_links to ../../build/py_pubsub/py_pubsub.egg-info/dependency_links.txt
[0.819s] writing entry points to ../../build/py_pubsub/py_pubsub.egg-info/entry_points.txt
[0.820s] writing requirements to ../../build/py_pubsub/py_pubsub.egg-info/requires.txt
[0.820s] writing top-level names to ../../build/py_pubsub/py_pubsub.egg-info/top_level.txt
[0.821s] reading manifest file '../../build/py_pubsub/py_pubsub.egg-info/SOURCES.txt'
[0.821s] adding license file 'LICENSE'
[0.822s] writing manifest file '../../build/py_pubsub/py_pubsub.egg-info/SOURCES.txt'
[0.822s] running build
[0.822s] running build_py
[0.822s] running install
[0.823s] running install_lib
[0.824s] running install_data
[0.825s] running install_egg_info
[0.827s] removing '/home/kyrgios/ros2ws/install/py_pubsub/lib/python3.10/site-packages/py_pubsub-0.0.0-py3.10.egg-info' (and everything under it)
[0.828s] Copying ../../build/py_pubsub/py_pubsub.egg-info to /home/kyrgios/ros2ws/install/py_pubsub/lib/python3.10/site-packages/py_pubsub-0.0.0-py3.10.egg-info
[0.829s] running install_scripts
[0.851s] Installing listener script to /home/kyrgios/ros2ws/install/py_pubsub/lib/py_pubsub
[0.851s] Installing talker script to /home/kyrgios/ros2ws/install/py_pubsub/lib/py_pubsub
[0.851s] writing list of installed files to '/home/kyrgios/ros2ws/build/py_pubsub/install.log'
[0.881s] Invoked command in '/home/kyrgios/ros2ws/src/py_pubsub' returned '0': PYTHONPATH=/home/kyrgios/ros2ws/build/py_pubsub/prefix_override:/usr/lib/python3/dist-packages/colcon_core/task/python/colcon_distutils_commands:/home/kyrgios/ros2ws/install/py_pubsub/lib/python3.10/site-packages:${PYTHONPATH} /usr/bin/python3 -W ignore:setup.py install is deprecated -W ignore:easy_install command is deprecated setup.py egg_info --egg-base ../../build/py_pubsub build --build-base /home/kyrgios/ros2ws/build/py_pubsub/build install --record /home/kyrgios/ros2ws/build/py_pubsub/install.log --single-version-externally-managed install_data
