[0.009s] Invoking command in '/home/kyrgios/ros2ws/build/robocon_interfaces': CMAKE_PREFIX_PATH=${CMAKE_PREFIX_PATH}:/home/kyrgios/ros2ws/install/robocon_camera:/home/kyrgios/ros2ws/install/robocon_basics:/home/kyrgios/ros2ws/install/py_pubsub:/opt/ros/humble /usr/bin/cmake --build /home/kyrgios/ros2ws/build/robocon_interfaces -- -j12 -l12
[0.060s] -- Found ament_cmake: 1.3.12 (/opt/ros/humble/share/ament_cmake/cmake)
[0.166s] -- Found rclcpp: 16.0.16 (/opt/ros/humble/share/rclcpp/cmake)
[0.194s] -- Found rosidl_generator_c: 3.1.7 (/opt/ros/humble/share/rosidl_generator_c/cmake)
[0.196s] -- Found rosidl_adapter: 3.1.7 (/opt/ros/humble/share/rosidl_adapter/cmake)
[0.203s] -- Found rosidl_generator_cpp: 3.1.7 (/opt/ros/humble/share/rosidl_generator_cpp/cmake)
[0.211s] -- Using all available rosidl_typesupport_c: rosidl_typesupport_fastrtps_c;rosidl_typesupport_introspection_c
[0.222s] -- Using all available rosidl_typesupport_cpp: rosidl_typesupport_fastrtps_cpp;rosidl_typesupport_introspection_cpp
[0.252s] -- Found rmw_implementation_cmake: 6.1.2 (/opt/ros/humble/share/rmw_implementation_cmake/cmake)
[0.254s] -- Found rmw_fastrtps_cpp: 6.2.9 (/opt/ros/humble/share/rmw_fastrtps_cpp/cmake)
[0.344s] -- Using RMW implementation 'rmw_fastrtps_cpp' as default
[0.389s] -- Found rosidl_default_generators: 1.2.0 (/opt/ros/humble/share/rosidl_default_generators/cmake)
[0.396s] [31mCMake Error at CMakeLists.txt:14 (rosidl_default_generators):
[0.396s]   Unknown CMake command "rosidl_default_generators".
[0.396s] 
[0.396s] [0m
[0.396s] -- Configuring incomplete, errors occurred!
[0.396s] See also "/home/kyrgios/ros2ws/build/robocon_interfaces/CMakeFiles/CMakeOutput.log".
[0.401s] gmake: *** [Makefile:226: cmake_check_build_system] Error 1
[0.403s] Invoked command in '/home/kyrgios/ros2ws/build/robocon_interfaces' returned '2': CMAKE_PREFIX_PATH=${CMAKE_PREFIX_PATH}:/home/kyrgios/ros2ws/install/robocon_camera:/home/kyrgios/ros2ws/install/robocon_basics:/home/kyrgios/ros2ws/install/py_pubsub:/opt/ros/humble /usr/bin/cmake --build /home/kyrgios/ros2ws/build/robocon_interfaces -- -j12 -l12
