-- Found ament_cmake: 1.3.12 (/opt/ros/humble/share/ament_cmake/cmake)
-- Found rosidl_default_generators: 1.2.0 (/opt/ros/humble/share/rosidl_default_generators/cmake)
-- Using all available rosidl_typesupport_c: rosidl_typesupport_fastrtps_c;rosidl_typesupport_introspection_c
-- Found rosidl_adapter: 3.1.7 (/opt/ros/humble/share/rosidl_adapter/cmake)
-- Using all available rosidl_typesupport_cpp: rosidl_typesupport_fastrtps_cpp;rosidl_typesupport_introspection_cpp
-- Found ament_cmake_ros: 0.10.0 (/opt/ros/humble/share/ament_cmake_ros/cmake)
-- Using all available rosidl_typesupport_c: rosidl_typesupport_fastrtps_c;rosidl_typesupport_introspection_c
-- Using all available rosidl_typesupport_cpp: rosidl_typesupport_fastrtps_cpp;rosidl_typesupport_introspection_cpp
-- Found python_cmake_module: 0.10.0 (/opt/ros/humble/share/python_cmake_module/cmake)
-- Using PYTHON_EXECUTABLE: /usr/bin/python3
-- Using PYTHON_INCLUDE_DIRS: /usr/include/python3.10
-- Using PYTHON_LIBRARIES: /usr/lib/x86_64-linux-gnu/libpython3.10.so
-- Found ament_lint_auto: 0.12.14 (/opt/ros/humble/share/ament_lint_auto/cmake)
-- Added test 'lint_cmake' to check CMake code style
-- Added test 'xmllint' to check XML markup files
-- Configuring done
-- Generating done
-- Build files have been written to: /home/kyrgios/ros2ws/build/robocon_interfaces
[35m[1mConsolidate compiler generated dependencies of target robocon_interfaces__rosidl_generator_c[0m
[  3%] Built target robocon_interfaces__cpp
[ 12%] Built target robocon_interfaces__rosidl_generator_c
[ 12%] Built target ament_cmake_python_copy_robocon_interfaces
[35m[1mConsolidate compiler generated dependencies of target robocon_interfaces__rosidl_typesupport_introspection_cpp[0m
[35m[1mConsolidate compiler generated dependencies of target robocon_interfaces__rosidl_typesupport_cpp[0m
[35m[1mConsolidate compiler generated dependencies of target robocon_interfaces__rosidl_typesupport_fastrtps_cpp[0m
[35m[1mConsolidate compiler generated dependencies of target robocon_interfaces__rosidl_typesupport_c[0m
[35m[1mConsolidate compiler generated dependencies of target robocon_interfaces__rosidl_typesupport_introspection_c[0m
[35m[1mConsolidate compiler generated dependencies of target robocon_interfaces__rosidl_typesupport_fastrtps_c[0m
[ 22%] Built target robocon_interfaces__rosidl_typesupport_introspection_cpp
[ 32%] Built target robocon_interfaces__rosidl_typesupport_cpp
[ 41%] Built target robocon_interfaces__rosidl_typesupport_fastrtps_cpp
[ 61%] Built target robocon_interfaces__rosidl_typesupport_c
[ 61%] Built target robocon_interfaces__rosidl_typesupport_introspection_c
[ 70%] Built target robocon_interfaces__rosidl_typesupport_fastrtps_c
[ 70%] Built target robocon_interfaces
[ 74%] Built target robocon_interfaces__py
[35m[1mConsolidate compiler generated dependencies of target robocon_interfaces__rosidl_generator_py[0m
[ 80%] Built target robocon_interfaces__rosidl_generator_py
[35m[1mConsolidate compiler generated dependencies of target robocon_interfaces__rosidl_typesupport_fastrtps_c__pyext[0m
[35m[1mConsolidate compiler generated dependencies of target robocon_interfaces__rosidl_typesupport_c__pyext[0m
[35m[1mConsolidate compiler generated dependencies of target robocon_interfaces__rosidl_typesupport_introspection_c__pyext[0m
[ 90%] [32mBuilding C object CMakeFiles/robocon_interfaces__rosidl_typesupport_fastrtps_c__pyext.dir/rosidl_generator_py/robocon_interfaces/_robocon_interfaces_s.ep.rosidl_typesupport_fastrtps_c.c.o[0m
[ 90%] [32mBuilding C object CMakeFiles/robocon_interfaces__rosidl_typesupport_c__pyext.dir/rosidl_generator_py/robocon_interfaces/_robocon_interfaces_s.ep.rosidl_typesupport_c.c.o[0m
[ 90%] [32mBuilding C object CMakeFiles/robocon_interfaces__rosidl_typesupport_introspection_c__pyext.dir/rosidl_generator_py/robocon_interfaces/_robocon_interfaces_s.ep.rosidl_typesupport_introspection_c.c.o[0m
running egg_info
writing robocon_interfaces.egg-info/PKG-INFO
writing dependency_links to robocon_interfaces.egg-info/dependency_links.txt
writing top-level names to robocon_interfaces.egg-info/top_level.txt
reading manifest file 'robocon_interfaces.egg-info/SOURCES.txt'
writing manifest file 'robocon_interfaces.egg-info/SOURCES.txt'
[ 90%] Built target ament_cmake_python_build_robocon_interfaces_egg
