[0.013s] Invoking command in '/home/kyrgios/ros2ws/build/cpp_srvcli': CMAKE_PREFIX_PATH=${CMAKE_PREFIX_PATH}:/opt/ros/humble /usr/bin/cmake /home/kyrgios/ros2ws/src/cpp_srvcli -DCMAKE_EXPORT_COMPILE_COMMANDS=ON -DCMAKE_INSTALL_PREFIX=/home/kyrgios/ros2ws/install/cpp_srvcli
[0.093s] -- The C compiler identification is GNU 11.4.0
[0.166s] -- The CXX compiler identification is GNU 11.4.0
[0.175s] -- Detecting C compiler ABI info
[0.254s] -- Detecting C compiler ABI info - done
[0.259s] -- Check for working C compiler: /usr/bin/cc - skipped
[0.259s] -- Detecting C compile features
[0.260s] -- Detecting C compile features - done
[0.262s] -- Detecting CXX compiler ABI info
[0.338s] -- Detecting CXX compiler ABI info - done
[0.345s] -- Check for working CXX compiler: /usr/bin/c++ - skipped
[0.345s] -- Detecting CXX compile features
[0.346s] -- Detecting CXX compile features - done
[0.348s] -- Found ament_cmake: 1.3.12 (/opt/ros/humble/share/ament_cmake/cmake)
[0.484s] -- Found Python3: /usr/bin/python3 (found version "3.10.12") found components: Interpreter 
[0.562s] -- Found rclcpp: 16.0.16 (/opt/ros/humble/share/rclcpp/cmake)
[0.601s] -- Found rosidl_generator_c: 3.1.7 (/opt/ros/humble/share/rosidl_generator_c/cmake)
[0.605s] -- Found rosidl_adapter: 3.1.7 (/opt/ros/humble/share/rosidl_adapter/cmake)
[0.612s] -- Found rosidl_generator_cpp: 3.1.7 (/opt/ros/humble/share/rosidl_generator_cpp/cmake)
[0.621s] -- Using all available rosidl_typesupport_c: rosidl_typesupport_fastrtps_c;rosidl_typesupport_introspection_c
[0.636s] -- Using all available rosidl_typesupport_cpp: rosidl_typesupport_fastrtps_cpp;rosidl_typesupport_introspection_cpp
[0.668s] -- Found rmw_implementation_cmake: 6.1.2 (/opt/ros/humble/share/rmw_implementation_cmake/cmake)
[0.670s] -- Found rmw_fastrtps_cpp: 6.2.9 (/opt/ros/humble/share/rmw_fastrtps_cpp/cmake)
[0.754s] -- Found OpenSSL: /usr/lib/x86_64-linux-gnu/libcrypto.so (found version "3.0.2")  
[0.778s] -- Found FastRTPS: /opt/ros/humble/include  
[0.813s] -- Using RMW implementation 'rmw_fastrtps_cpp' as default
[0.820s] -- Looking for pthread.h
[0.897s] -- Looking for pthread.h - found
[0.897s] -- Performing Test CMAKE_HAVE_LIBC_PTHREAD
[0.973s] -- Performing Test CMAKE_HAVE_LIBC_PTHREAD - Success
[0.974s] -- Found Threads: TRUE  
[1.011s] -- Found example_interfaces: 0.9.3 (/opt/ros/humble/share/example_interfaces/cmake)
[1.044s] -- Found ament_lint_auto: 0.12.14 (/opt/ros/humble/share/ament_lint_auto/cmake)
[1.127s] -- Added test 'cppcheck' to perform static code analysis on C / C++ code
[1.127s] -- Configured cppcheck include dirs: 
[1.127s] -- Configured cppcheck exclude dirs and/or files: 
[1.127s] -- Added test 'lint_cmake' to check CMake code style
[1.128s] -- Added test 'uncrustify' to check C / C++ code style
[1.128s] -- Configured uncrustify additional arguments: 
[1.129s] -- Added test 'xmllint' to check XML markup files
[1.130s] -- Configuring done
[1.136s] -- Generating done
[1.137s] [33mCMake Warning:
[1.137s]   Manually-specified variables were not used by the project:
[1.137s] 
[1.137s]     CMAKE_EXPORT_COMPILE_COMMANDS
[1.137s] 
[1.137s] [0m
[1.138s] -- Build files have been written to: /home/kyrgios/ros2ws/build/cpp_srvcli
[1.149s] Invoked command in '/home/kyrgios/ros2ws/build/cpp_srvcli' returned '0': CMAKE_PREFIX_PATH=${CMAKE_PREFIX_PATH}:/opt/ros/humble /usr/bin/cmake /home/kyrgios/ros2ws/src/cpp_srvcli -DCMAKE_EXPORT_COMPILE_COMMANDS=ON -DCMAKE_INSTALL_PREFIX=/home/kyrgios/ros2ws/install/cpp_srvcli
[1.151s] Invoking command in '/home/kyrgios/ros2ws/build/cpp_srvcli': CMAKE_PREFIX_PATH=${CMAKE_PREFIX_PATH}:/opt/ros/humble /usr/bin/cmake --build /home/kyrgios/ros2ws/build/cpp_srvcli -- -j12 -l12
[1.194s] Invoked command in '/home/kyrgios/ros2ws/build/cpp_srvcli' returned '0': CMAKE_PREFIX_PATH=${CMAKE_PREFIX_PATH}:/opt/ros/humble /usr/bin/cmake --build /home/kyrgios/ros2ws/build/cpp_srvcli -- -j12 -l12
[1.205s] Invoking command in '/home/kyrgios/ros2ws/build/cpp_srvcli': CMAKE_PREFIX_PATH=${CMAKE_PREFIX_PATH}:/opt/ros/humble /usr/bin/cmake --install /home/kyrgios/ros2ws/build/cpp_srvcli
[1.211s] -- Install configuration: ""
[1.212s] -- Installing: /home/kyrgios/ros2ws/install/cpp_srvcli/share/ament_index/resource_index/package_run_dependencies/cpp_srvcli
[1.212s] -- Installing: /home/kyrgios/ros2ws/install/cpp_srvcli/share/ament_index/resource_index/parent_prefix_path/cpp_srvcli
[1.212s] -- Installing: /home/kyrgios/ros2ws/install/cpp_srvcli/share/cpp_srvcli/environment/ament_prefix_path.sh
[1.212s] -- Installing: /home/kyrgios/ros2ws/install/cpp_srvcli/share/cpp_srvcli/environment/ament_prefix_path.dsv
[1.212s] -- Installing: /home/kyrgios/ros2ws/install/cpp_srvcli/share/cpp_srvcli/environment/path.sh
[1.212s] -- Installing: /home/kyrgios/ros2ws/install/cpp_srvcli/share/cpp_srvcli/environment/path.dsv
[1.212s] -- Installing: /home/kyrgios/ros2ws/install/cpp_srvcli/share/cpp_srvcli/local_setup.bash
[1.213s] -- Installing: /home/kyrgios/ros2ws/install/cpp_srvcli/share/cpp_srvcli/local_setup.sh
[1.213s] -- Installing: /home/kyrgios/ros2ws/install/cpp_srvcli/share/cpp_srvcli/local_setup.zsh
[1.213s] -- Installing: /home/kyrgios/ros2ws/install/cpp_srvcli/share/cpp_srvcli/local_setup.dsv
[1.213s] -- Installing: /home/kyrgios/ros2ws/install/cpp_srvcli/share/cpp_srvcli/package.dsv
[1.213s] -- Installing: /home/kyrgios/ros2ws/install/cpp_srvcli/share/ament_index/resource_index/packages/cpp_srvcli
[1.213s] -- Installing: /home/kyrgios/ros2ws/install/cpp_srvcli/share/cpp_srvcli/cmake/cpp_srvcliConfig.cmake
[1.214s] -- Installing: /home/kyrgios/ros2ws/install/cpp_srvcli/share/cpp_srvcli/cmake/cpp_srvcliConfig-version.cmake
[1.214s] -- Installing: /home/kyrgios/ros2ws/install/cpp_srvcli/share/cpp_srvcli/package.xml
[1.216s] Invoked command in '/home/kyrgios/ros2ws/build/cpp_srvcli' returned '0': CMAKE_PREFIX_PATH=${CMAKE_PREFIX_PATH}:/opt/ros/humble /usr/bin/cmake --install /home/kyrgios/ros2ws/build/cpp_srvcli
