[0.021s] Invoking command in '/home/kyrgios/ros2ws/build/cpp_pubsub': CMAKE_PREFIX_PATH=${CMAKE_PREFIX_PATH}:/opt/ros/humble /usr/bin/cmake /home/kyrgios/ros2ws/src/cpp_pubsub -DAMENT_CMAKE_SYMLINK_INSTALL=1 -DCMAKE_INSTALL_PREFIX=/home/kyrgios/ros2ws/install/cpp_pubsub
[0.039s] -- Found ament_cmake: 1.3.12 (/opt/ros/humble/share/ament_cmake/cmake)
[0.195s] -- Override CMake install command with custom implementation using symlinks instead of copying resources
[0.203s] -- Found rclcpp: 16.0.16 (/opt/ros/humble/share/rclcpp/cmake)
[0.239s] -- Found rosidl_generator_c: 3.1.7 (/opt/ros/humble/share/rosidl_generator_c/cmake)
[0.243s] -- Found rosidl_adapter: 3.1.7 (/opt/ros/humble/share/rosidl_adapter/cmake)
[0.249s] -- Found rosidl_generator_cpp: 3.1.7 (/opt/ros/humble/share/rosidl_generator_cpp/cmake)
[0.260s] -- Using all available rosidl_typesupport_c: rosidl_typesupport_fastrtps_c;rosidl_typesupport_introspection_c
[0.273s] -- Using all available rosidl_typesupport_cpp: rosidl_typesupport_fastrtps_cpp;rosidl_typesupport_introspection_cpp
[0.305s] -- Found rmw_implementation_cmake: 6.1.2 (/opt/ros/humble/share/rmw_implementation_cmake/cmake)
[0.306s] -- Found rmw_fastrtps_cpp: 6.2.9 (/opt/ros/humble/share/rmw_fastrtps_cpp/cmake)
[0.399s] -- Using RMW implementation 'rmw_fastrtps_cpp' as default
[0.442s] -- Found ament_lint_auto: 0.12.14 (/opt/ros/humble/share/ament_lint_auto/cmake)
[0.534s] -- Added test 'cppcheck' to perform static code analysis on C / C++ code
[0.534s] -- Configured cppcheck include dirs: 
[0.534s] -- Configured cppcheck exclude dirs and/or files: 
[0.535s] -- Added test 'lint_cmake' to check CMake code style
[0.536s] -- Added test 'uncrustify' to check C / C++ code style
[0.536s] -- Configured uncrustify additional arguments: 
[0.536s] -- Added test 'xmllint' to check XML markup files
[0.537s] -- Configuring done
[0.548s] -- Generating done
[0.551s] -- Build files have been written to: /home/kyrgios/ros2ws/build/cpp_pubsub
[0.558s] Invoked command in '/home/kyrgios/ros2ws/build/cpp_pubsub' returned '0': CMAKE_PREFIX_PATH=${CMAKE_PREFIX_PATH}:/opt/ros/humble /usr/bin/cmake /home/kyrgios/ros2ws/src/cpp_pubsub -DAMENT_CMAKE_SYMLINK_INSTALL=1 -DCMAKE_INSTALL_PREFIX=/home/kyrgios/ros2ws/install/cpp_pubsub
[0.560s] Invoking command in '/home/kyrgios/ros2ws/build/cpp_pubsub': CMAKE_PREFIX_PATH=${CMAKE_PREFIX_PATH}:/opt/ros/humble /usr/bin/cmake --build /home/kyrgios/ros2ws/build/cpp_pubsub -- -j12 -l12
[0.599s] [35m[1mConsolidate compiler generated dependencies of target listener[0m
[0.599s] [35m[1mConsolidate compiler generated dependencies of target talker[0m
[0.617s] [ 50%] [32m[1mLinking CXX executable listener[0m
[0.617s] [ 50%] [32m[1mLinking CXX executable talker[0m
[0.807s] [ 75%] Built target talker
[0.933s] [100%] Built target listener
[0.945s] Invoked command in '/home/kyrgios/ros2ws/build/cpp_pubsub' returned '0': CMAKE_PREFIX_PATH=${CMAKE_PREFIX_PATH}:/opt/ros/humble /usr/bin/cmake --build /home/kyrgios/ros2ws/build/cpp_pubsub -- -j12 -l12
[0.954s] Invoking command in '/home/kyrgios/ros2ws/build/cpp_pubsub': CMAKE_PREFIX_PATH=${CMAKE_PREFIX_PATH}:/opt/ros/humble /usr/bin/cmake --install /home/kyrgios/ros2ws/build/cpp_pubsub
[0.961s] -- Install configuration: ""
[0.962s] -- Execute custom install script
[0.962s] -- Symlinking: /home/kyrgios/ros2ws/install/cpp_pubsub/lib/cpp_pubsub/talker
[0.970s] -- Symlinking: /home/kyrgios/ros2ws/install/cpp_pubsub/lib/cpp_pubsub/listener
[0.978s] -- Symlinking: /home/kyrgios/ros2ws/install/cpp_pubsub/share/ament_index/resource_index/package_run_dependencies/cpp_pubsub
[0.986s] -- Symlinking: /home/kyrgios/ros2ws/install/cpp_pubsub/share/ament_index/resource_index/parent_prefix_path/cpp_pubsub
[0.994s] -- Symlinking: /home/kyrgios/ros2ws/install/cpp_pubsub/share/cpp_pubsub/environment/ament_prefix_path.sh
[1.003s] -- Symlinking: /home/kyrgios/ros2ws/install/cpp_pubsub/share/cpp_pubsub/environment/ament_prefix_path.dsv
[1.011s] -- Symlinking: /home/kyrgios/ros2ws/install/cpp_pubsub/share/cpp_pubsub/environment/path.sh
[1.019s] -- Symlinking: /home/kyrgios/ros2ws/install/cpp_pubsub/share/cpp_pubsub/environment/path.dsv
[1.030s] -- Symlinking: /home/kyrgios/ros2ws/install/cpp_pubsub/share/cpp_pubsub/local_setup.bash
[1.039s] -- Symlinking: /home/kyrgios/ros2ws/install/cpp_pubsub/share/cpp_pubsub/local_setup.sh
[1.047s] -- Symlinking: /home/kyrgios/ros2ws/install/cpp_pubsub/share/cpp_pubsub/local_setup.zsh
[1.056s] -- Symlinking: /home/kyrgios/ros2ws/install/cpp_pubsub/share/cpp_pubsub/local_setup.dsv
[1.064s] -- Symlinking: /home/kyrgios/ros2ws/install/cpp_pubsub/share/cpp_pubsub/package.dsv
[1.072s] -- Symlinking: /home/kyrgios/ros2ws/install/cpp_pubsub/share/ament_index/resource_index/packages/cpp_pubsub
[1.079s] -- Symlinking: /home/kyrgios/ros2ws/install/cpp_pubsub/share/cpp_pubsub/cmake/cpp_pubsubConfig.cmake
[1.087s] -- Symlinking: /home/kyrgios/ros2ws/install/cpp_pubsub/share/cpp_pubsub/cmake/cpp_pubsubConfig-version.cmake
[1.096s] -- Symlinking: /home/kyrgios/ros2ws/install/cpp_pubsub/share/cpp_pubsub/package.xml
[1.107s] Invoked command in '/home/kyrgios/ros2ws/build/cpp_pubsub' returned '0': CMAKE_PREFIX_PATH=${CMAKE_PREFIX_PATH}:/opt/ros/humble /usr/bin/cmake --install /home/kyrgios/ros2ws/build/cpp_pubsub
