[0.013s] Invoking command in '/home/kyrgios/ros2ws/build/cpp_srvcli': CMAKE_PREFIX_PATH=${CMAKE_PREFIX_PATH}:/opt/ros/humble /usr/bin/cmake --build /home/kyrgios/ros2ws/build/cpp_srvcli -- -j12 -l12
[0.050s] -- Found ament_cmake: 1.3.12 (/opt/ros/humble/share/ament_cmake/cmake)
[0.195s] -- Found rclcpp: 16.0.16 (/opt/ros/humble/share/rclcpp/cmake)
[0.229s] -- Found rosidl_generator_c: 3.1.7 (/opt/ros/humble/share/rosidl_generator_c/cmake)
[0.231s] -- Found rosidl_adapter: 3.1.7 (/opt/ros/humble/share/rosidl_adapter/cmake)
[0.236s] -- Found rosidl_generator_cpp: 3.1.7 (/opt/ros/humble/share/rosidl_generator_cpp/cmake)
[0.245s] -- Using all available rosidl_typesupport_c: rosidl_typesupport_fastrtps_c;rosidl_typesupport_introspection_c
[0.258s] -- Using all available rosidl_typesupport_cpp: rosidl_typesupport_fastrtps_cpp;rosidl_typesupport_introspection_cpp
[0.293s] -- Found rmw_implementation_cmake: 6.1.2 (/opt/ros/humble/share/rmw_implementation_cmake/cmake)
[0.295s] -- Found rmw_fastrtps_cpp: 6.2.9 (/opt/ros/humble/share/rmw_fastrtps_cpp/cmake)
[0.407s] -- Using RMW implementation 'rmw_fastrtps_cpp' as default
[0.449s] -- Found example_interfaces: 0.9.3 (/opt/ros/humble/share/example_interfaces/cmake)
[0.477s] -- Found ament_lint_auto: 0.12.14 (/opt/ros/humble/share/ament_lint_auto/cmake)
[0.569s] -- Added test 'cppcheck' to perform static code analysis on C / C++ code
[0.569s] -- Configured cppcheck include dirs: 
[0.570s] -- Configured cppcheck exclude dirs and/or files: 
[0.570s] -- Added test 'lint_cmake' to check CMake code style
[0.571s] -- Added test 'uncrustify' to check C / C++ code style
[0.571s] -- Configured uncrustify additional arguments: 
[0.571s] -- Added test 'xmllint' to check XML markup files
[0.572s] -- Configuring done
[0.583s] -- Generating done
[0.587s] -- Build files have been written to: /home/kyrgios/ros2ws/build/cpp_srvcli
[0.616s] [35m[1mConsolidate compiler generated dependencies of target server[0m
[0.627s] [ 25%] [32mBuilding CXX object CMakeFiles/client.dir/src/add_two_ints_client.cpp.o[0m
[0.639s] [ 50%] [32mBuilding CXX object CMakeFiles/server.dir/src/add_two_ints_server.cpp.o[0m
[3.192s] [ 75%] [32m[1mLinking CXX executable client[0m
[3.298s] /usr/bin/ld: /usr/lib/gcc/x86_64-linux-gnu/11/../../../x86_64-linux-gnu/Scrt1.o: in function `_start':
[3.298s] (.text+0x1b): undefined reference to `main'
[3.303s] collect2: error: ld returned 1 exit status
[3.305s] gmake[2]: *** [CMakeFiles/client.dir/build.make:175: client] Error 1
[3.305s] gmake[1]: *** [CMakeFiles/Makefile2:165: CMakeFiles/client.dir/all] Error 2
[3.305s] gmake[1]: *** Waiting for unfinished jobs....
[3.746s] [100%] [32m[1mLinking CXX executable server[0m
[3.897s] [100%] Built target server
[3.899s] gmake: *** [Makefile:146: all] Error 2
[3.901s] Invoked command in '/home/kyrgios/ros2ws/build/cpp_srvcli' returned '2': CMAKE_PREFIX_PATH=${CMAKE_PREFIX_PATH}:/opt/ros/humble /usr/bin/cmake --build /home/kyrgios/ros2ws/build/cpp_srvcli -- -j12 -l12
